---------------------------------------------------------------

[2023-02-28T10:04:37+08:00] ::1 GET localhost:8080/admin/index/index.html
[运行时间：0.257892s] [吞吐率：3.88req/s] [内存消耗：1,313.84kb] [文件加载：173]
[ info ] [ LANG ] /Applications/phpstudy/coyotehttpch/thinkphp/lang/zh-cn.php
[ info ] [ ROUTE ] array (
)
[ info ] [ HEADER ] array (
  'cookie' => 'city=null; Hm_lpvt_a8f67055341f98053f02a1eb4e55382a=1627962011; Token=eyJ0eXAiOiJKV1QiLCJhbGciOiJIUzI1NiJ9.eyJpc3MiOiJ3d3cuaml1bmlkdS5jb20iLCJhdWQiOiJsb2NhbGhvc3Q6OTUyOCIsImlhdCI6MTYzMTg5MDQyNCwiZXhwIjoxNjMxODk3NjI0LCJhaWQiOjUzMywidWlkIjoxLCJpZGUiOiIiLCJqdGkiOiI5ZjE2MzU3ZTdmYjcyMmE4MWFkM2QxOTA5ZDU3ODVkYSIsImV4dCI6W119.tXEK19aNR6aY3ZQySSJSHP2_tHmNY7gRmQjia1Yxx3E; ACCESS_TOKEN=4291d7da9005377ec9aec4a71ea837f; vue_admin_template_token=eyJ0eXAiOiJKV1QiLCJhbGciOiJIUzI1NiJ9.eyJpc3MiOiJodHRwczpcL1wvd3d3LmppdW5pZHUuY29tIiwiYXVkIjoiaHR0cHM6XC9cL3N0b3JlLmppdW5pZHUuY29tIiwiaWF0IjoxNjM5NzExOTQ3LCJleHAiOjE2Mzk3MTU1NDcsImFpZCI6NDcsInVpZCI6MSwiaWRlIjoiIiwianRpIjoiNmUwN2E0ZWQ3ZTM2ODkyOWI2YmFmZDFhMTAyNGRkZDAifQ.OzdgvbF_O_dFBj6-1_gs6ts3MqEBXqo-jFsd_GywDXg; Admin-Token=admin-token; userid=1; token=ceshitoken; Idea-14db8b9e=fc44bba6-1711-4667-b839-b4754c1518d0; Idea-b43838f8=883bcbff-0fca-49f0-84bf-84b2b15edc29; Admin-Phone=undefined; sidebarStatus=0; JSESSIONID=434BA564AE216164827E3818AA9BC26F; PHPSESSID=go8a5simsiraol8o3nf81enpjs',
  'accept-language' => 'zh-CN,zh;q=0.9',
  'accept-encoding' => 'gzip, deflate, br',
  'sec-fetch-dest' => 'document',
  'sec-fetch-user' => '?1',
  'sec-fetch-mode' => 'navigate',
  'sec-fetch-site' => 'none',
  'accept' => 'text/html,application/xhtml+xml,application/xml;q=0.9,image/avif,image/webp,image/apng,*/*;q=0.8,application/signed-exchange;v=b3;q=0.9',
  'user-agent' => 'Mozilla/5.0 (Macintosh; Intel Mac OS X 10_13_6) AppleWebKit/537.36 (KHTML, like Gecko) Chrome/109.0.0.0 Safari/537.36',
  'upgrade-insecure-requests' => '1',
  'sec-ch-ua-platform' => '"macOS"',
  'sec-ch-ua-mobile' => '?0',
  'sec-ch-ua' => '"Not_A Brand";v="99", "Google Chrome";v="109", "Chromium";v="109"',
  'cache-control' => 'max-age=0',
  'connection' => 'close',
  'host' => 'localhost:8080',
)
[ info ] [ PARAM ] array (
  '/admin/index/index_html' => '',
)
[ info ] [ DB ] INIT mysql
[ info ] [ VIEW ] /Applications/phpstudy/coyotehttpch/application/admin/view/index/index.html [ array (
  0 => 'userInfo',
  1 => 'SUBMENU_CONFIG',
) ]
[ sql ] [ DB ] CONNECT:[ UseTime:0.004561s ] mysql:host=127.0.0.1;dbname=kyd_web_zhongwan;charset=utf8
[ sql ] [ SQL ] SHOW COLUMNS FROM `yzn_admin` [ RunTime:0.022633s ]
[ sql ] [ SQL ] SELECT * FROM `yzn_admin` WHERE  `id` = 1 LIMIT 1 [ RunTime:0.006045s ]
[ sql ] [ SQL ] SHOW COLUMNS FROM `yzn_menu` [ RunTime:0.001980s ]
[ sql ] [ SQL ] SELECT * FROM `yzn_menu` WHERE  `parentid` = 0  AND `status` = 1 ORDER BY `listorder` ASC,`id` ASC [ RunTime:0.003248s ]
[ sql ] [ SQL ] SELECT * FROM `yzn_menu` WHERE  `parentid` = 55  AND `status` = 1 ORDER BY `listorder` ASC,`id` ASC [ RunTime:0.000561s ]
[ sql ] [ SQL ] SELECT * FROM `yzn_menu` WHERE  `parentid` = 75  AND `status` = 1 ORDER BY `listorder` ASC,`id` ASC [ RunTime:0.000634s ]
[ sql ] [ SQL ] SELECT * FROM `yzn_menu` WHERE  `parentid` = 76  AND `status` = 1 ORDER BY `listorder` ASC,`id` ASC [ RunTime:0.000441s ]
[ sql ] [ SQL ] SELECT * FROM `yzn_menu` WHERE  `parentid` = 77  AND `status` = 1 ORDER BY `listorder` ASC,`id` ASC [ RunTime:0.000492s ]
[ sql ] [ SQL ] SELECT * FROM `yzn_menu` WHERE  `parentid` = 84  AND `status` = 1 ORDER BY `listorder` ASC,`id` ASC [ RunTime:0.000520s ]
[ sql ] [ SQL ] SELECT * FROM `yzn_menu` WHERE  `parentid` = 23  AND `status` = 1 ORDER BY `listorder` ASC,`id` ASC [ RunTime:0.000442s ]
[ sql ] [ SQL ] SELECT * FROM `yzn_menu` WHERE  `parentid` = 32  AND `status` = 1 ORDER BY `listorder` ASC,`id` ASC [ RunTime:0.000432s ]
[ sql ] [ SQL ] SELECT * FROM `yzn_menu` WHERE  `parentid` = 33  AND `status` = 1 ORDER BY `listorder` ASC,`id` ASC [ RunTime:0.000348s ]
[ sql ] [ SQL ] SELECT * FROM `yzn_menu` WHERE  `parentid` = 37  AND `status` = 1 ORDER BY `listorder` ASC,`id` ASC [ RunTime:0.000403s ]
[ sql ] [ SQL ] SELECT * FROM `yzn_menu` WHERE  `parentid` = 3  AND `status` = 1 ORDER BY `listorder` ASC,`id` ASC [ RunTime:0.000443s ]
[ sql ] [ SQL ] SELECT * FROM `yzn_menu` WHERE  `parentid` = 10  AND `status` = 1 ORDER BY `listorder` ASC,`id` ASC [ RunTime:0.000476s ]
[ sql ] [ SQL ] SELECT * FROM `yzn_menu` WHERE  `parentid` = 11  AND `status` = 1 ORDER BY `listorder` ASC,`id` ASC [ RunTime:0.000434s ]
[ sql ] [ SQL ] SELECT * FROM `yzn_menu` WHERE  `parentid` = 27  AND `status` = 1 ORDER BY `listorder` ASC,`id` ASC [ RunTime:0.000528s ]
[ sql ] [ SQL ] SELECT * FROM `yzn_menu` WHERE  `parentid` = 24  AND `status` = 1 ORDER BY `listorder` ASC,`id` ASC [ RunTime:0.000397s ]
[ sql ] [ SQL ] SELECT * FROM `yzn_menu` WHERE  `parentid` = 25  AND `status` = 1 ORDER BY `listorder` ASC,`id` ASC [ RunTime:0.000453s ]
[ sql ] [ SQL ] SELECT * FROM `yzn_menu` WHERE  `parentid` = 26  AND `status` = 1 ORDER BY `listorder` ASC,`id` ASC [ RunTime:0.000356s ]
[ sql ] [ SQL ] SELECT * FROM `yzn_menu` WHERE  `parentid` = 13  AND `status` = 1 ORDER BY `listorder` ASC,`id` ASC [ RunTime:0.000415s ]
[ sql ] [ SQL ] SELECT * FROM `yzn_menu` WHERE  `parentid` = 14  AND `status` = 1 ORDER BY `listorder` ASC,`id` ASC [ RunTime:0.000485s ]
[ sql ] [ SQL ] SELECT * FROM `yzn_menu` WHERE  `parentid` = 28  AND `status` = 1 ORDER BY `listorder` ASC,`id` ASC [ RunTime:0.000380s ]
[ sql ] [ SQL ] SELECT * FROM `yzn_menu` WHERE  `parentid` = 29  AND `status` = 1 ORDER BY `listorder` ASC,`id` ASC [ RunTime:0.000355s ]
[ sql ] [ SQL ] SELECT * FROM `yzn_menu` WHERE  `parentid` = 30  AND `status` = 1 ORDER BY `listorder` ASC,`id` ASC [ RunTime:0.000406s ]
[ sql ] [ SQL ] SELECT * FROM `yzn_menu` WHERE  `parentid` = 31  AND `status` = 1 ORDER BY `listorder` ASC,`id` ASC [ RunTime:0.000592s ]
[ sql ] [ SQL ] SELECT * FROM `yzn_menu` WHERE  `parentid` = 15  AND `status` = 1 ORDER BY `listorder` ASC,`id` ASC [ RunTime:0.000379s ]
[ sql ] [ SQL ] SELECT * FROM `yzn_menu` WHERE  `parentid` = 16  AND `status` = 1 ORDER BY `listorder` ASC,`id` ASC [ RunTime:0.000425s ]
[ sql ] [ SQL ] SELECT * FROM `yzn_menu` WHERE  `parentid` = 18  AND `status` = 1 ORDER BY `listorder` ASC,`id` ASC [ RunTime:0.000467s ]
[ sql ] [ SQL ] SELECT * FROM `yzn_menu` WHERE  `parentid` = 19  AND `status` = 1 ORDER BY `listorder` ASC,`id` ASC [ RunTime:0.000367s ]
[ sql ] [ SQL ] SELECT * FROM `yzn_menu` WHERE  `parentid` = 21  AND `status` = 1 ORDER BY `listorder` ASC,`id` ASC [ RunTime:0.000366s ]
[ sql ] [ SQL ] SELECT * FROM `yzn_menu` WHERE  `parentid` = 17  AND `status` = 1 ORDER BY `listorder` ASC,`id` ASC [ RunTime:0.000508s ]
[ sql ] [ SQL ] SELECT * FROM `yzn_menu` WHERE  `parentid` = 22  AND `status` = 1 ORDER BY `listorder` ASC,`id` ASC [ RunTime:0.000338s ]
[ sql ] [ SQL ] SELECT * FROM `yzn_menu` WHERE  `parentid` = 48  AND `status` = 1 ORDER BY `listorder` ASC,`id` ASC [ RunTime:0.000437s ]
[ sql ] [ SQL ] SELECT * FROM `yzn_menu` WHERE  `parentid` = 49  AND `status` = 1 ORDER BY `listorder` ASC,`id` ASC [ RunTime:0.000339s ]
[ sql ] [ SQL ] SELECT * FROM `yzn_menu` WHERE  `parentid` = 50  AND `status` = 1 ORDER BY `listorder` ASC,`id` ASC [ RunTime:0.000311s ]
[ sql ] [ SQL ] SELECT * FROM `yzn_menu` WHERE  `parentid` = 51  AND `status` = 1 ORDER BY `listorder` ASC,`id` ASC [ RunTime:0.000308s ]
[ sql ] [ SQL ] SELECT * FROM `yzn_menu` WHERE  `parentid` = 20  AND `status` = 1 ORDER BY `listorder` ASC,`id` ASC [ RunTime:0.000343s ]
[ sql ] [ SQL ] SELECT * FROM `yzn_menu` WHERE  `parentid` = 12  AND `status` = 1 ORDER BY `listorder` ASC,`id` ASC [ RunTime:0.000313s ]
---------------------------------------------------------------

[2023-02-28T10:04:37+08:00] ::1 GET localhost:8080/cms/cms/index/menuid/57.html
[运行时间：0.019304s] [吞吐率：51.80req/s] [内存消耗：902.14kb] [文件加载：170]
[ info ] [ LANG ] /Applications/phpstudy/coyotehttpch/thinkphp/lang/zh-cn.php
[ info ] [ ROUTE ] array (
)
[ info ] [ HEADER ] array (
  'cookie' => 'city=null; Hm_lpvt_a8f67055341f98053f02a1eb4e55382a=1627962011; Token=eyJ0eXAiOiJKV1QiLCJhbGciOiJIUzI1NiJ9.eyJpc3MiOiJ3d3cuaml1bmlkdS5jb20iLCJhdWQiOiJsb2NhbGhvc3Q6OTUyOCIsImlhdCI6MTYzMTg5MDQyNCwiZXhwIjoxNjMxODk3NjI0LCJhaWQiOjUzMywidWlkIjoxLCJpZGUiOiIiLCJqdGkiOiI5ZjE2MzU3ZTdmYjcyMmE4MWFkM2QxOTA5ZDU3ODVkYSIsImV4dCI6W119.tXEK19aNR6aY3ZQySSJSHP2_tHmNY7gRmQjia1Yxx3E; ACCESS_TOKEN=4291d7da9005377ec9aec4a71ea837f; vue_admin_template_token=eyJ0eXAiOiJKV1QiLCJhbGciOiJIUzI1NiJ9.eyJpc3MiOiJodHRwczpcL1wvd3d3LmppdW5pZHUuY29tIiwiYXVkIjoiaHR0cHM6XC9cL3N0b3JlLmppdW5pZHUuY29tIiwiaWF0IjoxNjM5NzExOTQ3LCJleHAiOjE2Mzk3MTU1NDcsImFpZCI6NDcsInVpZCI6MSwiaWRlIjoiIiwianRpIjoiNmUwN2E0ZWQ3ZTM2ODkyOWI2YmFmZDFhMTAyNGRkZDAifQ.OzdgvbF_O_dFBj6-1_gs6ts3MqEBXqo-jFsd_GywDXg; Admin-Token=admin-token; userid=1; token=ceshitoken; Idea-14db8b9e=fc44bba6-1711-4667-b839-b4754c1518d0; Idea-b43838f8=883bcbff-0fca-49f0-84bf-84b2b15edc29; Admin-Phone=undefined; sidebarStatus=0; JSESSIONID=434BA564AE216164827E3818AA9BC26F; PHPSESSID=go8a5simsiraol8o3nf81enpjs',
  'accept-language' => 'zh-CN,zh;q=0.9',
  'accept-encoding' => 'gzip, deflate, br',
  'referer' => 'http://localhost:8080/admin/index/index.html',
  'sec-fetch-dest' => 'iframe',
  'sec-fetch-mode' => 'navigate',
  'sec-fetch-site' => 'same-origin',
  'accept' => 'text/html,application/xhtml+xml,application/xml;q=0.9,image/avif,image/webp,image/apng,*/*;q=0.8,application/signed-exchange;v=b3;q=0.9',
  'user-agent' => 'Mozilla/5.0 (Macintosh; Intel Mac OS X 10_13_6) AppleWebKit/537.36 (KHTML, like Gecko) Chrome/109.0.0.0 Safari/537.36',
  'upgrade-insecure-requests' => '1',
  'sec-ch-ua-platform' => '"macOS"',
  'sec-ch-ua-mobile' => '?0',
  'sec-ch-ua' => '"Not_A Brand";v="99", "Google Chrome";v="109", "Chromium";v="109"',
  'connection' => 'close',
  'host' => 'localhost:8080',
)
[ info ] [ PARAM ] array (
  '/cms/cms/index/menuid/57_html' => '',
  'menuid' => '57',
)
[ info ] [ DB ] INIT mysql
[ info ] [ VIEW ] /Applications/phpstudy/coyotehttpch/application/cms/view/cms/index.html [ array (
) ]
[ sql ] [ DB ] CONNECT:[ UseTime:0.000596s ] mysql:host=127.0.0.1;dbname=kyd_web_zhongwan;charset=utf8
[ sql ] [ SQL ] SHOW COLUMNS FROM `yzn_admin` [ RunTime:0.002059s ]
[ sql ] [ SQL ] SELECT * FROM `yzn_admin` WHERE  `id` = 1 LIMIT 1 [ RunTime:0.000444s ]
---------------------------------------------------------------

[2023-02-28T10:04:37+08:00] ::1 GET localhost:8080/cms/cms/public_categorys.html
[运行时间：0.012113s] [吞吐率：82.56req/s] [内存消耗：962.46kb] [文件加载：170]
[ info ] [ LANG ] /Applications/phpstudy/coyotehttpch/thinkphp/lang/zh-cn.php
[ info ] [ ROUTE ] array (
)
[ info ] [ HEADER ] array (
  'cookie' => 'city=null; Hm_lpvt_a8f67055341f98053f02a1eb4e55382a=1627962011; Token=eyJ0eXAiOiJKV1QiLCJhbGciOiJIUzI1NiJ9.eyJpc3MiOiJ3d3cuaml1bmlkdS5jb20iLCJhdWQiOiJsb2NhbGhvc3Q6OTUyOCIsImlhdCI6MTYzMTg5MDQyNCwiZXhwIjoxNjMxODk3NjI0LCJhaWQiOjUzMywidWlkIjoxLCJpZGUiOiIiLCJqdGkiOiI5ZjE2MzU3ZTdmYjcyMmE4MWFkM2QxOTA5ZDU3ODVkYSIsImV4dCI6W119.tXEK19aNR6aY3ZQySSJSHP2_tHmNY7gRmQjia1Yxx3E; ACCESS_TOKEN=4291d7da9005377ec9aec4a71ea837f; vue_admin_template_token=eyJ0eXAiOiJKV1QiLCJhbGciOiJIUzI1NiJ9.eyJpc3MiOiJodHRwczpcL1wvd3d3LmppdW5pZHUuY29tIiwiYXVkIjoiaHR0cHM6XC9cL3N0b3JlLmppdW5pZHUuY29tIiwiaWF0IjoxNjM5NzExOTQ3LCJleHAiOjE2Mzk3MTU1NDcsImFpZCI6NDcsInVpZCI6MSwiaWRlIjoiIiwianRpIjoiNmUwN2E0ZWQ3ZTM2ODkyOWI2YmFmZDFhMTAyNGRkZDAifQ.OzdgvbF_O_dFBj6-1_gs6ts3MqEBXqo-jFsd_GywDXg; Admin-Token=admin-token; userid=1; token=ceshitoken; Idea-14db8b9e=fc44bba6-1711-4667-b839-b4754c1518d0; Idea-b43838f8=883bcbff-0fca-49f0-84bf-84b2b15edc29; Admin-Phone=undefined; sidebarStatus=0; JSESSIONID=434BA564AE216164827E3818AA9BC26F; PHPSESSID=go8a5simsiraol8o3nf81enpjs',
  'accept-language' => 'zh-CN,zh;q=0.9',
  'accept-encoding' => 'gzip, deflate, br',
  'referer' => 'http://localhost:8080/cms/cms/index/menuid/57.html',
  'sec-fetch-dest' => 'iframe',
  'sec-fetch-mode' => 'navigate',
  'sec-fetch-site' => 'same-origin',
  'accept' => 'text/html,application/xhtml+xml,application/xml;q=0.9,image/avif,image/webp,image/apng,*/*;q=0.8,application/signed-exchange;v=b3;q=0.9',
  'user-agent' => 'Mozilla/5.0 (Macintosh; Intel Mac OS X 10_13_6) AppleWebKit/537.36 (KHTML, like Gecko) Chrome/109.0.0.0 Safari/537.36',
  'upgrade-insecure-requests' => '1',
  'sec-ch-ua-platform' => '"macOS"',
  'sec-ch-ua-mobile' => '?0',
  'sec-ch-ua' => '"Not_A Brand";v="99", "Google Chrome";v="109", "Chromium";v="109"',
  'connection' => 'close',
  'host' => 'localhost:8080',
)
[ info ] [ PARAM ] array (
  '/cms/cms/public_categorys_html' => '',
)
[ info ] [ DB ] INIT mysql
[ info ] [ VIEW ] /Applications/phpstudy/coyotehttpch/application/cms/view/cms/public_categorys.html [ array (
  0 => 'json',
) ]
[ sql ] [ DB ] CONNECT:[ UseTime:0.000644s ] mysql:host=127.0.0.1;dbname=kyd_web_zhongwan;charset=utf8
[ sql ] [ SQL ] SHOW COLUMNS FROM `yzn_admin` [ RunTime:0.000755s ]
[ sql ] [ SQL ] SELECT * FROM `yzn_admin` WHERE  `id` = 1 LIMIT 1 [ RunTime:0.000388s ]
[ sql ] [ SQL ] SHOW COLUMNS FROM `yzn_category` [ RunTime:0.002215s ]
[ sql ] [ SQL ] SELECT * FROM `yzn_category` ORDER BY `listorder`,`id` ASC [ RunTime:0.000841s ]
---------------------------------------------------------------

[2023-02-28T10:04:38+08:00] ::1 GET localhost:8080/cms/cms/panl.html
[运行时间：0.075890s] [吞吐率：13.18req/s] [内存消耗：1,040.56kb] [文件加载：170]
[ info ] [ LANG ] /Applications/phpstudy/coyotehttpch/thinkphp/lang/zh-cn.php
[ info ] [ ROUTE ] array (
)
[ info ] [ HEADER ] array (
  'cookie' => 'city=null; Hm_lpvt_a8f67055341f98053f02a1eb4e55382a=1627962011; Token=eyJ0eXAiOiJKV1QiLCJhbGciOiJIUzI1NiJ9.eyJpc3MiOiJ3d3cuaml1bmlkdS5jb20iLCJhdWQiOiJsb2NhbGhvc3Q6OTUyOCIsImlhdCI6MTYzMTg5MDQyNCwiZXhwIjoxNjMxODk3NjI0LCJhaWQiOjUzMywidWlkIjoxLCJpZGUiOiIiLCJqdGkiOiI5ZjE2MzU3ZTdmYjcyMmE4MWFkM2QxOTA5ZDU3ODVkYSIsImV4dCI6W119.tXEK19aNR6aY3ZQySSJSHP2_tHmNY7gRmQjia1Yxx3E; ACCESS_TOKEN=4291d7da9005377ec9aec4a71ea837f; vue_admin_template_token=eyJ0eXAiOiJKV1QiLCJhbGciOiJIUzI1NiJ9.eyJpc3MiOiJodHRwczpcL1wvd3d3LmppdW5pZHUuY29tIiwiYXVkIjoiaHR0cHM6XC9cL3N0b3JlLmppdW5pZHUuY29tIiwiaWF0IjoxNjM5NzExOTQ3LCJleHAiOjE2Mzk3MTU1NDcsImFpZCI6NDcsInVpZCI6MSwiaWRlIjoiIiwianRpIjoiNmUwN2E0ZWQ3ZTM2ODkyOWI2YmFmZDFhMTAyNGRkZDAifQ.OzdgvbF_O_dFBj6-1_gs6ts3MqEBXqo-jFsd_GywDXg; Admin-Token=admin-token; userid=1; token=ceshitoken; Idea-14db8b9e=fc44bba6-1711-4667-b839-b4754c1518d0; Idea-b43838f8=883bcbff-0fca-49f0-84bf-84b2b15edc29; Admin-Phone=undefined; sidebarStatus=0; JSESSIONID=434BA564AE216164827E3818AA9BC26F; PHPSESSID=go8a5simsiraol8o3nf81enpjs',
  'accept-language' => 'zh-CN,zh;q=0.9',
  'accept-encoding' => 'gzip, deflate, br',
  'referer' => 'http://localhost:8080/cms/cms/index/menuid/57.html',
  'sec-fetch-dest' => 'iframe',
  'sec-fetch-mode' => 'navigate',
  'sec-fetch-site' => 'same-origin',
  'accept' => 'text/html,application/xhtml+xml,application/xml;q=0.9,image/avif,image/webp,image/apng,*/*;q=0.8,application/signed-exchange;v=b3;q=0.9',
  'user-agent' => 'Mozilla/5.0 (Macintosh; Intel Mac OS X 10_13_6) AppleWebKit/537.36 (KHTML, like Gecko) Chrome/109.0.0.0 Safari/537.36',
  'upgrade-insecure-requests' => '1',
  'sec-ch-ua-platform' => '"macOS"',
  'sec-ch-ua-mobile' => '?0',
  'sec-ch-ua' => '"Not_A Brand";v="99", "Google Chrome";v="109", "Chromium";v="109"',
  'connection' => 'close',
  'host' => 'localhost:8080',
)
[ info ] [ PARAM ] array (
  '/cms/cms/panl_html' => '',
)
[ info ] [ DB ] INIT mysql
[ info ] [ VIEW ] /Applications/phpstudy/coyotehttpch/application/cms/view/cms/panl.html [ array (
  0 => 'info',
) ]
[ sql ] [ DB ] CONNECT:[ UseTime:0.000588s ] mysql:host=127.0.0.1;dbname=kyd_web_zhongwan;charset=utf8
[ sql ] [ SQL ] SHOW COLUMNS FROM `yzn_admin` [ RunTime:0.000859s ]
[ sql ] [ SQL ] SELECT * FROM `yzn_admin` WHERE  `id` = 1 LIMIT 1 [ RunTime:0.000457s ]
[ sql ] [ SQL ] SHOW COLUMNS FROM `yzn_category` [ RunTime:0.000788s ]
[ sql ] [ SQL ] SELECT COUNT(*) AS tp_count FROM `yzn_category` [ RunTime:0.001124s ]
[ sql ] [ SQL ] SHOW COLUMNS FROM `yzn_model` [ RunTime:0.001893s ]
[ sql ] [ SQL ] SELECT COUNT(*) AS tp_count FROM `yzn_model` WHERE  `module` = 'cms' [ RunTime:0.000697s ]
[ sql ] [ SQL ] SHOW COLUMNS FROM `yzn_tags` [ RunTime:0.002501s ]
[ sql ] [ SQL ] SELECT COUNT(*) AS tp_count FROM `yzn_tags` [ RunTime:0.000393s ]
[ sql ] [ SQL ] SHOW COLUMNS FROM `yzn_index` [ RunTime:0.002834s ]
[ sql ] [ SQL ] SELECT COUNT(*) AS tp_count FROM `yzn_index` [ RunTime:0.000270s ]
[ sql ] [ SQL ] SHOW COLUMNS FROM `yzn_information` [ RunTime:0.002674s ]
[ sql ] [ SQL ] SELECT COUNT(*) AS tp_count FROM `yzn_information` [ RunTime:0.000235s ]
[ sql ] [ SQL ] SHOW COLUMNS FROM `yzn_solution` [ RunTime:0.002222s ]
[ sql ] [ SQL ] SELECT COUNT(*) AS tp_count FROM `yzn_solution` [ RunTime:0.000336s ]
[ sql ] [ SQL ] SHOW COLUMNS FROM `yzn_joinus` [ RunTime:0.001774s ]
[ sql ] [ SQL ] SELECT COUNT(*) AS tp_count FROM `yzn_joinus` [ RunTime:0.000272s ]
[ sql ] [ SQL ] SHOW COLUMNS FROM `yzn_mycompany` [ RunTime:0.001884s ]
[ sql ] [ SQL ] SELECT COUNT(*) AS tp_count FROM `yzn_mycompany` [ RunTime:0.000250s ]
[ sql ] [ SQL ] SHOW COLUMNS FROM `yzn_cooperation` [ RunTime:0.002703s ]
[ sql ] [ SQL ] SELECT COUNT(*) AS tp_count FROM `yzn_cooperation` [ RunTime:0.000354s ]
[ sql ] [ SQL ] SHOW COLUMNS FROM `yzn_about` [ RunTime:0.002622s ]
[ sql ] [ SQL ] SELECT COUNT(*) AS tp_count FROM `yzn_about` [ RunTime:0.000267s ]
[ sql ] [ SQL ] SHOW COLUMNS FROM `yzn_aboutdata` [ RunTime:0.001742s ]
[ sql ] [ SQL ] SELECT COUNT(*) AS tp_count FROM `yzn_aboutdata` [ RunTime:0.000245s ]
[ sql ] [ SQL ] SHOW COLUMNS FROM `yzn_vanguard` [ RunTime:0.001896s ]
[ sql ] [ SQL ] SELECT COUNT(*) AS tp_count FROM `yzn_vanguard` [ RunTime:0.000257s ]
[ sql ] [ SQL ] SHOW COLUMNS FROM `yzn_development` [ RunTime:0.001623s ]
[ sql ] [ SQL ] SELECT COUNT(*) AS tp_count FROM `yzn_development` [ RunTime:0.000214s ]
[ sql ] [ SQL ] SHOW COLUMNS FROM `yzn_technology` [ RunTime:0.002492s ]
[ sql ] [ SQL ] SELECT COUNT(*) AS tp_count FROM `yzn_technology` [ RunTime:0.000233s ]
[ sql ] [ SQL ] SHOW COLUMNS FROM `yzn_technologydata` [ RunTime:0.002106s ]
[ sql ] [ SQL ] SELECT COUNT(*) AS tp_count FROM `yzn_technologydata` [ RunTime:0.000287s ]
[ sql ] [ SQL ] SHOW COLUMNS FROM `yzn_joindata` [ RunTime:0.003423s ]
[ sql ] [ SQL ] SELECT COUNT(*) AS tp_count FROM `yzn_joindata` [ RunTime:0.000336s ]
[ sql ] [ SQL ] SHOW COLUMNS FROM `yzn_position` [ RunTime:0.002980s ]
[ sql ] [ SQL ] SELECT COUNT(*) AS tp_count FROM `yzn_position` [ RunTime:0.000348s ]
[ sql ] [ SQL ] SHOW COLUMNS FROM `yzn_positioncate` [ RunTime:0.002356s ]
[ sql ] [ SQL ] SELECT COUNT(*) AS tp_count FROM `yzn_positioncate` [ RunTime:0.000242s ]
[ sql ] [ SQL ] SHOW COLUMNS FROM `yzn_reagent` [ RunTime:0.002252s ]
[ sql ] [ SQL ] SELECT COUNT(*) AS tp_count FROM `yzn_reagent` [ RunTime:0.000261s ]
[ sql ] [ SQL ] SHOW COLUMNS FROM `yzn_reagentclinical` [ RunTime:0.002511s ]
[ sql ] [ SQL ] SELECT COUNT(*) AS tp_count FROM `yzn_reagentclinical` [ RunTime:0.000224s ]
[ sql ] [ SQL ] SHOW COLUMNS FROM `yzn_instrument` [ RunTime:0.001950s ]
[ sql ] [ SQL ] SELECT COUNT(*) AS tp_count FROM `yzn_instrument` [ RunTime:0.000293s ]
[ sql ] [ SQL ] SHOW COLUMNS FROM `yzn_parts` [ RunTime:0.001863s ]
[ sql ] [ SQL ] SELECT COUNT(*) AS tp_count FROM `yzn_parts` [ RunTime:0.000267s ]
[ sql ] [ SQL ] SHOW COLUMNS FROM `yzn_mobilelab` [ RunTime:0.002566s ]
[ sql ] [ SQL ] SELECT COUNT(*) AS tp_count FROM `yzn_mobilelab` [ RunTime:0.000249s ]
[ sql ] [ SQL ] SHOW COLUMNS FROM `yzn_smallflashtank` [ RunTime:0.002326s ]
[ sql ] [ SQL ] SELECT COUNT(*) AS tp_count FROM `yzn_smallflashtank` [ RunTime:0.000257s ]
---------------------------------------------------------------

[2023-02-28T10:04:39+08:00] ::1 GET localhost:8080/cms/cms/classlist/catid/46.html
[运行时间：0.022641s] [吞吐率：44.17req/s] [内存消耗：1,052.62kb] [文件加载：175]
[ info ] [ LANG ] /Applications/phpstudy/coyotehttpch/thinkphp/lang/zh-cn.php
[ info ] [ ROUTE ] array (
)
[ info ] [ HEADER ] array (
  'cookie' => 'city=null; Hm_lpvt_a8f67055341f98053f02a1eb4e55382a=1627962011; Token=eyJ0eXAiOiJKV1QiLCJhbGciOiJIUzI1NiJ9.eyJpc3MiOiJ3d3cuaml1bmlkdS5jb20iLCJhdWQiOiJsb2NhbGhvc3Q6OTUyOCIsImlhdCI6MTYzMTg5MDQyNCwiZXhwIjoxNjMxODk3NjI0LCJhaWQiOjUzMywidWlkIjoxLCJpZGUiOiIiLCJqdGkiOiI5ZjE2MzU3ZTdmYjcyMmE4MWFkM2QxOTA5ZDU3ODVkYSIsImV4dCI6W119.tXEK19aNR6aY3ZQySSJSHP2_tHmNY7gRmQjia1Yxx3E; ACCESS_TOKEN=4291d7da9005377ec9aec4a71ea837f; vue_admin_template_token=eyJ0eXAiOiJKV1QiLCJhbGciOiJIUzI1NiJ9.eyJpc3MiOiJodHRwczpcL1wvd3d3LmppdW5pZHUuY29tIiwiYXVkIjoiaHR0cHM6XC9cL3N0b3JlLmppdW5pZHUuY29tIiwiaWF0IjoxNjM5NzExOTQ3LCJleHAiOjE2Mzk3MTU1NDcsImFpZCI6NDcsInVpZCI6MSwiaWRlIjoiIiwianRpIjoiNmUwN2E0ZWQ3ZTM2ODkyOWI2YmFmZDFhMTAyNGRkZDAifQ.OzdgvbF_O_dFBj6-1_gs6ts3MqEBXqo-jFsd_GywDXg; Admin-Token=admin-token; userid=1; token=ceshitoken; Idea-14db8b9e=fc44bba6-1711-4667-b839-b4754c1518d0; Idea-b43838f8=883bcbff-0fca-49f0-84bf-84b2b15edc29; Admin-Phone=undefined; sidebarStatus=0; JSESSIONID=434BA564AE216164827E3818AA9BC26F; PHPSESSID=go8a5simsiraol8o3nf81enpjs',
  'accept-language' => 'zh-CN,zh;q=0.9',
  'accept-encoding' => 'gzip, deflate, br',
  'referer' => 'http://localhost:8080/cms/cms/public_categorys.html',
  'sec-fetch-dest' => 'iframe',
  'sec-fetch-user' => '?1',
  'sec-fetch-mode' => 'navigate',
  'sec-fetch-site' => 'same-origin',
  'accept' => 'text/html,application/xhtml+xml,application/xml;q=0.9,image/avif,image/webp,image/apng,*/*;q=0.8,application/signed-exchange;v=b3;q=0.9',
  'user-agent' => 'Mozilla/5.0 (Macintosh; Intel Mac OS X 10_13_6) AppleWebKit/537.36 (KHTML, like Gecko) Chrome/109.0.0.0 Safari/537.36',
  'upgrade-insecure-requests' => '1',
  'sec-ch-ua-platform' => '"macOS"',
  'sec-ch-ua-mobile' => '?0',
  'sec-ch-ua' => '"Not_A Brand";v="99", "Google Chrome";v="109", "Chromium";v="109"',
  'connection' => 'close',
  'host' => 'localhost:8080',
)
[ info ] [ PARAM ] array (
  '/cms/cms/classlist/catid/46_html' => '',
  'catid' => '46',
)
[ info ] [ DB ] INIT mysql
[ info ] [ DB ] INIT mysql
[ info ] [ VIEW ] /Applications/phpstudy/coyotehttpch/application/cms/view/cms/classlist.html [ array (
  0 => 'string',
  1 => 'catid',
  2 => 'fielddata',
  3 => 'has_thumb',
) ]
[ sql ] [ DB ] CONNECT:[ UseTime:0.000549s ] mysql:host=127.0.0.1;dbname=kyd_web_zhongwan;charset=utf8
[ sql ] [ SQL ] SHOW COLUMNS FROM `yzn_admin` [ RunTime:0.000766s ]
[ sql ] [ SQL ] SELECT * FROM `yzn_admin` WHERE  `id` = 1 LIMIT 1 [ RunTime:0.000436s ]
[ sql ] [ DB ] CONNECT:[ UseTime:0.000512s ] mysql:host=127.0.0.1;dbname=kyd_web_zhongwan;charset=utf8
[ sql ] [ SQL ] SHOW COLUMNS FROM `yzn_category` [ RunTime:0.000762s ]
[ sql ] [ SQL ] SELECT * FROM `yzn_category` WHERE  `id` = 46 LIMIT 1 [ RunTime:0.000397s ]
[ sql ] [ SQL ] SHOW COLUMNS FROM `yzn_attachment` [ RunTime:0.002004s ]
[ sql ] [ SQL ] SELECT `path`,`driver`,`thumb` FROM `yzn_attachment` WHERE  `id` = 625 LIMIT 1 [ RunTime:0.000799s ]
[ sql ] [ SQL ] SELECT * FROM `yzn_category` ORDER BY `listorder`,`id` ASC [ RunTime:0.000682s ]
[ sql ] [ SQL ] SHOW COLUMNS FROM `yzn_model_field` [ RunTime:0.002012s ]
[ sql ] [ SQL ] SELECT * FROM `yzn_model_field` WHERE  `modelid` = 22  AND `liststatus` = 1 ORDER BY `listorder`,`id` [ RunTime:0.001126s ]
[ sql ] [ SQL ] SELECT COUNT(*) AS tp_count FROM `yzn_model_field` WHERE  `modelid` = 22  AND `status` = 1  AND `name` = 'thumb' [ RunTime:0.001154s ]
---------------------------------------------------------------

[2023-02-28T10:04:39+08:00] ::1 GET localhost:8080/cms/cms/classlist/catid/46.html?page=1&limit=10
[运行时间：0.017545s] [吞吐率：57.00req/s] [内存消耗：956.11kb] [文件加载：170]
[ info ] [ LANG ] /Applications/phpstudy/coyotehttpch/thinkphp/lang/zh-cn.php
[ info ] [ ROUTE ] array (
)
[ info ] [ HEADER ] array (
  'cookie' => 'city=null; Hm_lpvt_a8f67055341f98053f02a1eb4e55382a=1627962011; Token=eyJ0eXAiOiJKV1QiLCJhbGciOiJIUzI1NiJ9.eyJpc3MiOiJ3d3cuaml1bmlkdS5jb20iLCJhdWQiOiJsb2NhbGhvc3Q6OTUyOCIsImlhdCI6MTYzMTg5MDQyNCwiZXhwIjoxNjMxODk3NjI0LCJhaWQiOjUzMywidWlkIjoxLCJpZGUiOiIiLCJqdGkiOiI5ZjE2MzU3ZTdmYjcyMmE4MWFkM2QxOTA5ZDU3ODVkYSIsImV4dCI6W119.tXEK19aNR6aY3ZQySSJSHP2_tHmNY7gRmQjia1Yxx3E; ACCESS_TOKEN=4291d7da9005377ec9aec4a71ea837f; vue_admin_template_token=eyJ0eXAiOiJKV1QiLCJhbGciOiJIUzI1NiJ9.eyJpc3MiOiJodHRwczpcL1wvd3d3LmppdW5pZHUuY29tIiwiYXVkIjoiaHR0cHM6XC9cL3N0b3JlLmppdW5pZHUuY29tIiwiaWF0IjoxNjM5NzExOTQ3LCJleHAiOjE2Mzk3MTU1NDcsImFpZCI6NDcsInVpZCI6MSwiaWRlIjoiIiwianRpIjoiNmUwN2E0ZWQ3ZTM2ODkyOWI2YmFmZDFhMTAyNGRkZDAifQ.OzdgvbF_O_dFBj6-1_gs6ts3MqEBXqo-jFsd_GywDXg; Admin-Token=admin-token; userid=1; token=ceshitoken; Idea-14db8b9e=fc44bba6-1711-4667-b839-b4754c1518d0; Idea-b43838f8=883bcbff-0fca-49f0-84bf-84b2b15edc29; Admin-Phone=undefined; sidebarStatus=0; JSESSIONID=434BA564AE216164827E3818AA9BC26F; PHPSESSID=go8a5simsiraol8o3nf81enpjs',
  'accept-language' => 'zh-CN,zh;q=0.9',
  'accept-encoding' => 'gzip, deflate, br',
  'referer' => 'http://localhost:8080/cms/cms/classlist/catid/46.html',
  'sec-fetch-dest' => 'empty',
  'sec-fetch-mode' => 'cors',
  'sec-fetch-site' => 'same-origin',
  'sec-ch-ua-platform' => '"macOS"',
  'user-agent' => 'Mozilla/5.0 (Macintosh; Intel Mac OS X 10_13_6) AppleWebKit/537.36 (KHTML, like Gecko) Chrome/109.0.0.0 Safari/537.36',
  'sec-ch-ua-mobile' => '?0',
  'x-requested-with' => 'XMLHttpRequest',
  'accept' => 'application/json, text/javascript, */*; q=0.01',
  'sec-ch-ua' => '"Not_A Brand";v="99", "Google Chrome";v="109", "Chromium";v="109"',
  'connection' => 'close',
  'host' => 'localhost:8080',
)
[ info ] [ PARAM ] array (
  '/cms/cms/classlist/catid/46_html' => '',
  'page' => '1',
  'limit' => '10',
  'catid' => '46',
)
[ info ] [ DB ] INIT mysql
[ sql ] [ DB ] CONNECT:[ UseTime:0.000528s ] mysql:host=127.0.0.1;dbname=kyd_web_zhongwan;charset=utf8
[ sql ] [ SQL ] SHOW COLUMNS FROM `yzn_admin` [ RunTime:0.000767s ]
[ sql ] [ SQL ] SELECT * FROM `yzn_admin` WHERE  `id` = 1 LIMIT 1 [ RunTime:0.000482s ]
[ sql ] [ SQL ] SHOW COLUMNS FROM `yzn_model` [ RunTime:0.001172s ]
[ sql ] [ SQL ] SELECT * FROM `yzn_model` WHERE  `id` = 22 LIMIT 1 [ RunTime:0.000460s ]
[ sql ] [ SQL ] SHOW COLUMNS FROM `yzn_solution` [ RunTime:0.001390s ]
[ sql ] [ SQL ] SELECT COUNT(*) AS tp_count FROM `yzn_solution` WHERE  `catid` = 46  AND `status` <> -1 [ RunTime:0.000870s ]
[ sql ] [ SQL ] SELECT * FROM `yzn_solution` WHERE  `catid` = 46  AND `status` <> -1 ORDER BY `listorder`,`id` DESC LIMIT 0,10 [ RunTime:0.000612s ]
[ sql ] [ SQL ] SHOW COLUMNS FROM `yzn_attachment` [ RunTime:0.000907s ]
[ sql ] [ SQL ] SELECT `path`,`driver`,`thumb` FROM `yzn_attachment` WHERE  `id` = 574 LIMIT 1 [ RunTime:0.000617s ]
[ sql ] [ SQL ] SELECT `path`,`driver`,`thumb` FROM `yzn_attachment` WHERE  `id` = 573 LIMIT 1 [ RunTime:0.000536s ]
[ sql ] [ SQL ] SELECT `path`,`driver`,`thumb` FROM `yzn_attachment` WHERE  `id` = 572 LIMIT 1 [ RunTime:0.000344s ]
---------------------------------------------------------------

[2023-02-28T10:04:41+08:00] ::1 GET localhost:8080/cms/cms/edit/catid/46.html?id=2
[运行时间：0.034896s] [吞吐率：28.66req/s] [内存消耗：1,063.45kb] [文件加载：177]
[ info ] [ LANG ] /Applications/phpstudy/coyotehttpch/thinkphp/lang/zh-cn.php
[ info ] [ ROUTE ] array (
)
[ info ] [ HEADER ] array (
  'cookie' => 'city=null; Hm_lpvt_a8f67055341f98053f02a1eb4e55382a=1627962011; Token=eyJ0eXAiOiJKV1QiLCJhbGciOiJIUzI1NiJ9.eyJpc3MiOiJ3d3cuaml1bmlkdS5jb20iLCJhdWQiOiJsb2NhbGhvc3Q6OTUyOCIsImlhdCI6MTYzMTg5MDQyNCwiZXhwIjoxNjMxODk3NjI0LCJhaWQiOjUzMywidWlkIjoxLCJpZGUiOiIiLCJqdGkiOiI5ZjE2MzU3ZTdmYjcyMmE4MWFkM2QxOTA5ZDU3ODVkYSIsImV4dCI6W119.tXEK19aNR6aY3ZQySSJSHP2_tHmNY7gRmQjia1Yxx3E; ACCESS_TOKEN=4291d7da9005377ec9aec4a71ea837f; vue_admin_template_token=eyJ0eXAiOiJKV1QiLCJhbGciOiJIUzI1NiJ9.eyJpc3MiOiJodHRwczpcL1wvd3d3LmppdW5pZHUuY29tIiwiYXVkIjoiaHR0cHM6XC9cL3N0b3JlLmppdW5pZHUuY29tIiwiaWF0IjoxNjM5NzExOTQ3LCJleHAiOjE2Mzk3MTU1NDcsImFpZCI6NDcsInVpZCI6MSwiaWRlIjoiIiwianRpIjoiNmUwN2E0ZWQ3ZTM2ODkyOWI2YmFmZDFhMTAyNGRkZDAifQ.OzdgvbF_O_dFBj6-1_gs6ts3MqEBXqo-jFsd_GywDXg; Admin-Token=admin-token; userid=1; token=ceshitoken; Idea-14db8b9e=fc44bba6-1711-4667-b839-b4754c1518d0; Idea-b43838f8=883bcbff-0fca-49f0-84bf-84b2b15edc29; Admin-Phone=undefined; sidebarStatus=0; JSESSIONID=434BA564AE216164827E3818AA9BC26F; PHPSESSID=go8a5simsiraol8o3nf81enpjs',
  'accept-language' => 'zh-CN,zh;q=0.9',
  'accept-encoding' => 'gzip, deflate, br',
  'referer' => 'http://localhost:8080/cms/cms/classlist/catid/46.html',
  'sec-fetch-dest' => 'iframe',
  'sec-fetch-mode' => 'navigate',
  'sec-fetch-site' => 'same-origin',
  'accept' => 'text/html,application/xhtml+xml,application/xml;q=0.9,image/avif,image/webp,image/apng,*/*;q=0.8,application/signed-exchange;v=b3;q=0.9',
  'user-agent' => 'Mozilla/5.0 (Macintosh; Intel Mac OS X 10_13_6) AppleWebKit/537.36 (KHTML, like Gecko) Chrome/109.0.0.0 Safari/537.36',
  'upgrade-insecure-requests' => '1',
  'sec-ch-ua-platform' => '"macOS"',
  'sec-ch-ua-mobile' => '?0',
  'sec-ch-ua' => '"Not_A Brand";v="99", "Google Chrome";v="109", "Chromium";v="109"',
  'connection' => 'close',
  'host' => 'localhost:8080',
)
[ info ] [ PARAM ] array (
  '/cms/cms/edit/catid/46_html' => '',
  'id' => '2',
  'catid' => '46',
)
[ info ] [ DB ] INIT mysql
[ info ] [ VIEW ] /Applications/phpstudy/coyotehttpch/application/cms/view/cms/edit.html [ array (
  0 => 'catid',
  1 => 'fieldList',
) ]
[ sql ] [ DB ] CONNECT:[ UseTime:0.000571s ] mysql:host=127.0.0.1;dbname=kyd_web_zhongwan;charset=utf8
[ sql ] [ SQL ] SHOW COLUMNS FROM `yzn_admin` [ RunTime:0.000783s ]
[ sql ] [ SQL ] SELECT * FROM `yzn_admin` WHERE  `id` = 1 LIMIT 1 [ RunTime:0.000361s ]
[ sql ] [ SQL ] SHOW COLUMNS FROM `yzn_model_field` [ RunTime:0.000747s ]
[ sql ] [ SQL ] SELECT `name`,`title`,`remark`,`type`,`isadd`,`iscore`,`ifsystem`,`ifrequire`,`setting` FROM `yzn_model_field` WHERE  `modelid` = 22  AND `status` = 1 ORDER BY `listorder` ASC,`id` ASC [ RunTime:0.000725s ]
[ sql ] [ SQL ] SHOW COLUMNS FROM `yzn_model` [ RunTime:0.000739s ]
[ sql ] [ SQL ] SELECT `tablename`,`type` FROM `yzn_model` WHERE  `id` = 22 LIMIT 1 [ RunTime:0.000318s ]
[ sql ] [ SQL ] SHOW COLUMNS FROM `yzn_solution` [ RunTime:0.000681s ]
[ sql ] [ SQL ] SELECT * FROM `yzn_solution` WHERE  `id` = 2 LIMIT 1 [ RunTime:0.000337s ]
[ sql ] [ SQL ] SHOW COLUMNS FROM `yzn_instrument` [ RunTime:0.000646s ]
[ sql ] [ SQL ] SELECT * FROM `yzn_instrument` WHERE  `status` = 1 [ RunTime:0.000615s ]
[ sql ] [ SQL ] SHOW COLUMNS FROM `yzn_attachment` [ RunTime:0.000803s ]
[ sql ] [ SQL ] SELECT `path`,`driver`,`thumb` FROM `yzn_attachment` WHERE  `id` = 573 LIMIT 1 [ RunTime:0.000327s ]
[ sql ] [ SQL ] SELECT `path`,`driver`,`thumb` FROM `yzn_attachment` WHERE  `id` = 573 LIMIT 1 [ RunTime:0.000301s ]
[ sql ] [ SQL ] SELECT `path`,`driver`,`thumb` FROM `yzn_attachment` WHERE  `id` = 704 LIMIT 1 [ RunTime:0.000616s ]
[ sql ] [ SQL ] SELECT `path`,`driver`,`thumb` FROM `yzn_attachment` WHERE  `id` = 704 LIMIT 1 [ RunTime:0.000320s ]
[ sql ] [ SQL ] SELECT `path`,`driver`,`thumb` FROM `yzn_attachment` WHERE  `id` = 595 LIMIT 1 [ RunTime:0.000597s ]
[ sql ] [ SQL ] SELECT `path`,`driver`,`thumb` FROM `yzn_attachment` WHERE  `id` = 595 LIMIT 1 [ RunTime:0.000307s ]
[ error ] [8]未定义数组索引: menusource[/Applications/phpstudy/coyotehttpch/runtime/temp/2445ff1cb35d458eace5704a7361316d.php:110]
---------------------------------------------------------------

[2023-02-28T10:06:26+08:00] ::1 GET localhost:8080/cms/cms/classlist/catid/46.html
[运行时间：0.014670s] [吞吐率：68.17req/s] [内存消耗：936.17kb] [文件加载：174]
[ info ] [ LANG ] /Applications/phpstudy/coyotehttpch/thinkphp/lang/zh-cn.php
[ info ] [ ROUTE ] array (
)
[ info ] [ HEADER ] array (
  'cookie' => 'city=null; Hm_lpvt_a8f67055341f98053f02a1eb4e55382a=1627962011; Token=eyJ0eXAiOiJKV1QiLCJhbGciOiJIUzI1NiJ9.eyJpc3MiOiJ3d3cuaml1bmlkdS5jb20iLCJhdWQiOiJsb2NhbGhvc3Q6OTUyOCIsImlhdCI6MTYzMTg5MDQyNCwiZXhwIjoxNjMxODk3NjI0LCJhaWQiOjUzMywidWlkIjoxLCJpZGUiOiIiLCJqdGkiOiI5ZjE2MzU3ZTdmYjcyMmE4MWFkM2QxOTA5ZDU3ODVkYSIsImV4dCI6W119.tXEK19aNR6aY3ZQySSJSHP2_tHmNY7gRmQjia1Yxx3E; ACCESS_TOKEN=4291d7da9005377ec9aec4a71ea837f; vue_admin_template_token=eyJ0eXAiOiJKV1QiLCJhbGciOiJIUzI1NiJ9.eyJpc3MiOiJodHRwczpcL1wvd3d3LmppdW5pZHUuY29tIiwiYXVkIjoiaHR0cHM6XC9cL3N0b3JlLmppdW5pZHUuY29tIiwiaWF0IjoxNjM5NzExOTQ3LCJleHAiOjE2Mzk3MTU1NDcsImFpZCI6NDcsInVpZCI6MSwiaWRlIjoiIiwianRpIjoiNmUwN2E0ZWQ3ZTM2ODkyOWI2YmFmZDFhMTAyNGRkZDAifQ.OzdgvbF_O_dFBj6-1_gs6ts3MqEBXqo-jFsd_GywDXg; Admin-Token=admin-token; userid=1; token=ceshitoken; Idea-14db8b9e=fc44bba6-1711-4667-b839-b4754c1518d0; Idea-b43838f8=883bcbff-0fca-49f0-84bf-84b2b15edc29; Admin-Phone=undefined; sidebarStatus=0; JSESSIONID=434BA564AE216164827E3818AA9BC26F; PHPSESSID=go8a5simsiraol8o3nf81enpjs',
  'accept-language' => 'zh-CN,zh;q=0.9',
  'accept-encoding' => 'gzip, deflate, br',
  'referer' => 'http://localhost:8080/cms/cms/public_categorys.html',
  'sec-fetch-dest' => 'iframe',
  'sec-fetch-user' => '?1',
  'sec-fetch-mode' => 'navigate',
  'sec-fetch-site' => 'same-origin',
  'accept' => 'text/html,application/xhtml+xml,application/xml;q=0.9,image/avif,image/webp,image/apng,*/*;q=0.8,application/signed-exchange;v=b3;q=0.9',
  'user-agent' => 'Mozilla/5.0 (Macintosh; Intel Mac OS X 10_13_6) AppleWebKit/537.36 (KHTML, like Gecko) Chrome/109.0.0.0 Safari/537.36',
  'upgrade-insecure-requests' => '1',
  'sec-ch-ua-platform' => '"macOS"',
  'sec-ch-ua-mobile' => '?0',
  'sec-ch-ua' => '"Not_A Brand";v="99", "Google Chrome";v="109", "Chromium";v="109"',
  'connection' => 'close',
  'host' => 'localhost:8080',
)
[ info ] [ PARAM ] array (
  '/cms/cms/classlist/catid/46_html' => '',
  'catid' => '46',
)
[ info ] [ DB ] INIT mysql
[ info ] [ VIEW ] /Applications/phpstudy/coyotehttpch/application/cms/view/cms/classlist.html [ array (
  0 => 'string',
  1 => 'catid',
  2 => 'fielddata',
  3 => 'has_thumb',
) ]
[ sql ] [ DB ] CONNECT:[ UseTime:0.000514s ] mysql:host=127.0.0.1;dbname=kyd_web_zhongwan;charset=utf8
[ sql ] [ SQL ] SHOW COLUMNS FROM `yzn_admin` [ RunTime:0.000806s ]
[ sql ] [ SQL ] SELECT * FROM `yzn_admin` WHERE  `id` = 1 LIMIT 1 [ RunTime:0.000384s ]
[ sql ] [ SQL ] SHOW COLUMNS FROM `yzn_category` [ RunTime:0.000836s ]
[ sql ] [ SQL ] SELECT * FROM `yzn_category` ORDER BY `listorder`,`id` ASC [ RunTime:0.000656s ]
[ sql ] [ SQL ] SHOW COLUMNS FROM `yzn_model_field` [ RunTime:0.000729s ]
[ sql ] [ SQL ] SELECT * FROM `yzn_model_field` WHERE  `modelid` = 22  AND `liststatus` = 1 ORDER BY `listorder`,`id` [ RunTime:0.000553s ]
[ sql ] [ SQL ] SELECT COUNT(*) AS tp_count FROM `yzn_model_field` WHERE  `modelid` = 22  AND `status` = 1  AND `name` = 'thumb' [ RunTime:0.000404s ]
---------------------------------------------------------------

[2023-02-28T10:06:26+08:00] ::1 GET localhost:8080/cms/cms/classlist/catid/46.html?page=1&limit=10
[运行时间：0.010810s] [吞吐率：92.51req/s] [内存消耗：951.19kb] [文件加载：170]
[ info ] [ LANG ] /Applications/phpstudy/coyotehttpch/thinkphp/lang/zh-cn.php
[ info ] [ ROUTE ] array (
)
[ info ] [ HEADER ] array (
  'cookie' => 'city=null; Hm_lpvt_a8f67055341f98053f02a1eb4e55382a=1627962011; Token=eyJ0eXAiOiJKV1QiLCJhbGciOiJIUzI1NiJ9.eyJpc3MiOiJ3d3cuaml1bmlkdS5jb20iLCJhdWQiOiJsb2NhbGhvc3Q6OTUyOCIsImlhdCI6MTYzMTg5MDQyNCwiZXhwIjoxNjMxODk3NjI0LCJhaWQiOjUzMywidWlkIjoxLCJpZGUiOiIiLCJqdGkiOiI5ZjE2MzU3ZTdmYjcyMmE4MWFkM2QxOTA5ZDU3ODVkYSIsImV4dCI6W119.tXEK19aNR6aY3ZQySSJSHP2_tHmNY7gRmQjia1Yxx3E; ACCESS_TOKEN=4291d7da9005377ec9aec4a71ea837f; vue_admin_template_token=eyJ0eXAiOiJKV1QiLCJhbGciOiJIUzI1NiJ9.eyJpc3MiOiJodHRwczpcL1wvd3d3LmppdW5pZHUuY29tIiwiYXVkIjoiaHR0cHM6XC9cL3N0b3JlLmppdW5pZHUuY29tIiwiaWF0IjoxNjM5NzExOTQ3LCJleHAiOjE2Mzk3MTU1NDcsImFpZCI6NDcsInVpZCI6MSwiaWRlIjoiIiwianRpIjoiNmUwN2E0ZWQ3ZTM2ODkyOWI2YmFmZDFhMTAyNGRkZDAifQ.OzdgvbF_O_dFBj6-1_gs6ts3MqEBXqo-jFsd_GywDXg; Admin-Token=admin-token; userid=1; token=ceshitoken; Idea-14db8b9e=fc44bba6-1711-4667-b839-b4754c1518d0; Idea-b43838f8=883bcbff-0fca-49f0-84bf-84b2b15edc29; Admin-Phone=undefined; sidebarStatus=0; JSESSIONID=434BA564AE216164827E3818AA9BC26F; PHPSESSID=go8a5simsiraol8o3nf81enpjs',
  'accept-language' => 'zh-CN,zh;q=0.9',
  'accept-encoding' => 'gzip, deflate, br',
  'referer' => 'http://localhost:8080/cms/cms/classlist/catid/46.html',
  'sec-fetch-dest' => 'empty',
  'sec-fetch-mode' => 'cors',
  'sec-fetch-site' => 'same-origin',
  'sec-ch-ua-platform' => '"macOS"',
  'user-agent' => 'Mozilla/5.0 (Macintosh; Intel Mac OS X 10_13_6) AppleWebKit/537.36 (KHTML, like Gecko) Chrome/109.0.0.0 Safari/537.36',
  'sec-ch-ua-mobile' => '?0',
  'x-requested-with' => 'XMLHttpRequest',
  'accept' => 'application/json, text/javascript, */*; q=0.01',
  'sec-ch-ua' => '"Not_A Brand";v="99", "Google Chrome";v="109", "Chromium";v="109"',
  'connection' => 'close',
  'host' => 'localhost:8080',
)
[ info ] [ PARAM ] array (
  '/cms/cms/classlist/catid/46_html' => '',
  'page' => '1',
  'limit' => '10',
  'catid' => '46',
)
[ info ] [ DB ] INIT mysql
[ sql ] [ DB ] CONNECT:[ UseTime:0.000481s ] mysql:host=127.0.0.1;dbname=kyd_web_zhongwan;charset=utf8
[ sql ] [ SQL ] SHOW COLUMNS FROM `yzn_admin` [ RunTime:0.000814s ]
[ sql ] [ SQL ] SELECT * FROM `yzn_admin` WHERE  `id` = 1 LIMIT 1 [ RunTime:0.000407s ]
[ sql ] [ SQL ] SHOW COLUMNS FROM `yzn_solution` [ RunTime:0.000758s ]
[ sql ] [ SQL ] SELECT COUNT(*) AS tp_count FROM `yzn_solution` WHERE  `catid` = 46  AND `status` <> -1 [ RunTime:0.000365s ]
[ sql ] [ SQL ] SELECT * FROM `yzn_solution` WHERE  `catid` = 46  AND `status` <> -1 ORDER BY `listorder`,`id` DESC LIMIT 0,10 [ RunTime:0.000443s ]
[ sql ] [ SQL ] SHOW COLUMNS FROM `yzn_attachment` [ RunTime:0.000652s ]
[ sql ] [ SQL ] SELECT `path`,`driver`,`thumb` FROM `yzn_attachment` WHERE  `id` = 574 LIMIT 1 [ RunTime:0.000318s ]
[ sql ] [ SQL ] SELECT `path`,`driver`,`thumb` FROM `yzn_attachment` WHERE  `id` = 573 LIMIT 1 [ RunTime:0.000314s ]
[ sql ] [ SQL ] SELECT `path`,`driver`,`thumb` FROM `yzn_attachment` WHERE  `id` = 572 LIMIT 1 [ RunTime:0.000286s ]
---------------------------------------------------------------

[2023-02-28T10:06:27+08:00] ::1 GET localhost:8080/cms/cms/edit/catid/46.html?id=1
[运行时间：0.022217s] [吞吐率：45.01req/s] [内存消耗：1,005.23kb] [文件加载：174]
[ info ] [ LANG ] /Applications/phpstudy/coyotehttpch/thinkphp/lang/zh-cn.php
[ info ] [ ROUTE ] array (
)
[ info ] [ HEADER ] array (
  'cookie' => 'city=null; Hm_lpvt_a8f67055341f98053f02a1eb4e55382a=1627962011; Token=eyJ0eXAiOiJKV1QiLCJhbGciOiJIUzI1NiJ9.eyJpc3MiOiJ3d3cuaml1bmlkdS5jb20iLCJhdWQiOiJsb2NhbGhvc3Q6OTUyOCIsImlhdCI6MTYzMTg5MDQyNCwiZXhwIjoxNjMxODk3NjI0LCJhaWQiOjUzMywidWlkIjoxLCJpZGUiOiIiLCJqdGkiOiI5ZjE2MzU3ZTdmYjcyMmE4MWFkM2QxOTA5ZDU3ODVkYSIsImV4dCI6W119.tXEK19aNR6aY3ZQySSJSHP2_tHmNY7gRmQjia1Yxx3E; ACCESS_TOKEN=4291d7da9005377ec9aec4a71ea837f; vue_admin_template_token=eyJ0eXAiOiJKV1QiLCJhbGciOiJIUzI1NiJ9.eyJpc3MiOiJodHRwczpcL1wvd3d3LmppdW5pZHUuY29tIiwiYXVkIjoiaHR0cHM6XC9cL3N0b3JlLmppdW5pZHUuY29tIiwiaWF0IjoxNjM5NzExOTQ3LCJleHAiOjE2Mzk3MTU1NDcsImFpZCI6NDcsInVpZCI6MSwiaWRlIjoiIiwianRpIjoiNmUwN2E0ZWQ3ZTM2ODkyOWI2YmFmZDFhMTAyNGRkZDAifQ.OzdgvbF_O_dFBj6-1_gs6ts3MqEBXqo-jFsd_GywDXg; Admin-Token=admin-token; userid=1; token=ceshitoken; Idea-14db8b9e=fc44bba6-1711-4667-b839-b4754c1518d0; Idea-b43838f8=883bcbff-0fca-49f0-84bf-84b2b15edc29; Admin-Phone=undefined; sidebarStatus=0; JSESSIONID=434BA564AE216164827E3818AA9BC26F; PHPSESSID=go8a5simsiraol8o3nf81enpjs',
  'accept-language' => 'zh-CN,zh;q=0.9',
  'accept-encoding' => 'gzip, deflate, br',
  'referer' => 'http://localhost:8080/cms/cms/classlist/catid/46.html',
  'sec-fetch-dest' => 'iframe',
  'sec-fetch-mode' => 'navigate',
  'sec-fetch-site' => 'same-origin',
  'accept' => 'text/html,application/xhtml+xml,application/xml;q=0.9,image/avif,image/webp,image/apng,*/*;q=0.8,application/signed-exchange;v=b3;q=0.9',
  'user-agent' => 'Mozilla/5.0 (Macintosh; Intel Mac OS X 10_13_6) AppleWebKit/537.36 (KHTML, like Gecko) Chrome/109.0.0.0 Safari/537.36',
  'upgrade-insecure-requests' => '1',
  'sec-ch-ua-platform' => '"macOS"',
  'sec-ch-ua-mobile' => '?0',
  'sec-ch-ua' => '"Not_A Brand";v="99", "Google Chrome";v="109", "Chromium";v="109"',
  'connection' => 'close',
  'host' => 'localhost:8080',
)
[ info ] [ PARAM ] array (
  '/cms/cms/edit/catid/46_html' => '',
  'id' => '1',
  'catid' => '46',
)
[ info ] [ DB ] INIT mysql
[ info ] [ VIEW ] /Applications/phpstudy/coyotehttpch/application/cms/view/cms/edit.html [ array (
  0 => 'catid',
  1 => 'fieldList',
) ]
[ sql ] [ DB ] CONNECT:[ UseTime:0.000539s ] mysql:host=127.0.0.1;dbname=kyd_web_zhongwan;charset=utf8
[ sql ] [ SQL ] SHOW COLUMNS FROM `yzn_admin` [ RunTime:0.001153s ]
[ sql ] [ SQL ] SELECT * FROM `yzn_admin` WHERE  `id` = 1 LIMIT 1 [ RunTime:0.000416s ]
[ sql ] [ SQL ] SHOW COLUMNS FROM `yzn_model_field` [ RunTime:0.000852s ]
[ sql ] [ SQL ] SELECT `name`,`title`,`remark`,`type`,`isadd`,`iscore`,`ifsystem`,`ifrequire`,`setting` FROM `yzn_model_field` WHERE  `modelid` = 22  AND `status` = 1 ORDER BY `listorder` ASC,`id` ASC [ RunTime:0.000778s ]
[ sql ] [ SQL ] SHOW COLUMNS FROM `yzn_model` [ RunTime:0.000697s ]
[ sql ] [ SQL ] SELECT `tablename`,`type` FROM `yzn_model` WHERE  `id` = 22 LIMIT 1 [ RunTime:0.001033s ]
[ sql ] [ SQL ] SHOW COLUMNS FROM `yzn_solution` [ RunTime:0.000729s ]
[ sql ] [ SQL ] SELECT * FROM `yzn_solution` WHERE  `id` = 1 LIMIT 1 [ RunTime:0.000345s ]
[ sql ] [ SQL ] SHOW COLUMNS FROM `yzn_instrument` [ RunTime:0.000655s ]
[ sql ] [ SQL ] SELECT * FROM `yzn_instrument` WHERE  `status` = 1 [ RunTime:0.000933s ]
[ sql ] [ SQL ] SHOW COLUMNS FROM `yzn_attachment` [ RunTime:0.000692s ]
[ sql ] [ SQL ] SELECT `path`,`driver`,`thumb` FROM `yzn_attachment` WHERE  `id` = 572 LIMIT 1 [ RunTime:0.000288s ]
[ sql ] [ SQL ] SELECT `path`,`driver`,`thumb` FROM `yzn_attachment` WHERE  `id` = 572 LIMIT 1 [ RunTime:0.000314s ]
[ sql ] [ SQL ] SELECT `path`,`driver`,`thumb` FROM `yzn_attachment` WHERE  `id` = 703 LIMIT 1 [ RunTime:0.000935s ]
[ sql ] [ SQL ] SELECT `path`,`driver`,`thumb` FROM `yzn_attachment` WHERE  `id` = 703 LIMIT 1 [ RunTime:0.000351s ]
[ sql ] [ SQL ] SELECT `path`,`driver`,`thumb` FROM `yzn_attachment` WHERE  `id` = 594 LIMIT 1 [ RunTime:0.000605s ]
[ sql ] [ SQL ] SELECT `path`,`driver`,`thumb` FROM `yzn_attachment` WHERE  `id` = 594 LIMIT 1 [ RunTime:0.000346s ]
[ error ] [8]未定义数组索引: menusource[/Applications/phpstudy/coyotehttpch/runtime/temp/2445ff1cb35d458eace5704a7361316d.php:110]
---------------------------------------------------------------

[2023-02-28T10:08:44+08:00] ::1 GET localhost:8080/
[运行时间：0.060626s] [吞吐率：16.49req/s] [内存消耗：1,987.09kb] [文件加载：180]
[ info ] [ LANG ] /Applications/phpstudy/coyotehttpch/thinkphp/lang/zh-cn.php
[ info ] [ ROUTE ] array (
)
[ info ] [ HEADER ] array (
  'cookie' => 'city=null; Hm_lpvt_a8f67055341f98053f02a1eb4e55382a=1627962011; Token=eyJ0eXAiOiJKV1QiLCJhbGciOiJIUzI1NiJ9.eyJpc3MiOiJ3d3cuaml1bmlkdS5jb20iLCJhdWQiOiJsb2NhbGhvc3Q6OTUyOCIsImlhdCI6MTYzMTg5MDQyNCwiZXhwIjoxNjMxODk3NjI0LCJhaWQiOjUzMywidWlkIjoxLCJpZGUiOiIiLCJqdGkiOiI5ZjE2MzU3ZTdmYjcyMmE4MWFkM2QxOTA5ZDU3ODVkYSIsImV4dCI6W119.tXEK19aNR6aY3ZQySSJSHP2_tHmNY7gRmQjia1Yxx3E; ACCESS_TOKEN=4291d7da9005377ec9aec4a71ea837f; vue_admin_template_token=eyJ0eXAiOiJKV1QiLCJhbGciOiJIUzI1NiJ9.eyJpc3MiOiJodHRwczpcL1wvd3d3LmppdW5pZHUuY29tIiwiYXVkIjoiaHR0cHM6XC9cL3N0b3JlLmppdW5pZHUuY29tIiwiaWF0IjoxNjM5NzExOTQ3LCJleHAiOjE2Mzk3MTU1NDcsImFpZCI6NDcsInVpZCI6MSwiaWRlIjoiIiwianRpIjoiNmUwN2E0ZWQ3ZTM2ODkyOWI2YmFmZDFhMTAyNGRkZDAifQ.OzdgvbF_O_dFBj6-1_gs6ts3MqEBXqo-jFsd_GywDXg; Admin-Token=admin-token; userid=1; token=ceshitoken; Idea-14db8b9e=fc44bba6-1711-4667-b839-b4754c1518d0; Idea-b43838f8=883bcbff-0fca-49f0-84bf-84b2b15edc29; Admin-Phone=undefined; sidebarStatus=0; JSESSIONID=434BA564AE216164827E3818AA9BC26F; PHPSESSID=go8a5simsiraol8o3nf81enpjs',
  'accept-language' => 'zh-CN,zh;q=0.9',
  'accept-encoding' => 'gzip, deflate, br',
  'referer' => 'http://localhost:8080/solution_info/id/1.html',
  'sec-fetch-dest' => 'document',
  'sec-fetch-user' => '?1',
  'sec-fetch-mode' => 'navigate',
  'sec-fetch-site' => 'same-origin',
  'accept' => 'text/html,application/xhtml+xml,application/xml;q=0.9,image/avif,image/webp,image/apng,*/*;q=0.8,application/signed-exchange;v=b3;q=0.9',
  'user-agent' => 'Mozilla/5.0 (Macintosh; Intel Mac OS X 10_13_6) AppleWebKit/537.36 (KHTML, like Gecko) Chrome/109.0.0.0 Safari/537.36',
  'upgrade-insecure-requests' => '1',
  'sec-ch-ua-platform' => '"macOS"',
  'sec-ch-ua-mobile' => '?0',
  'sec-ch-ua' => '"Not_A Brand";v="99", "Google Chrome";v="109", "Chromium";v="109"',
  'connection' => 'close',
  'host' => 'localhost:8080',
)
[ info ] [ PARAM ] array (
)
[ info ] [ DB ] INIT mysql
[ info ] [ DB ] INIT mysql
[ info ] [ DB ] INIT mysql
[ info ] [ DB ] INIT mysql
[ info ] [ DB ] INIT mysql
[ info ] [ DB ] INIT mysql
[ info ] [ DB ] INIT mysql
[ info ] [ DB ] INIT mysql
[ info ] [ DB ] INIT mysql
[ info ] [ DB ] INIT mysql
[ info ] [ VIEW ] /Applications/phpstudy/coyotehttpch/application/index/view/index/index.html [ array (
  0 => 'mycompany',
  1 => 'menu',
  2 => 'bottom_menu',
  3 => 'seo',
  4 => 'cate',
  5 => 'index',
  6 => 'cooperation',
  7 => 'news',
  8 => 'solution',
  9 => 'instrument',
) ]
[ sql ] [ DB ] CONNECT:[ UseTime:0.000503s ] mysql:host=127.0.0.1;dbname=kyd_web_zhongwan;charset=utf8
[ sql ] [ SQL ] SHOW COLUMNS FROM `yzn_category` [ RunTime:0.000832s ]
[ sql ] [ SQL ] SELECT `id`,`catname`,`url`,`child` FROM `yzn_category` WHERE  `status` = 1  AND `parentid` = 0 ORDER BY `listorder` [ RunTime:0.000420s ]
[ sql ] [ DB ] CONNECT:[ UseTime:0.000395s ] mysql:host=127.0.0.1;dbname=kyd_web_zhongwan;charset=utf8
[ sql ] [ SQL ] SELECT `id`,`catname`,`url` FROM `yzn_category` WHERE  `status` = 1  AND `parentid` = 51 ORDER BY `listorder`,`id` [ RunTime:0.000507s ]
[ sql ] [ DB ] CONNECT:[ UseTime:0.000566s ] mysql:host=127.0.0.1;dbname=kyd_web_zhongwan;charset=utf8
[ sql ] [ SQL ] SHOW COLUMNS FROM `yzn_instrument` [ RunTime:0.000778s ]
[ sql ] [ SQL ] SELECT `id`,`title` FROM `yzn_instrument` WHERE  `status` = 1 ORDER BY `listorder`,`id` [ RunTime:0.000407s ]
[ sql ] [ DB ] CONNECT:[ UseTime:0.000435s ] mysql:host=127.0.0.1;dbname=kyd_web_zhongwan;charset=utf8
[ sql ] [ SQL ] SELECT `id`,`catname`,`url` FROM `yzn_category` WHERE  `status` = 1  AND `parentid` = 47 ORDER BY `listorder`,`id` [ RunTime:0.000470s ]
[ sql ] [ DB ] CONNECT:[ UseTime:0.000341s ] mysql:host=127.0.0.1;dbname=kyd_web_zhongwan;charset=utf8
[ sql ] [ SQL ] SHOW COLUMNS FROM `yzn_reagentclinical` [ RunTime:0.000656s ]
[ sql ] [ SQL ] SELECT `id`,`title` FROM `yzn_reagentclinical` WHERE  `status` = 1  AND `catid` = 48 ORDER BY `listorder`,`id` [ RunTime:0.000879s ]
[ sql ] [ DB ] CONNECT:[ UseTime:0.000387s ] mysql:host=127.0.0.1;dbname=kyd_web_zhongwan;charset=utf8
[ sql ] [ SQL ] SELECT `id`,`title` FROM `yzn_reagentclinical` WHERE  `status` = 1  AND `catid` = 65 ORDER BY `listorder`,`id` [ RunTime:0.000420s ]
[ sql ] [ DB ] CONNECT:[ UseTime:0.000328s ] mysql:host=127.0.0.1;dbname=kyd_web_zhongwan;charset=utf8
[ sql ] [ SQL ] SHOW COLUMNS FROM `yzn_solution` [ RunTime:0.000666s ]
[ sql ] [ SQL ] SELECT `id`,title as catname FROM `yzn_solution` WHERE  `status` = 1 ORDER BY `listorder`,`id` [ RunTime:0.000325s ]
[ sql ] [ DB ] CONNECT:[ UseTime:0.000336s ] mysql:host=127.0.0.1;dbname=kyd_web_zhongwan;charset=utf8
[ sql ] [ SQL ] SELECT `id`,`catname`,`url` FROM `yzn_category` WHERE  `status` = 1  AND `parentid` = 30 ORDER BY `listorder`,`id` [ RunTime:0.000315s ]
[ sql ] [ DB ] CONNECT:[ UseTime:0.000327s ] mysql:host=127.0.0.1;dbname=kyd_web_zhongwan;charset=utf8
[ sql ] [ SQL ] SHOW COLUMNS FROM `yzn_mycompany` [ RunTime:0.001129s ]
[ sql ] [ SQL ] SELECT `id`,`title`,`address`,`email`,`phone` FROM `yzn_mycompany` WHERE  `status` = 1 ORDER BY `id` [ RunTime:0.000531s ]
[ sql ] [ DB ] CONNECT:[ UseTime:0.000365s ] mysql:host=127.0.0.1;dbname=kyd_web_zhongwan;charset=utf8
[ sql ] [ SQL ] SELECT `id`,`catname`,`url` FROM `yzn_category` WHERE  `parentid` = 0  AND `bottom_status` = 1 ORDER BY `listorder` [ RunTime:0.000440s ]
[ sql ] [ SQL ] SELECT `id`,`catname`,`image`,`picname`,`subpicname`,`setting`,`description` FROM `yzn_category` WHERE  `id` = 1 LIMIT 1 [ RunTime:0.000451s ]
[ sql ] [ SQL ] SHOW COLUMNS FROM `yzn_attachment` [ RunTime:0.000874s ]
[ sql ] [ SQL ] SELECT * FROM `yzn_attachment` WHERE  `id` = 927 [ RunTime:0.001018s ]
[ sql ] [ SQL ] SHOW COLUMNS FROM `yzn_index` [ RunTime:0.001354s ]
[ sql ] [ SQL ] SELECT * FROM `yzn_index` WHERE  `catid` = 1  AND `status` = 1 ORDER BY `listorder` DESC LIMIT 1 [ RunTime:0.000979s ]
[ sql ] [ SQL ] SELECT * FROM `yzn_attachment` WHERE  `id` = 528 [ RunTime:0.000395s ]
[ sql ] [ SQL ] SELECT * FROM `yzn_attachment` WHERE  `id` = 716 [ RunTime:0.000332s ]
[ sql ] [ SQL ] SHOW COLUMNS FROM `yzn_cooperation` [ RunTime:0.000796s ]
[ sql ] [ SQL ] SELECT `id`,`title`,`linkurl`,`thumb` FROM `yzn_cooperation` WHERE  `status` = 1 ORDER BY `id` [ RunTime:0.001203s ]
[ sql ] [ SQL ] SELECT * FROM `yzn_attachment` WHERE  `id` IN (529,530,531,532,533) [ RunTime:0.002900s ]
[ sql ] [ SQL ] SHOW COLUMNS FROM `yzn_information` [ RunTime:0.001163s ]
[ sql ] [ SQL ] SELECT `id`,`catid`,`title`,`thumb`,`inputtime`,`resume` FROM `yzn_information` WHERE  `status` = 1 ORDER BY `listorder`,`id` DESC LIMIT 3 [ RunTime:0.002741s ]
[ sql ] [ SQL ] SELECT * FROM `yzn_attachment` WHERE  `id` IN (1182,1181,1026) [ RunTime:0.001172s ]
[ sql ] [ SQL ] SELECT `id`,`catid`,`title`,`thumb`,`inputtime`,`entitle`,`remark`,`banner`,`recommend`,`goods` FROM `yzn_solution` WHERE  `status` = 1 ORDER BY `listorder`,`id` [ RunTime:0.000621s ]
[ sql ] [ SQL ] SELECT * FROM `yzn_attachment` WHERE  `id` IN (572,573,574) [ RunTime:0.000494s ]
[ sql ] [ SQL ] SELECT * FROM `yzn_attachment` WHERE  `id` IN (594,595,596) [ RunTime:0.000421s ]
[ sql ] [ SQL ] SELECT `id`,`title`,`index_img`,`remark` FROM `yzn_instrument` WHERE  `status` = 1  AND (  FIND_IN_SET(2,`flag`) ) ORDER BY `listorder`,`id` LIMIT 1 [ RunTime:0.001336s ]
[ sql ] [ SQL ] SELECT * FROM `yzn_attachment` WHERE  `id` = 980 [ RunTime:0.000592s ]
[ error ] [8]未定义数组索引: sub[/Applications/phpstudy/coyotehttpch/runtime/temp/d9425083b35a95431b970426e049226b.php:39]
[ error ] [8]未定义数组索引: sub[/Applications/phpstudy/coyotehttpch/runtime/temp/d9425083b35a95431b970426e049226b.php:43]
[ error ] [8]未定义数组索引: sub[/Applications/phpstudy/coyotehttpch/runtime/temp/d9425083b35a95431b970426e049226b.php:39]
[ error ] [8]未定义数组索引: sub[/Applications/phpstudy/coyotehttpch/runtime/temp/d9425083b35a95431b970426e049226b.php:43]
[ error ] [8]未定义数组索引: sub[/Applications/phpstudy/coyotehttpch/runtime/temp/d9425083b35a95431b970426e049226b.php:49]
[ error ] [8]未定义数组索引: sub[/Applications/phpstudy/coyotehttpch/runtime/temp/d9425083b35a95431b970426e049226b.php:49]
[ error ] [8]未定义数组索引: sub[/Applications/phpstudy/coyotehttpch/runtime/temp/d9425083b35a95431b970426e049226b.php:49]
[ error ] [8]未定义数组索引: sub[/Applications/phpstudy/coyotehttpch/runtime/temp/d9425083b35a95431b970426e049226b.php:49]
[ error ] [8]未定义数组索引: sub[/Applications/phpstudy/coyotehttpch/runtime/temp/d9425083b35a95431b970426e049226b.php:49]
[ error ] [8]未定义数组索引: sub[/Applications/phpstudy/coyotehttpch/runtime/temp/d9425083b35a95431b970426e049226b.php:49]
[ error ] [8]未定义数组索引: sub[/Applications/phpstudy/coyotehttpch/runtime/temp/d9425083b35a95431b970426e049226b.php:49]
[ error ] [8]未定义数组索引: sub[/Applications/phpstudy/coyotehttpch/runtime/temp/d9425083b35a95431b970426e049226b.php:49]
[ error ] [8]未定义数组索引: sub[/Applications/phpstudy/coyotehttpch/runtime/temp/d9425083b35a95431b970426e049226b.php:49]
---------------------------------------------------------------

[2023-02-28T10:08:53+08:00] ::1 GET localhost:8080/solution_info/id/1.html
[运行时间：0.025750s] [吞吐率：38.84req/s] [内存消耗：1,888.73kb] [文件加载：176]
[ info ] [ LANG ] /Applications/phpstudy/coyotehttpch/thinkphp/lang/zh-cn.php
[ info ] [ ROUTE ] array (
)
[ info ] [ HEADER ] array (
  'cookie' => 'city=null; Hm_lpvt_a8f67055341f98053f02a1eb4e55382a=1627962011; Token=eyJ0eXAiOiJKV1QiLCJhbGciOiJIUzI1NiJ9.eyJpc3MiOiJ3d3cuaml1bmlkdS5jb20iLCJhdWQiOiJsb2NhbGhvc3Q6OTUyOCIsImlhdCI6MTYzMTg5MDQyNCwiZXhwIjoxNjMxODk3NjI0LCJhaWQiOjUzMywidWlkIjoxLCJpZGUiOiIiLCJqdGkiOiI5ZjE2MzU3ZTdmYjcyMmE4MWFkM2QxOTA5ZDU3ODVkYSIsImV4dCI6W119.tXEK19aNR6aY3ZQySSJSHP2_tHmNY7gRmQjia1Yxx3E; ACCESS_TOKEN=4291d7da9005377ec9aec4a71ea837f; vue_admin_template_token=eyJ0eXAiOiJKV1QiLCJhbGciOiJIUzI1NiJ9.eyJpc3MiOiJodHRwczpcL1wvd3d3LmppdW5pZHUuY29tIiwiYXVkIjoiaHR0cHM6XC9cL3N0b3JlLmppdW5pZHUuY29tIiwiaWF0IjoxNjM5NzExOTQ3LCJleHAiOjE2Mzk3MTU1NDcsImFpZCI6NDcsInVpZCI6MSwiaWRlIjoiIiwianRpIjoiNmUwN2E0ZWQ3ZTM2ODkyOWI2YmFmZDFhMTAyNGRkZDAifQ.OzdgvbF_O_dFBj6-1_gs6ts3MqEBXqo-jFsd_GywDXg; Admin-Token=admin-token; userid=1; token=ceshitoken; Idea-14db8b9e=fc44bba6-1711-4667-b839-b4754c1518d0; Idea-b43838f8=883bcbff-0fca-49f0-84bf-84b2b15edc29; Admin-Phone=undefined; sidebarStatus=0; JSESSIONID=434BA564AE216164827E3818AA9BC26F; PHPSESSID=go8a5simsiraol8o3nf81enpjs',
  'accept-language' => 'zh-CN,zh;q=0.9',
  'accept-encoding' => 'gzip, deflate, br',
  'referer' => 'http://localhost:8080/',
  'sec-fetch-dest' => 'document',
  'sec-fetch-user' => '?1',
  'sec-fetch-mode' => 'navigate',
  'sec-fetch-site' => 'same-origin',
  'accept' => 'text/html,application/xhtml+xml,application/xml;q=0.9,image/avif,image/webp,image/apng,*/*;q=0.8,application/signed-exchange;v=b3;q=0.9',
  'user-agent' => 'Mozilla/5.0 (Macintosh; Intel Mac OS X 10_13_6) AppleWebKit/537.36 (KHTML, like Gecko) Chrome/109.0.0.0 Safari/537.36',
  'upgrade-insecure-requests' => '1',
  'sec-ch-ua-platform' => '"macOS"',
  'sec-ch-ua-mobile' => '?0',
  'sec-ch-ua' => '"Not_A Brand";v="99", "Google Chrome";v="109", "Chromium";v="109"',
  'connection' => 'close',
  'host' => 'localhost:8080',
)
[ info ] [ PARAM ] array (
  '/solution_info/id/1_html' => '',
  'id' => '1',
)
[ info ] [ DB ] INIT mysql
[ info ] [ DB ] INIT mysql
[ info ] [ DB ] INIT mysql
[ info ] [ DB ] INIT mysql
[ info ] [ DB ] INIT mysql
[ info ] [ DB ] INIT mysql
[ info ] [ DB ] INIT mysql
[ info ] [ DB ] INIT mysql
[ info ] [ DB ] INIT mysql
[ info ] [ DB ] INIT mysql
[ sql ] [ DB ] CONNECT:[ UseTime:0.000508s ] mysql:host=127.0.0.1;dbname=kyd_web_zhongwan;charset=utf8
[ sql ] [ SQL ] SHOW COLUMNS FROM `yzn_category` [ RunTime:0.000680s ]
[ sql ] [ SQL ] SELECT `id`,`catname`,`url`,`child` FROM `yzn_category` WHERE  `status` = 1  AND `parentid` = 0 ORDER BY `listorder` [ RunTime:0.000474s ]
[ sql ] [ DB ] CONNECT:[ UseTime:0.000481s ] mysql:host=127.0.0.1;dbname=kyd_web_zhongwan;charset=utf8
[ sql ] [ SQL ] SELECT `id`,`catname`,`url` FROM `yzn_category` WHERE  `status` = 1  AND `parentid` = 51 ORDER BY `listorder`,`id` [ RunTime:0.000516s ]
[ sql ] [ DB ] CONNECT:[ UseTime:0.000440s ] mysql:host=127.0.0.1;dbname=kyd_web_zhongwan;charset=utf8
[ sql ] [ SQL ] SHOW COLUMNS FROM `yzn_instrument` [ RunTime:0.000673s ]
[ sql ] [ SQL ] SELECT `id`,`title` FROM `yzn_instrument` WHERE  `status` = 1 ORDER BY `listorder`,`id` [ RunTime:0.000521s ]
[ sql ] [ DB ] CONNECT:[ UseTime:0.000451s ] mysql:host=127.0.0.1;dbname=kyd_web_zhongwan;charset=utf8
[ sql ] [ SQL ] SELECT `id`,`catname`,`url` FROM `yzn_category` WHERE  `status` = 1  AND `parentid` = 47 ORDER BY `listorder`,`id` [ RunTime:0.000441s ]
[ sql ] [ DB ] CONNECT:[ UseTime:0.000331s ] mysql:host=127.0.0.1;dbname=kyd_web_zhongwan;charset=utf8
[ sql ] [ SQL ] SHOW COLUMNS FROM `yzn_reagentclinical` [ RunTime:0.000693s ]
[ sql ] [ SQL ] SELECT `id`,`title` FROM `yzn_reagentclinical` WHERE  `status` = 1  AND `catid` = 48 ORDER BY `listorder`,`id` [ RunTime:0.000347s ]
[ sql ] [ DB ] CONNECT:[ UseTime:0.000431s ] mysql:host=127.0.0.1;dbname=kyd_web_zhongwan;charset=utf8
[ sql ] [ SQL ] SELECT `id`,`title` FROM `yzn_reagentclinical` WHERE  `status` = 1  AND `catid` = 65 ORDER BY `listorder`,`id` [ RunTime:0.000592s ]
[ sql ] [ DB ] CONNECT:[ UseTime:0.000424s ] mysql:host=127.0.0.1;dbname=kyd_web_zhongwan;charset=utf8
[ sql ] [ SQL ] SHOW COLUMNS FROM `yzn_solution` [ RunTime:0.000820s ]
[ sql ] [ SQL ] SELECT `id`,title as catname FROM `yzn_solution` WHERE  `status` = 1 ORDER BY `listorder`,`id` [ RunTime:0.000360s ]
[ sql ] [ DB ] CONNECT:[ UseTime:0.000336s ] mysql:host=127.0.0.1;dbname=kyd_web_zhongwan;charset=utf8
[ sql ] [ SQL ] SELECT `id`,`catname`,`url` FROM `yzn_category` WHERE  `status` = 1  AND `parentid` = 30 ORDER BY `listorder`,`id` [ RunTime:0.000289s ]
[ sql ] [ DB ] CONNECT:[ UseTime:0.000301s ] mysql:host=127.0.0.1;dbname=kyd_web_zhongwan;charset=utf8
[ sql ] [ SQL ] SHOW COLUMNS FROM `yzn_mycompany` [ RunTime:0.000609s ]
[ sql ] [ SQL ] SELECT `id`,`title`,`address`,`email`,`phone` FROM `yzn_mycompany` WHERE  `status` = 1 ORDER BY `id` [ RunTime:0.000273s ]
[ sql ] [ DB ] CONNECT:[ UseTime:0.000281s ] mysql:host=127.0.0.1;dbname=kyd_web_zhongwan;charset=utf8
[ sql ] [ SQL ] SELECT `id`,`catname`,`url` FROM `yzn_category` WHERE  `parentid` = 0  AND `bottom_status` = 1 ORDER BY `listorder` [ RunTime:0.000288s ]
[ sql ] [ SQL ] SELECT `id`,`parentid`,`catname`,`image`,`picname`,`subpicname`,`setting`,`description` FROM `yzn_category` WHERE  `id` = 46 LIMIT 1 [ RunTime:0.000252s ]
[ sql ] [ SQL ] SHOW COLUMNS FROM `yzn_attachment` [ RunTime:0.000553s ]
[ sql ] [ SQL ] SELECT * FROM `yzn_attachment` WHERE  `id` = 625 [ RunTime:0.000329s ]
[ sql ] [ SQL ] SELECT * FROM `yzn_solution` WHERE  `id` = 1 LIMIT 1 [ RunTime:0.001194s ]
[ sql ] [ SQL ] SELECT * FROM `yzn_attachment` WHERE  `id` = 703 [ RunTime:0.000316s ]
[ sql ] [ SQL ] SELECT `id`,`title`,`thumb` FROM `yzn_instrument` WHERE  `id` IN (3,6,7,2)  AND `status` = 1 ORDER BY `listorder` [ RunTime:0.000443s ]
[ sql ] [ SQL ] SELECT * FROM `yzn_attachment` WHERE  `id` IN (1024,980,678,974) [ RunTime:0.000574s ]
[ error ] [8]未定义数组索引: sub[/Applications/phpstudy/coyotehttpch/runtime/temp/4c3b82bb7b22f6469dea9fefbb5df042.php:31]
[ error ] [8]未定义数组索引: sub[/Applications/phpstudy/coyotehttpch/runtime/temp/4c3b82bb7b22f6469dea9fefbb5df042.php:35]
[ error ] [8]未定义数组索引: sub[/Applications/phpstudy/coyotehttpch/runtime/temp/4c3b82bb7b22f6469dea9fefbb5df042.php:31]
[ error ] [8]未定义数组索引: sub[/Applications/phpstudy/coyotehttpch/runtime/temp/4c3b82bb7b22f6469dea9fefbb5df042.php:35]
[ error ] [8]未定义数组索引: sub[/Applications/phpstudy/coyotehttpch/runtime/temp/4c3b82bb7b22f6469dea9fefbb5df042.php:41]
[ error ] [8]未定义数组索引: sub[/Applications/phpstudy/coyotehttpch/runtime/temp/4c3b82bb7b22f6469dea9fefbb5df042.php:41]
[ error ] [8]未定义数组索引: sub[/Applications/phpstudy/coyotehttpch/runtime/temp/4c3b82bb7b22f6469dea9fefbb5df042.php:41]
[ error ] [8]未定义数组索引: sub[/Applications/phpstudy/coyotehttpch/runtime/temp/4c3b82bb7b22f6469dea9fefbb5df042.php:41]
[ error ] [8]未定义数组索引: sub[/Applications/phpstudy/coyotehttpch/runtime/temp/4c3b82bb7b22f6469dea9fefbb5df042.php:41]
[ error ] [8]未定义数组索引: sub[/Applications/phpstudy/coyotehttpch/runtime/temp/4c3b82bb7b22f6469dea9fefbb5df042.php:41]
[ error ] [8]未定义数组索引: sub[/Applications/phpstudy/coyotehttpch/runtime/temp/4c3b82bb7b22f6469dea9fefbb5df042.php:41]
[ error ] [8]未定义数组索引: sub[/Applications/phpstudy/coyotehttpch/runtime/temp/4c3b82bb7b22f6469dea9fefbb5df042.php:41]
[ error ] [8]未定义数组索引: sub[/Applications/phpstudy/coyotehttpch/runtime/temp/4c3b82bb7b22f6469dea9fefbb5df042.php:41]
---------------------------------------------------------------

[2023-02-28T10:08:54+08:00] ::1 GET localhost:8080/solution_info/id/icon.png
[运行时间：0.018825s] [吞吐率：53.12req/s] [内存消耗：1,849.55kb] [文件加载：173]
[ info ] [ LANG ] /Applications/phpstudy/coyotehttpch/thinkphp/lang/zh-cn.php
[ info ] [ ROUTE ] array (
)
[ info ] [ HEADER ] array (
  'cookie' => 'city=null; Hm_lpvt_a8f67055341f98053f02a1eb4e55382a=1627962011; Token=eyJ0eXAiOiJKV1QiLCJhbGciOiJIUzI1NiJ9.eyJpc3MiOiJ3d3cuaml1bmlkdS5jb20iLCJhdWQiOiJsb2NhbGhvc3Q6OTUyOCIsImlhdCI6MTYzMTg5MDQyNCwiZXhwIjoxNjMxODk3NjI0LCJhaWQiOjUzMywidWlkIjoxLCJpZGUiOiIiLCJqdGkiOiI5ZjE2MzU3ZTdmYjcyMmE4MWFkM2QxOTA5ZDU3ODVkYSIsImV4dCI6W119.tXEK19aNR6aY3ZQySSJSHP2_tHmNY7gRmQjia1Yxx3E; ACCESS_TOKEN=4291d7da9005377ec9aec4a71ea837f; vue_admin_template_token=eyJ0eXAiOiJKV1QiLCJhbGciOiJIUzI1NiJ9.eyJpc3MiOiJodHRwczpcL1wvd3d3LmppdW5pZHUuY29tIiwiYXVkIjoiaHR0cHM6XC9cL3N0b3JlLmppdW5pZHUuY29tIiwiaWF0IjoxNjM5NzExOTQ3LCJleHAiOjE2Mzk3MTU1NDcsImFpZCI6NDcsInVpZCI6MSwiaWRlIjoiIiwianRpIjoiNmUwN2E0ZWQ3ZTM2ODkyOWI2YmFmZDFhMTAyNGRkZDAifQ.OzdgvbF_O_dFBj6-1_gs6ts3MqEBXqo-jFsd_GywDXg; Admin-Token=admin-token; userid=1; token=ceshitoken; Idea-14db8b9e=fc44bba6-1711-4667-b839-b4754c1518d0; Idea-b43838f8=883bcbff-0fca-49f0-84bf-84b2b15edc29; Admin-Phone=undefined; sidebarStatus=0; JSESSIONID=434BA564AE216164827E3818AA9BC26F; PHPSESSID=go8a5simsiraol8o3nf81enpjs',
  'accept-language' => 'zh-CN,zh;q=0.9',
  'accept-encoding' => 'gzip, deflate, br',
  'referer' => 'http://localhost:8080/solution_info/id/1.html',
  'sec-fetch-dest' => 'image',
  'sec-fetch-mode' => 'no-cors',
  'sec-fetch-site' => 'same-origin',
  'accept' => 'image/avif,image/webp,image/apng,image/svg+xml,image/*,*/*;q=0.8',
  'sec-ch-ua-platform' => '"macOS"',
  'user-agent' => 'Mozilla/5.0 (Macintosh; Intel Mac OS X 10_13_6) AppleWebKit/537.36 (KHTML, like Gecko) Chrome/109.0.0.0 Safari/537.36',
  'sec-ch-ua-mobile' => '?0',
  'sec-ch-ua' => '"Not_A Brand";v="99", "Google Chrome";v="109", "Chromium";v="109"',
  'connection' => 'close',
  'host' => 'localhost:8080',
)
[ info ] [ PARAM ] array (
  '/solution_info/id/icon_png' => '',
  'id' => 'icon.png',
)
[ info ] [ DB ] INIT mysql
[ info ] [ DB ] INIT mysql
[ info ] [ DB ] INIT mysql
[ info ] [ DB ] INIT mysql
[ info ] [ DB ] INIT mysql
[ info ] [ DB ] INIT mysql
[ info ] [ DB ] INIT mysql
[ info ] [ DB ] INIT mysql
[ info ] [ DB ] INIT mysql
[ info ] [ DB ] INIT mysql
[ sql ] [ DB ] CONNECT:[ UseTime:0.000471s ] mysql:host=127.0.0.1;dbname=kyd_web_zhongwan;charset=utf8
[ sql ] [ SQL ] SHOW COLUMNS FROM `yzn_category` [ RunTime:0.000749s ]
[ sql ] [ SQL ] SELECT `id`,`catname`,`url`,`child` FROM `yzn_category` WHERE  `status` = 1  AND `parentid` = 0 ORDER BY `listorder` [ RunTime:0.000358s ]
[ sql ] [ DB ] CONNECT:[ UseTime:0.000375s ] mysql:host=127.0.0.1;dbname=kyd_web_zhongwan;charset=utf8
[ sql ] [ SQL ] SELECT `id`,`catname`,`url` FROM `yzn_category` WHERE  `status` = 1  AND `parentid` = 51 ORDER BY `listorder`,`id` [ RunTime:0.000434s ]
[ sql ] [ DB ] CONNECT:[ UseTime:0.000369s ] mysql:host=127.0.0.1;dbname=kyd_web_zhongwan;charset=utf8
[ sql ] [ SQL ] SHOW COLUMNS FROM `yzn_instrument` [ RunTime:0.000686s ]
[ sql ] [ SQL ] SELECT `id`,`title` FROM `yzn_instrument` WHERE  `status` = 1 ORDER BY `listorder`,`id` [ RunTime:0.000336s ]
[ sql ] [ DB ] CONNECT:[ UseTime:0.000331s ] mysql:host=127.0.0.1;dbname=kyd_web_zhongwan;charset=utf8
[ sql ] [ SQL ] SELECT `id`,`catname`,`url` FROM `yzn_category` WHERE  `status` = 1  AND `parentid` = 47 ORDER BY `listorder`,`id` [ RunTime:0.000323s ]
[ sql ] [ DB ] CONNECT:[ UseTime:0.000309s ] mysql:host=127.0.0.1;dbname=kyd_web_zhongwan;charset=utf8
[ sql ] [ SQL ] SHOW COLUMNS FROM `yzn_reagentclinical` [ RunTime:0.000530s ]
[ sql ] [ SQL ] SELECT `id`,`title` FROM `yzn_reagentclinical` WHERE  `status` = 1  AND `catid` = 48 ORDER BY `listorder`,`id` [ RunTime:0.000340s ]
[ sql ] [ DB ] CONNECT:[ UseTime:0.000340s ] mysql:host=127.0.0.1;dbname=kyd_web_zhongwan;charset=utf8
[ sql ] [ SQL ] SELECT `id`,`title` FROM `yzn_reagentclinical` WHERE  `status` = 1  AND `catid` = 65 ORDER BY `listorder`,`id` [ RunTime:0.000416s ]
[ sql ] [ DB ] CONNECT:[ UseTime:0.000351s ] mysql:host=127.0.0.1;dbname=kyd_web_zhongwan;charset=utf8
[ sql ] [ SQL ] SHOW COLUMNS FROM `yzn_solution` [ RunTime:0.000615s ]
[ sql ] [ SQL ] SELECT `id`,title as catname FROM `yzn_solution` WHERE  `status` = 1 ORDER BY `listorder`,`id` [ RunTime:0.000314s ]
[ sql ] [ DB ] CONNECT:[ UseTime:0.000309s ] mysql:host=127.0.0.1;dbname=kyd_web_zhongwan;charset=utf8
[ sql ] [ SQL ] SELECT `id`,`catname`,`url` FROM `yzn_category` WHERE  `status` = 1  AND `parentid` = 30 ORDER BY `listorder`,`id` [ RunTime:0.000301s ]
[ sql ] [ DB ] CONNECT:[ UseTime:0.000299s ] mysql:host=127.0.0.1;dbname=kyd_web_zhongwan;charset=utf8
[ sql ] [ SQL ] SHOW COLUMNS FROM `yzn_mycompany` [ RunTime:0.000604s ]
[ sql ] [ SQL ] SELECT `id`,`title`,`address`,`email`,`phone` FROM `yzn_mycompany` WHERE  `status` = 1 ORDER BY `id` [ RunTime:0.000399s ]
[ sql ] [ DB ] CONNECT:[ UseTime:0.000354s ] mysql:host=127.0.0.1;dbname=kyd_web_zhongwan;charset=utf8
[ sql ] [ SQL ] SELECT `id`,`catname`,`url` FROM `yzn_category` WHERE  `parentid` = 0  AND `bottom_status` = 1 ORDER BY `listorder` [ RunTime:0.000333s ]
[ sql ] [ SQL ] SELECT `id`,`parentid`,`catname`,`image`,`picname`,`subpicname`,`setting`,`description` FROM `yzn_category` WHERE  `id` = 46 LIMIT 1 [ RunTime:0.000394s ]
[ sql ] [ SQL ] SHOW COLUMNS FROM `yzn_attachment` [ RunTime:0.000829s ]
[ sql ] [ SQL ] SELECT * FROM `yzn_attachment` WHERE  `id` = 625 [ RunTime:0.000358s ]
[ sql ] [ SQL ] SELECT * FROM `yzn_solution` WHERE  `id` = icon.png LIMIT 1 [ RunTime:0.000514s ]
[ error ] [8]compact(): Undefined variable: solutionCount[/Applications/phpstudy/coyotehttpch/application/index/controller/Index.php:253]
---------------------------------------------------------------

[2023-02-28T10:16:50+08:00] ::1 GET localhost:8080/solution_info/id/1.html
[运行时间：0.025852s] [吞吐率：38.68req/s] [内存消耗：1,888.23kb] [文件加载：176]
[ info ] [ LANG ] /Applications/phpstudy/coyotehttpch/thinkphp/lang/zh-cn.php
[ info ] [ ROUTE ] array (
)
[ info ] [ HEADER ] array (
  'cookie' => 'city=null; Hm_lpvt_a8f67055341f98053f02a1eb4e55382a=1627962011; Token=eyJ0eXAiOiJKV1QiLCJhbGciOiJIUzI1NiJ9.eyJpc3MiOiJ3d3cuaml1bmlkdS5jb20iLCJhdWQiOiJsb2NhbGhvc3Q6OTUyOCIsImlhdCI6MTYzMTg5MDQyNCwiZXhwIjoxNjMxODk3NjI0LCJhaWQiOjUzMywidWlkIjoxLCJpZGUiOiIiLCJqdGkiOiI5ZjE2MzU3ZTdmYjcyMmE4MWFkM2QxOTA5ZDU3ODVkYSIsImV4dCI6W119.tXEK19aNR6aY3ZQySSJSHP2_tHmNY7gRmQjia1Yxx3E; ACCESS_TOKEN=4291d7da9005377ec9aec4a71ea837f; vue_admin_template_token=eyJ0eXAiOiJKV1QiLCJhbGciOiJIUzI1NiJ9.eyJpc3MiOiJodHRwczpcL1wvd3d3LmppdW5pZHUuY29tIiwiYXVkIjoiaHR0cHM6XC9cL3N0b3JlLmppdW5pZHUuY29tIiwiaWF0IjoxNjM5NzExOTQ3LCJleHAiOjE2Mzk3MTU1NDcsImFpZCI6NDcsInVpZCI6MSwiaWRlIjoiIiwianRpIjoiNmUwN2E0ZWQ3ZTM2ODkyOWI2YmFmZDFhMTAyNGRkZDAifQ.OzdgvbF_O_dFBj6-1_gs6ts3MqEBXqo-jFsd_GywDXg; Admin-Token=admin-token; userid=1; token=ceshitoken; Idea-14db8b9e=fc44bba6-1711-4667-b839-b4754c1518d0; Idea-b43838f8=883bcbff-0fca-49f0-84bf-84b2b15edc29; Admin-Phone=undefined; sidebarStatus=0; JSESSIONID=434BA564AE216164827E3818AA9BC26F; PHPSESSID=go8a5simsiraol8o3nf81enpjs',
  'accept-language' => 'zh-CN,zh;q=0.9',
  'accept-encoding' => 'gzip, deflate, br',
  'referer' => 'http://localhost:8080/',
  'sec-fetch-dest' => 'document',
  'sec-fetch-user' => '?1',
  'sec-fetch-mode' => 'navigate',
  'sec-fetch-site' => 'same-origin',
  'accept' => 'text/html,application/xhtml+xml,application/xml;q=0.9,image/avif,image/webp,image/apng,*/*;q=0.8,application/signed-exchange;v=b3;q=0.9',
  'user-agent' => 'Mozilla/5.0 (Macintosh; Intel Mac OS X 10_13_6) AppleWebKit/537.36 (KHTML, like Gecko) Chrome/109.0.0.0 Safari/537.36',
  'upgrade-insecure-requests' => '1',
  'sec-ch-ua-platform' => '"macOS"',
  'sec-ch-ua-mobile' => '?0',
  'sec-ch-ua' => '"Not_A Brand";v="99", "Google Chrome";v="109", "Chromium";v="109"',
  'cache-control' => 'max-age=0',
  'connection' => 'close',
  'host' => 'localhost:8080',
)
[ info ] [ PARAM ] array (
  '/solution_info/id/1_html' => '',
  'id' => '1',
)
[ info ] [ DB ] INIT mysql
[ info ] [ DB ] INIT mysql
[ info ] [ DB ] INIT mysql
[ info ] [ DB ] INIT mysql
[ info ] [ DB ] INIT mysql
[ info ] [ DB ] INIT mysql
[ info ] [ DB ] INIT mysql
[ info ] [ DB ] INIT mysql
[ info ] [ DB ] INIT mysql
[ info ] [ DB ] INIT mysql
[ sql ] [ DB ] CONNECT:[ UseTime:0.000521s ] mysql:host=127.0.0.1;dbname=kyd_web_zhongwan;charset=utf8
[ sql ] [ SQL ] SHOW COLUMNS FROM `yzn_category` [ RunTime:0.000792s ]
[ sql ] [ SQL ] SELECT `id`,`catname`,`url`,`child` FROM `yzn_category` WHERE  `status` = 1  AND `parentid` = 0 ORDER BY `listorder` [ RunTime:0.000433s ]
[ sql ] [ DB ] CONNECT:[ UseTime:0.000447s ] mysql:host=127.0.0.1;dbname=kyd_web_zhongwan;charset=utf8
[ sql ] [ SQL ] SELECT `id`,`catname`,`url` FROM `yzn_category` WHERE  `status` = 1  AND `parentid` = 51 ORDER BY `listorder`,`id` [ RunTime:0.000488s ]
[ sql ] [ DB ] CONNECT:[ UseTime:0.000400s ] mysql:host=127.0.0.1;dbname=kyd_web_zhongwan;charset=utf8
[ sql ] [ SQL ] SHOW COLUMNS FROM `yzn_instrument` [ RunTime:0.000756s ]
[ sql ] [ SQL ] SELECT `id`,`title` FROM `yzn_instrument` WHERE  `status` = 1 ORDER BY `listorder`,`id` [ RunTime:0.000380s ]
[ sql ] [ DB ] CONNECT:[ UseTime:0.000418s ] mysql:host=127.0.0.1;dbname=kyd_web_zhongwan;charset=utf8
[ sql ] [ SQL ] SELECT `id`,`catname`,`url` FROM `yzn_category` WHERE  `status` = 1  AND `parentid` = 47 ORDER BY `listorder`,`id` [ RunTime:0.000376s ]
[ sql ] [ DB ] CONNECT:[ UseTime:0.000396s ] mysql:host=127.0.0.1;dbname=kyd_web_zhongwan;charset=utf8
[ sql ] [ SQL ] SHOW COLUMNS FROM `yzn_reagentclinical` [ RunTime:0.000659s ]
[ sql ] [ SQL ] SELECT `id`,`title` FROM `yzn_reagentclinical` WHERE  `status` = 1  AND `catid` = 48 ORDER BY `listorder`,`id` [ RunTime:0.000403s ]
[ sql ] [ DB ] CONNECT:[ UseTime:0.000386s ] mysql:host=127.0.0.1;dbname=kyd_web_zhongwan;charset=utf8
[ sql ] [ SQL ] SELECT `id`,`title` FROM `yzn_reagentclinical` WHERE  `status` = 1  AND `catid` = 65 ORDER BY `listorder`,`id` [ RunTime:0.000454s ]
[ sql ] [ DB ] CONNECT:[ UseTime:0.000358s ] mysql:host=127.0.0.1;dbname=kyd_web_zhongwan;charset=utf8
[ sql ] [ SQL ] SHOW COLUMNS FROM `yzn_solution` [ RunTime:0.000620s ]
[ sql ] [ SQL ] SELECT `id`,title as catname FROM `yzn_solution` WHERE  `status` = 1 ORDER BY `listorder`,`id` [ RunTime:0.000358s ]
[ sql ] [ DB ] CONNECT:[ UseTime:0.000465s ] mysql:host=127.0.0.1;dbname=kyd_web_zhongwan;charset=utf8
[ sql ] [ SQL ] SELECT `id`,`catname`,`url` FROM `yzn_category` WHERE  `status` = 1  AND `parentid` = 30 ORDER BY `listorder`,`id` [ RunTime:0.000348s ]
[ sql ] [ DB ] CONNECT:[ UseTime:0.000356s ] mysql:host=127.0.0.1;dbname=kyd_web_zhongwan;charset=utf8
[ sql ] [ SQL ] SHOW COLUMNS FROM `yzn_mycompany` [ RunTime:0.000680s ]
[ sql ] [ SQL ] SELECT `id`,`title`,`address`,`email`,`phone` FROM `yzn_mycompany` WHERE  `status` = 1 ORDER BY `id` [ RunTime:0.000346s ]
[ sql ] [ DB ] CONNECT:[ UseTime:0.000396s ] mysql:host=127.0.0.1;dbname=kyd_web_zhongwan;charset=utf8
[ sql ] [ SQL ] SELECT `id`,`catname`,`url` FROM `yzn_category` WHERE  `parentid` = 0  AND `bottom_status` = 1 ORDER BY `listorder` [ RunTime:0.000319s ]
[ sql ] [ SQL ] SELECT `id`,`parentid`,`catname`,`image`,`picname`,`subpicname`,`setting`,`description` FROM `yzn_category` WHERE  `id` = 46 LIMIT 1 [ RunTime:0.000287s ]
[ sql ] [ SQL ] SHOW COLUMNS FROM `yzn_attachment` [ RunTime:0.000568s ]
[ sql ] [ SQL ] SELECT * FROM `yzn_attachment` WHERE  `id` = 625 [ RunTime:0.000262s ]
[ sql ] [ SQL ] SELECT * FROM `yzn_solution` WHERE  `id` = 1 LIMIT 1 [ RunTime:0.000383s ]
[ sql ] [ SQL ] SELECT * FROM `yzn_attachment` WHERE  `id` = 703 [ RunTime:0.000249s ]
[ sql ] [ SQL ] SELECT `id`,`title`,`thumb` FROM `yzn_instrument` WHERE  `id` IN (3,6,7,2)  AND `status` = 1 ORDER BY `listorder` [ RunTime:0.000403s ]
[ sql ] [ SQL ] SELECT * FROM `yzn_attachment` WHERE  `id` IN (1024,980,678,974) [ RunTime:0.000285s ]
[ error ] [8]未定义数组索引: sub[/Applications/phpstudy/coyotehttpch/runtime/temp/4c3b82bb7b22f6469dea9fefbb5df042.php:31]
[ error ] [8]未定义数组索引: sub[/Applications/phpstudy/coyotehttpch/runtime/temp/4c3b82bb7b22f6469dea9fefbb5df042.php:35]
[ error ] [8]未定义数组索引: sub[/Applications/phpstudy/coyotehttpch/runtime/temp/4c3b82bb7b22f6469dea9fefbb5df042.php:31]
[ error ] [8]未定义数组索引: sub[/Applications/phpstudy/coyotehttpch/runtime/temp/4c3b82bb7b22f6469dea9fefbb5df042.php:35]
[ error ] [8]未定义数组索引: sub[/Applications/phpstudy/coyotehttpch/runtime/temp/4c3b82bb7b22f6469dea9fefbb5df042.php:41]
[ error ] [8]未定义数组索引: sub[/Applications/phpstudy/coyotehttpch/runtime/temp/4c3b82bb7b22f6469dea9fefbb5df042.php:41]
[ error ] [8]未定义数组索引: sub[/Applications/phpstudy/coyotehttpch/runtime/temp/4c3b82bb7b22f6469dea9fefbb5df042.php:41]
[ error ] [8]未定义数组索引: sub[/Applications/phpstudy/coyotehttpch/runtime/temp/4c3b82bb7b22f6469dea9fefbb5df042.php:41]
[ error ] [8]未定义数组索引: sub[/Applications/phpstudy/coyotehttpch/runtime/temp/4c3b82bb7b22f6469dea9fefbb5df042.php:41]
[ error ] [8]未定义数组索引: sub[/Applications/phpstudy/coyotehttpch/runtime/temp/4c3b82bb7b22f6469dea9fefbb5df042.php:41]
[ error ] [8]未定义数组索引: sub[/Applications/phpstudy/coyotehttpch/runtime/temp/4c3b82bb7b22f6469dea9fefbb5df042.php:41]
[ error ] [8]未定义数组索引: sub[/Applications/phpstudy/coyotehttpch/runtime/temp/4c3b82bb7b22f6469dea9fefbb5df042.php:41]
[ error ] [8]未定义数组索引: sub[/Applications/phpstudy/coyotehttpch/runtime/temp/4c3b82bb7b22f6469dea9fefbb5df042.php:41]
---------------------------------------------------------------

[2023-02-28T10:16:50+08:00] ::1 GET localhost:8080/solution_info/id/icon.png
[运行时间：0.024623s] [吞吐率：40.61req/s] [内存消耗：1,849.16kb] [文件加载：173]
[ info ] [ LANG ] /Applications/phpstudy/coyotehttpch/thinkphp/lang/zh-cn.php
[ info ] [ ROUTE ] array (
)
[ info ] [ HEADER ] array (
  'cookie' => 'city=null; Hm_lpvt_a8f67055341f98053f02a1eb4e55382a=1627962011; Token=eyJ0eXAiOiJKV1QiLCJhbGciOiJIUzI1NiJ9.eyJpc3MiOiJ3d3cuaml1bmlkdS5jb20iLCJhdWQiOiJsb2NhbGhvc3Q6OTUyOCIsImlhdCI6MTYzMTg5MDQyNCwiZXhwIjoxNjMxODk3NjI0LCJhaWQiOjUzMywidWlkIjoxLCJpZGUiOiIiLCJqdGkiOiI5ZjE2MzU3ZTdmYjcyMmE4MWFkM2QxOTA5ZDU3ODVkYSIsImV4dCI6W119.tXEK19aNR6aY3ZQySSJSHP2_tHmNY7gRmQjia1Yxx3E; ACCESS_TOKEN=4291d7da9005377ec9aec4a71ea837f; vue_admin_template_token=eyJ0eXAiOiJKV1QiLCJhbGciOiJIUzI1NiJ9.eyJpc3MiOiJodHRwczpcL1wvd3d3LmppdW5pZHUuY29tIiwiYXVkIjoiaHR0cHM6XC9cL3N0b3JlLmppdW5pZHUuY29tIiwiaWF0IjoxNjM5NzExOTQ3LCJleHAiOjE2Mzk3MTU1NDcsImFpZCI6NDcsInVpZCI6MSwiaWRlIjoiIiwianRpIjoiNmUwN2E0ZWQ3ZTM2ODkyOWI2YmFmZDFhMTAyNGRkZDAifQ.OzdgvbF_O_dFBj6-1_gs6ts3MqEBXqo-jFsd_GywDXg; Admin-Token=admin-token; userid=1; token=ceshitoken; Idea-14db8b9e=fc44bba6-1711-4667-b839-b4754c1518d0; Idea-b43838f8=883bcbff-0fca-49f0-84bf-84b2b15edc29; Admin-Phone=undefined; sidebarStatus=0; JSESSIONID=434BA564AE216164827E3818AA9BC26F; PHPSESSID=go8a5simsiraol8o3nf81enpjs',
  'accept-language' => 'zh-CN,zh;q=0.9',
  'accept-encoding' => 'gzip, deflate, br',
  'referer' => 'http://localhost:8080/solution_info/id/1.html',
  'sec-fetch-dest' => 'image',
  'sec-fetch-mode' => 'no-cors',
  'sec-fetch-site' => 'same-origin',
  'accept' => 'image/avif,image/webp,image/apng,image/svg+xml,image/*,*/*;q=0.8',
  'sec-ch-ua-platform' => '"macOS"',
  'user-agent' => 'Mozilla/5.0 (Macintosh; Intel Mac OS X 10_13_6) AppleWebKit/537.36 (KHTML, like Gecko) Chrome/109.0.0.0 Safari/537.36',
  'sec-ch-ua-mobile' => '?0',
  'sec-ch-ua' => '"Not_A Brand";v="99", "Google Chrome";v="109", "Chromium";v="109"',
  'connection' => 'close',
  'host' => 'localhost:8080',
)
[ info ] [ PARAM ] array (
  '/solution_info/id/icon_png' => '',
  'id' => 'icon.png',
)
[ info ] [ DB ] INIT mysql
[ info ] [ DB ] INIT mysql
[ info ] [ DB ] INIT mysql
[ info ] [ DB ] INIT mysql
[ info ] [ DB ] INIT mysql
[ info ] [ DB ] INIT mysql
[ info ] [ DB ] INIT mysql
[ info ] [ DB ] INIT mysql
[ info ] [ DB ] INIT mysql
[ info ] [ DB ] INIT mysql
[ sql ] [ DB ] CONNECT:[ UseTime:0.000848s ] mysql:host=127.0.0.1;dbname=kyd_web_zhongwan;charset=utf8
[ sql ] [ SQL ] SHOW COLUMNS FROM `yzn_category` [ RunTime:0.001146s ]
[ sql ] [ SQL ] SELECT `id`,`catname`,`url`,`child` FROM `yzn_category` WHERE  `status` = 1  AND `parentid` = 0 ORDER BY `listorder` [ RunTime:0.000433s ]
[ sql ] [ DB ] CONNECT:[ UseTime:0.000604s ] mysql:host=127.0.0.1;dbname=kyd_web_zhongwan;charset=utf8
[ sql ] [ SQL ] SELECT `id`,`catname`,`url` FROM `yzn_category` WHERE  `status` = 1  AND `parentid` = 51 ORDER BY `listorder`,`id` [ RunTime:0.000726s ]
[ sql ] [ DB ] CONNECT:[ UseTime:0.000752s ] mysql:host=127.0.0.1;dbname=kyd_web_zhongwan;charset=utf8
[ sql ] [ SQL ] SHOW COLUMNS FROM `yzn_instrument` [ RunTime:0.001163s ]
[ sql ] [ SQL ] SELECT `id`,`title` FROM `yzn_instrument` WHERE  `status` = 1 ORDER BY `listorder`,`id` [ RunTime:0.000586s ]
[ sql ] [ DB ] CONNECT:[ UseTime:0.000448s ] mysql:host=127.0.0.1;dbname=kyd_web_zhongwan;charset=utf8
[ sql ] [ SQL ] SELECT `id`,`catname`,`url` FROM `yzn_category` WHERE  `status` = 1  AND `parentid` = 47 ORDER BY `listorder`,`id` [ RunTime:0.000389s ]
[ sql ] [ DB ] CONNECT:[ UseTime:0.000386s ] mysql:host=127.0.0.1;dbname=kyd_web_zhongwan;charset=utf8
[ sql ] [ SQL ] SHOW COLUMNS FROM `yzn_reagentclinical` [ RunTime:0.000793s ]
[ sql ] [ SQL ] SELECT `id`,`title` FROM `yzn_reagentclinical` WHERE  `status` = 1  AND `catid` = 48 ORDER BY `listorder`,`id` [ RunTime:0.000442s ]
[ sql ] [ DB ] CONNECT:[ UseTime:0.000510s ] mysql:host=127.0.0.1;dbname=kyd_web_zhongwan;charset=utf8
[ sql ] [ SQL ] SELECT `id`,`title` FROM `yzn_reagentclinical` WHERE  `status` = 1  AND `catid` = 65 ORDER BY `listorder`,`id` [ RunTime:0.000518s ]
[ sql ] [ DB ] CONNECT:[ UseTime:0.000355s ] mysql:host=127.0.0.1;dbname=kyd_web_zhongwan;charset=utf8
[ sql ] [ SQL ] SHOW COLUMNS FROM `yzn_solution` [ RunTime:0.000556s ]
[ sql ] [ SQL ] SELECT `id`,title as catname FROM `yzn_solution` WHERE  `status` = 1 ORDER BY `listorder`,`id` [ RunTime:0.000343s ]
[ sql ] [ DB ] CONNECT:[ UseTime:0.000344s ] mysql:host=127.0.0.1;dbname=kyd_web_zhongwan;charset=utf8
[ sql ] [ SQL ] SELECT `id`,`catname`,`url` FROM `yzn_category` WHERE  `status` = 1  AND `parentid` = 30 ORDER BY `listorder`,`id` [ RunTime:0.000403s ]
[ sql ] [ DB ] CONNECT:[ UseTime:0.000490s ] mysql:host=127.0.0.1;dbname=kyd_web_zhongwan;charset=utf8
[ sql ] [ SQL ] SHOW COLUMNS FROM `yzn_mycompany` [ RunTime:0.000681s ]
[ sql ] [ SQL ] SELECT `id`,`title`,`address`,`email`,`phone` FROM `yzn_mycompany` WHERE  `status` = 1 ORDER BY `id` [ RunTime:0.000379s ]
[ sql ] [ DB ] CONNECT:[ UseTime:0.000369s ] mysql:host=127.0.0.1;dbname=kyd_web_zhongwan;charset=utf8
[ sql ] [ SQL ] SELECT `id`,`catname`,`url` FROM `yzn_category` WHERE  `parentid` = 0  AND `bottom_status` = 1 ORDER BY `listorder` [ RunTime:0.000423s ]
[ sql ] [ SQL ] SELECT `id`,`parentid`,`catname`,`image`,`picname`,`subpicname`,`setting`,`description` FROM `yzn_category` WHERE  `id` = 46 LIMIT 1 [ RunTime:0.000480s ]
[ sql ] [ SQL ] SHOW COLUMNS FROM `yzn_attachment` [ RunTime:0.000826s ]
[ sql ] [ SQL ] SELECT * FROM `yzn_attachment` WHERE  `id` = 625 [ RunTime:0.000399s ]
[ sql ] [ SQL ] SELECT * FROM `yzn_solution` WHERE  `id` = icon.png LIMIT 1 [ RunTime:0.000479s ]
[ error ] [8]compact(): Undefined variable: solutionCount[/Applications/phpstudy/coyotehttpch/application/index/controller/Index.php:253]
---------------------------------------------------------------

[2023-02-28T10:16:51+08:00] ::1 GET localhost:8080/
[运行时间：0.027736s] [吞吐率：36.05req/s] [内存消耗：1,983.16kb] [文件加载：180]
[ info ] [ LANG ] /Applications/phpstudy/coyotehttpch/thinkphp/lang/zh-cn.php
[ info ] [ ROUTE ] array (
)
[ info ] [ HEADER ] array (
  'cookie' => 'city=null; Hm_lpvt_a8f67055341f98053f02a1eb4e55382a=1627962011; Token=eyJ0eXAiOiJKV1QiLCJhbGciOiJIUzI1NiJ9.eyJpc3MiOiJ3d3cuaml1bmlkdS5jb20iLCJhdWQiOiJsb2NhbGhvc3Q6OTUyOCIsImlhdCI6MTYzMTg5MDQyNCwiZXhwIjoxNjMxODk3NjI0LCJhaWQiOjUzMywidWlkIjoxLCJpZGUiOiIiLCJqdGkiOiI5ZjE2MzU3ZTdmYjcyMmE4MWFkM2QxOTA5ZDU3ODVkYSIsImV4dCI6W119.tXEK19aNR6aY3ZQySSJSHP2_tHmNY7gRmQjia1Yxx3E; ACCESS_TOKEN=4291d7da9005377ec9aec4a71ea837f; vue_admin_template_token=eyJ0eXAiOiJKV1QiLCJhbGciOiJIUzI1NiJ9.eyJpc3MiOiJodHRwczpcL1wvd3d3LmppdW5pZHUuY29tIiwiYXVkIjoiaHR0cHM6XC9cL3N0b3JlLmppdW5pZHUuY29tIiwiaWF0IjoxNjM5NzExOTQ3LCJleHAiOjE2Mzk3MTU1NDcsImFpZCI6NDcsInVpZCI6MSwiaWRlIjoiIiwianRpIjoiNmUwN2E0ZWQ3ZTM2ODkyOWI2YmFmZDFhMTAyNGRkZDAifQ.OzdgvbF_O_dFBj6-1_gs6ts3MqEBXqo-jFsd_GywDXg; Admin-Token=admin-token; userid=1; token=ceshitoken; Idea-14db8b9e=fc44bba6-1711-4667-b839-b4754c1518d0; Idea-b43838f8=883bcbff-0fca-49f0-84bf-84b2b15edc29; Admin-Phone=undefined; sidebarStatus=0; JSESSIONID=434BA564AE216164827E3818AA9BC26F; PHPSESSID=go8a5simsiraol8o3nf81enpjs',
  'accept-language' => 'zh-CN,zh;q=0.9',
  'accept-encoding' => 'gzip, deflate, br',
  'referer' => 'http://localhost:8080/solution_info/id/1.html',
  'sec-fetch-dest' => 'document',
  'sec-fetch-user' => '?1',
  'sec-fetch-mode' => 'navigate',
  'sec-fetch-site' => 'same-origin',
  'accept' => 'text/html,application/xhtml+xml,application/xml;q=0.9,image/avif,image/webp,image/apng,*/*;q=0.8,application/signed-exchange;v=b3;q=0.9',
  'user-agent' => 'Mozilla/5.0 (Macintosh; Intel Mac OS X 10_13_6) AppleWebKit/537.36 (KHTML, like Gecko) Chrome/109.0.0.0 Safari/537.36',
  'upgrade-insecure-requests' => '1',
  'sec-ch-ua-platform' => '"macOS"',
  'sec-ch-ua-mobile' => '?0',
  'sec-ch-ua' => '"Not_A Brand";v="99", "Google Chrome";v="109", "Chromium";v="109"',
  'connection' => 'close',
  'host' => 'localhost:8080',
)
[ info ] [ PARAM ] array (
)
[ info ] [ DB ] INIT mysql
[ info ] [ DB ] INIT mysql
[ info ] [ DB ] INIT mysql
[ info ] [ DB ] INIT mysql
[ info ] [ DB ] INIT mysql
[ info ] [ DB ] INIT mysql
[ info ] [ DB ] INIT mysql
[ info ] [ DB ] INIT mysql
[ info ] [ DB ] INIT mysql
[ info ] [ DB ] INIT mysql
[ info ] [ VIEW ] /Applications/phpstudy/coyotehttpch/application/index/view/index/index.html [ array (
  0 => 'mycompany',
  1 => 'menu',
  2 => 'bottom_menu',
  3 => 'seo',
  4 => 'cate',
  5 => 'index',
  6 => 'cooperation',
  7 => 'news',
  8 => 'solution',
  9 => 'instrument',
) ]
[ sql ] [ DB ] CONNECT:[ UseTime:0.000549s ] mysql:host=127.0.0.1;dbname=kyd_web_zhongwan;charset=utf8
[ sql ] [ SQL ] SHOW COLUMNS FROM `yzn_category` [ RunTime:0.000791s ]
[ sql ] [ SQL ] SELECT `id`,`catname`,`url`,`child` FROM `yzn_category` WHERE  `status` = 1  AND `parentid` = 0 ORDER BY `listorder` [ RunTime:0.000482s ]
[ sql ] [ DB ] CONNECT:[ UseTime:0.000451s ] mysql:host=127.0.0.1;dbname=kyd_web_zhongwan;charset=utf8
[ sql ] [ SQL ] SELECT `id`,`catname`,`url` FROM `yzn_category` WHERE  `status` = 1  AND `parentid` = 51 ORDER BY `listorder`,`id` [ RunTime:0.000419s ]
[ sql ] [ DB ] CONNECT:[ UseTime:0.000408s ] mysql:host=127.0.0.1;dbname=kyd_web_zhongwan;charset=utf8
[ sql ] [ SQL ] SHOW COLUMNS FROM `yzn_instrument` [ RunTime:0.000663s ]
[ sql ] [ SQL ] SELECT `id`,`title` FROM `yzn_instrument` WHERE  `status` = 1 ORDER BY `listorder`,`id` [ RunTime:0.000358s ]
[ sql ] [ DB ] CONNECT:[ UseTime:0.000335s ] mysql:host=127.0.0.1;dbname=kyd_web_zhongwan;charset=utf8
[ sql ] [ SQL ] SELECT `id`,`catname`,`url` FROM `yzn_category` WHERE  `status` = 1  AND `parentid` = 47 ORDER BY `listorder`,`id` [ RunTime:0.000278s ]
[ sql ] [ DB ] CONNECT:[ UseTime:0.000375s ] mysql:host=127.0.0.1;dbname=kyd_web_zhongwan;charset=utf8
[ sql ] [ SQL ] SHOW COLUMNS FROM `yzn_reagentclinical` [ RunTime:0.000612s ]
[ sql ] [ SQL ] SELECT `id`,`title` FROM `yzn_reagentclinical` WHERE  `status` = 1  AND `catid` = 48 ORDER BY `listorder`,`id` [ RunTime:0.000379s ]
[ sql ] [ DB ] CONNECT:[ UseTime:0.000321s ] mysql:host=127.0.0.1;dbname=kyd_web_zhongwan;charset=utf8
[ sql ] [ SQL ] SELECT `id`,`title` FROM `yzn_reagentclinical` WHERE  `status` = 1  AND `catid` = 65 ORDER BY `listorder`,`id` [ RunTime:0.000390s ]
[ sql ] [ DB ] CONNECT:[ UseTime:0.000332s ] mysql:host=127.0.0.1;dbname=kyd_web_zhongwan;charset=utf8
[ sql ] [ SQL ] SHOW COLUMNS FROM `yzn_solution` [ RunTime:0.000692s ]
[ sql ] [ SQL ] SELECT `id`,title as catname FROM `yzn_solution` WHERE  `status` = 1 ORDER BY `listorder`,`id` [ RunTime:0.000367s ]
[ sql ] [ DB ] CONNECT:[ UseTime:0.000364s ] mysql:host=127.0.0.1;dbname=kyd_web_zhongwan;charset=utf8
[ sql ] [ SQL ] SELECT `id`,`catname`,`url` FROM `yzn_category` WHERE  `status` = 1  AND `parentid` = 30 ORDER BY `listorder`,`id` [ RunTime:0.000361s ]
[ sql ] [ DB ] CONNECT:[ UseTime:0.000358s ] mysql:host=127.0.0.1;dbname=kyd_web_zhongwan;charset=utf8
[ sql ] [ SQL ] SHOW COLUMNS FROM `yzn_mycompany` [ RunTime:0.000609s ]
[ sql ] [ SQL ] SELECT `id`,`title`,`address`,`email`,`phone` FROM `yzn_mycompany` WHERE  `status` = 1 ORDER BY `id` [ RunTime:0.000343s ]
[ sql ] [ DB ] CONNECT:[ UseTime:0.000286s ] mysql:host=127.0.0.1;dbname=kyd_web_zhongwan;charset=utf8
[ sql ] [ SQL ] SELECT `id`,`catname`,`url` FROM `yzn_category` WHERE  `parentid` = 0  AND `bottom_status` = 1 ORDER BY `listorder` [ RunTime:0.000298s ]
[ sql ] [ SQL ] SELECT `id`,`catname`,`image`,`picname`,`subpicname`,`setting`,`description` FROM `yzn_category` WHERE  `id` = 1 LIMIT 1 [ RunTime:0.000290s ]
[ sql ] [ SQL ] SHOW COLUMNS FROM `yzn_attachment` [ RunTime:0.000501s ]
[ sql ] [ SQL ] SELECT * FROM `yzn_attachment` WHERE  `id` = 927 [ RunTime:0.000426s ]
[ sql ] [ SQL ] SHOW COLUMNS FROM `yzn_index` [ RunTime:0.000623s ]
[ sql ] [ SQL ] SELECT * FROM `yzn_index` WHERE  `catid` = 1  AND `status` = 1 ORDER BY `listorder` DESC LIMIT 1 [ RunTime:0.000332s ]
[ sql ] [ SQL ] SELECT * FROM `yzn_attachment` WHERE  `id` = 528 [ RunTime:0.000248s ]
[ sql ] [ SQL ] SELECT * FROM `yzn_attachment` WHERE  `id` = 716 [ RunTime:0.000238s ]
[ sql ] [ SQL ] SHOW COLUMNS FROM `yzn_cooperation` [ RunTime:0.000528s ]
[ sql ] [ SQL ] SELECT `id`,`title`,`linkurl`,`thumb` FROM `yzn_cooperation` WHERE  `status` = 1 ORDER BY `id` [ RunTime:0.000271s ]
[ sql ] [ SQL ] SELECT * FROM `yzn_attachment` WHERE  `id` IN (529,530,531,532,533) [ RunTime:0.000347s ]
[ sql ] [ SQL ] SHOW COLUMNS FROM `yzn_information` [ RunTime:0.000560s ]
[ sql ] [ SQL ] SELECT `id`,`catid`,`title`,`thumb`,`inputtime`,`resume` FROM `yzn_information` WHERE  `status` = 1 ORDER BY `listorder`,`id` DESC LIMIT 3 [ RunTime:0.000581s ]
[ sql ] [ SQL ] SELECT * FROM `yzn_attachment` WHERE  `id` IN (1182,1181,1026) [ RunTime:0.000300s ]
[ sql ] [ SQL ] SELECT `id`,`catid`,`title`,`thumb`,`inputtime`,`entitle`,`remark`,`banner`,`recommend`,`goods` FROM `yzn_solution` WHERE  `status` = 1 ORDER BY `listorder`,`id` [ RunTime:0.000312s ]
[ sql ] [ SQL ] SELECT * FROM `yzn_attachment` WHERE  `id` IN (572,573,574) [ RunTime:0.000277s ]
[ sql ] [ SQL ] SELECT * FROM `yzn_attachment` WHERE  `id` IN (594,595,596) [ RunTime:0.000266s ]
[ sql ] [ SQL ] SELECT `id`,`title`,`index_img`,`remark` FROM `yzn_instrument` WHERE  `status` = 1  AND (  FIND_IN_SET(2,`flag`) ) ORDER BY `listorder`,`id` LIMIT 1 [ RunTime:0.000388s ]
[ sql ] [ SQL ] SELECT * FROM `yzn_attachment` WHERE  `id` = 980 [ RunTime:0.000236s ]
[ error ] [8]未定义数组索引: sub[/Applications/phpstudy/coyotehttpch/runtime/temp/d9425083b35a95431b970426e049226b.php:39]
[ error ] [8]未定义数组索引: sub[/Applications/phpstudy/coyotehttpch/runtime/temp/d9425083b35a95431b970426e049226b.php:43]
[ error ] [8]未定义数组索引: sub[/Applications/phpstudy/coyotehttpch/runtime/temp/d9425083b35a95431b970426e049226b.php:39]
[ error ] [8]未定义数组索引: sub[/Applications/phpstudy/coyotehttpch/runtime/temp/d9425083b35a95431b970426e049226b.php:43]
[ error ] [8]未定义数组索引: sub[/Applications/phpstudy/coyotehttpch/runtime/temp/d9425083b35a95431b970426e049226b.php:49]
[ error ] [8]未定义数组索引: sub[/Applications/phpstudy/coyotehttpch/runtime/temp/d9425083b35a95431b970426e049226b.php:49]
[ error ] [8]未定义数组索引: sub[/Applications/phpstudy/coyotehttpch/runtime/temp/d9425083b35a95431b970426e049226b.php:49]
[ error ] [8]未定义数组索引: sub[/Applications/phpstudy/coyotehttpch/runtime/temp/d9425083b35a95431b970426e049226b.php:49]
[ error ] [8]未定义数组索引: sub[/Applications/phpstudy/coyotehttpch/runtime/temp/d9425083b35a95431b970426e049226b.php:49]
[ error ] [8]未定义数组索引: sub[/Applications/phpstudy/coyotehttpch/runtime/temp/d9425083b35a95431b970426e049226b.php:49]
[ error ] [8]未定义数组索引: sub[/Applications/phpstudy/coyotehttpch/runtime/temp/d9425083b35a95431b970426e049226b.php:49]
[ error ] [8]未定义数组索引: sub[/Applications/phpstudy/coyotehttpch/runtime/temp/d9425083b35a95431b970426e049226b.php:49]
[ error ] [8]未定义数组索引: sub[/Applications/phpstudy/coyotehttpch/runtime/temp/d9425083b35a95431b970426e049226b.php:49]
---------------------------------------------------------------

[2023-02-28T10:17:17+08:00] ::1 GET localhost:8080/reagent_tank.html
[运行时间：0.027637s] [吞吐率：36.18req/s] [内存消耗：1,898.52kb] [文件加载：176]
[ info ] [ LANG ] /Applications/phpstudy/coyotehttpch/thinkphp/lang/zh-cn.php
[ info ] [ ROUTE ] array (
)
[ info ] [ HEADER ] array (
  'cookie' => 'city=null; Hm_lpvt_a8f67055341f98053f02a1eb4e55382a=1627962011; Token=eyJ0eXAiOiJKV1QiLCJhbGciOiJIUzI1NiJ9.eyJpc3MiOiJ3d3cuaml1bmlkdS5jb20iLCJhdWQiOiJsb2NhbGhvc3Q6OTUyOCIsImlhdCI6MTYzMTg5MDQyNCwiZXhwIjoxNjMxODk3NjI0LCJhaWQiOjUzMywidWlkIjoxLCJpZGUiOiIiLCJqdGkiOiI5ZjE2MzU3ZTdmYjcyMmE4MWFkM2QxOTA5ZDU3ODVkYSIsImV4dCI6W119.tXEK19aNR6aY3ZQySSJSHP2_tHmNY7gRmQjia1Yxx3E; ACCESS_TOKEN=4291d7da9005377ec9aec4a71ea837f; vue_admin_template_token=eyJ0eXAiOiJKV1QiLCJhbGciOiJIUzI1NiJ9.eyJpc3MiOiJodHRwczpcL1wvd3d3LmppdW5pZHUuY29tIiwiYXVkIjoiaHR0cHM6XC9cL3N0b3JlLmppdW5pZHUuY29tIiwiaWF0IjoxNjM5NzExOTQ3LCJleHAiOjE2Mzk3MTU1NDcsImFpZCI6NDcsInVpZCI6MSwiaWRlIjoiIiwianRpIjoiNmUwN2E0ZWQ3ZTM2ODkyOWI2YmFmZDFhMTAyNGRkZDAifQ.OzdgvbF_O_dFBj6-1_gs6ts3MqEBXqo-jFsd_GywDXg; Admin-Token=admin-token; userid=1; token=ceshitoken; Idea-14db8b9e=fc44bba6-1711-4667-b839-b4754c1518d0; Idea-b43838f8=883bcbff-0fca-49f0-84bf-84b2b15edc29; Admin-Phone=undefined; sidebarStatus=0; JSESSIONID=434BA564AE216164827E3818AA9BC26F; PHPSESSID=go8a5simsiraol8o3nf81enpjs',
  'accept-language' => 'zh-CN,zh;q=0.9',
  'accept-encoding' => 'gzip, deflate, br',
  'referer' => 'http://localhost:8080/',
  'sec-fetch-dest' => 'document',
  'sec-fetch-user' => '?1',
  'sec-fetch-mode' => 'navigate',
  'sec-fetch-site' => 'same-origin',
  'accept' => 'text/html,application/xhtml+xml,application/xml;q=0.9,image/avif,image/webp,image/apng,*/*;q=0.8,application/signed-exchange;v=b3;q=0.9',
  'user-agent' => 'Mozilla/5.0 (Macintosh; Intel Mac OS X 10_13_6) AppleWebKit/537.36 (KHTML, like Gecko) Chrome/109.0.0.0 Safari/537.36',
  'upgrade-insecure-requests' => '1',
  'sec-ch-ua-platform' => '"macOS"',
  'sec-ch-ua-mobile' => '?0',
  'sec-ch-ua' => '"Not_A Brand";v="99", "Google Chrome";v="109", "Chromium";v="109"',
  'connection' => 'close',
  'host' => 'localhost:8080',
)
[ info ] [ PARAM ] array (
  '/reagent_tank_html' => '',
)
[ info ] [ DB ] INIT mysql
[ info ] [ DB ] INIT mysql
[ info ] [ DB ] INIT mysql
[ info ] [ DB ] INIT mysql
[ info ] [ DB ] INIT mysql
[ info ] [ DB ] INIT mysql
[ info ] [ DB ] INIT mysql
[ info ] [ DB ] INIT mysql
[ info ] [ DB ] INIT mysql
[ info ] [ DB ] INIT mysql
[ info ] [ VIEW ] /Applications/phpstudy/coyotehttpch/application/index/view/index/reagent_tank.html [ array (
  0 => 'mycompany',
  1 => 'menu',
  2 => 'bottom_menu',
  3 => 'seo',
  4 => 'cate',
  5 => 'reagent',
  6 => 'reagentdata',
  7 => 'reagentdataCount',
) ]
[ sql ] [ DB ] CONNECT:[ UseTime:0.000568s ] mysql:host=127.0.0.1;dbname=kyd_web_zhongwan;charset=utf8
[ sql ] [ SQL ] SHOW COLUMNS FROM `yzn_category` [ RunTime:0.000821s ]
[ sql ] [ SQL ] SELECT `id`,`catname`,`url`,`child` FROM `yzn_category` WHERE  `status` = 1  AND `parentid` = 0 ORDER BY `listorder` [ RunTime:0.000442s ]
[ sql ] [ DB ] CONNECT:[ UseTime:0.000411s ] mysql:host=127.0.0.1;dbname=kyd_web_zhongwan;charset=utf8
[ sql ] [ SQL ] SELECT `id`,`catname`,`url` FROM `yzn_category` WHERE  `status` = 1  AND `parentid` = 51 ORDER BY `listorder`,`id` [ RunTime:0.000404s ]
[ sql ] [ DB ] CONNECT:[ UseTime:0.000463s ] mysql:host=127.0.0.1;dbname=kyd_web_zhongwan;charset=utf8
[ sql ] [ SQL ] SHOW COLUMNS FROM `yzn_instrument` [ RunTime:0.000775s ]
[ sql ] [ SQL ] SELECT `id`,`title` FROM `yzn_instrument` WHERE  `status` = 1 ORDER BY `listorder`,`id` [ RunTime:0.000356s ]
[ sql ] [ DB ] CONNECT:[ UseTime:0.000492s ] mysql:host=127.0.0.1;dbname=kyd_web_zhongwan;charset=utf8
[ sql ] [ SQL ] SELECT `id`,`catname`,`url` FROM `yzn_category` WHERE  `status` = 1  AND `parentid` = 47 ORDER BY `listorder`,`id` [ RunTime:0.000423s ]
[ sql ] [ DB ] CONNECT:[ UseTime:0.000552s ] mysql:host=127.0.0.1;dbname=kyd_web_zhongwan;charset=utf8
[ sql ] [ SQL ] SHOW COLUMNS FROM `yzn_reagentclinical` [ RunTime:0.000684s ]
[ sql ] [ SQL ] SELECT `id`,`title` FROM `yzn_reagentclinical` WHERE  `status` = 1  AND `catid` = 48 ORDER BY `listorder`,`id` [ RunTime:0.000358s ]
[ sql ] [ DB ] CONNECT:[ UseTime:0.000437s ] mysql:host=127.0.0.1;dbname=kyd_web_zhongwan;charset=utf8
[ sql ] [ SQL ] SELECT `id`,`title` FROM `yzn_reagentclinical` WHERE  `status` = 1  AND `catid` = 65 ORDER BY `listorder`,`id` [ RunTime:0.000445s ]
[ sql ] [ DB ] CONNECT:[ UseTime:0.000396s ] mysql:host=127.0.0.1;dbname=kyd_web_zhongwan;charset=utf8
[ sql ] [ SQL ] SHOW COLUMNS FROM `yzn_solution` [ RunTime:0.000639s ]
[ sql ] [ SQL ] SELECT `id`,title as catname FROM `yzn_solution` WHERE  `status` = 1 ORDER BY `listorder`,`id` [ RunTime:0.000368s ]
[ sql ] [ DB ] CONNECT:[ UseTime:0.000382s ] mysql:host=127.0.0.1;dbname=kyd_web_zhongwan;charset=utf8
[ sql ] [ SQL ] SELECT `id`,`catname`,`url` FROM `yzn_category` WHERE  `status` = 1  AND `parentid` = 30 ORDER BY `listorder`,`id` [ RunTime:0.000359s ]
[ sql ] [ DB ] CONNECT:[ UseTime:0.000381s ] mysql:host=127.0.0.1;dbname=kyd_web_zhongwan;charset=utf8
[ sql ] [ SQL ] SHOW COLUMNS FROM `yzn_mycompany` [ RunTime:0.000655s ]
[ sql ] [ SQL ] SELECT `id`,`title`,`address`,`email`,`phone` FROM `yzn_mycompany` WHERE  `status` = 1 ORDER BY `id` [ RunTime:0.000328s ]
[ sql ] [ DB ] CONNECT:[ UseTime:0.000305s ] mysql:host=127.0.0.1;dbname=kyd_web_zhongwan;charset=utf8
[ sql ] [ SQL ] SELECT `id`,`catname`,`url` FROM `yzn_category` WHERE  `parentid` = 0  AND `bottom_status` = 1 ORDER BY `listorder` [ RunTime:0.000299s ]
[ sql ] [ SQL ] SELECT `id`,`parentid`,`catname`,`image`,`picname`,`subpicname`,`setting`,`description` FROM `yzn_category` WHERE  `id` = 65 LIMIT 1 [ RunTime:0.000292s ]
[ sql ] [ SQL ] SHOW COLUMNS FROM `yzn_attachment` [ RunTime:0.000582s ]
[ sql ] [ SQL ] SELECT * FROM `yzn_attachment` WHERE  `id` = 700 [ RunTime:0.000308s ]
[ sql ] [ SQL ] SHOW COLUMNS FROM `yzn_smallflashtank` [ RunTime:0.000651s ]
[ sql ] [ SQL ] SELECT * FROM `yzn_smallflashtank` LIMIT 1 [ RunTime:0.000562s ]
[ sql ] [ SQL ] SELECT * FROM `yzn_attachment` WHERE  `id` = 1182 [ RunTime:0.000302s ]
[ sql ] [ SQL ] SELECT * FROM `yzn_attachment` WHERE  `id` = 1182 [ RunTime:0.000355s ]
[ sql ] [ SQL ] SELECT * FROM `yzn_reagentclinical` WHERE  `status` = 1  AND `catid` = 65 ORDER BY `listorder`,`id` [ RunTime:0.000437s ]
[ sql ] [ SQL ] SELECT * FROM `yzn_attachment` WHERE  `id` = 1181 [ RunTime:0.000340s ]
[ sql ] [ SQL ] SELECT * FROM `yzn_attachment` WHERE  `id` = 1182 [ RunTime:0.000366s ]
[ error ] [8]未定义数组索引: sub[/Applications/phpstudy/coyotehttpch/runtime/temp/98825aa501e322ddfa5e4558f6e8e7e3.php:31]
[ error ] [8]未定义数组索引: sub[/Applications/phpstudy/coyotehttpch/runtime/temp/98825aa501e322ddfa5e4558f6e8e7e3.php:35]
[ error ] [8]未定义数组索引: sub[/Applications/phpstudy/coyotehttpch/runtime/temp/98825aa501e322ddfa5e4558f6e8e7e3.php:31]
[ error ] [8]未定义数组索引: sub[/Applications/phpstudy/coyotehttpch/runtime/temp/98825aa501e322ddfa5e4558f6e8e7e3.php:35]
[ error ] [8]未定义数组索引: sub[/Applications/phpstudy/coyotehttpch/runtime/temp/98825aa501e322ddfa5e4558f6e8e7e3.php:41]
[ error ] [8]未定义数组索引: sub[/Applications/phpstudy/coyotehttpch/runtime/temp/98825aa501e322ddfa5e4558f6e8e7e3.php:41]
[ error ] [8]未定义数组索引: sub[/Applications/phpstudy/coyotehttpch/runtime/temp/98825aa501e322ddfa5e4558f6e8e7e3.php:41]
[ error ] [8]未定义数组索引: sub[/Applications/phpstudy/coyotehttpch/runtime/temp/98825aa501e322ddfa5e4558f6e8e7e3.php:41]
[ error ] [8]未定义数组索引: sub[/Applications/phpstudy/coyotehttpch/runtime/temp/98825aa501e322ddfa5e4558f6e8e7e3.php:41]
[ error ] [8]未定义数组索引: sub[/Applications/phpstudy/coyotehttpch/runtime/temp/98825aa501e322ddfa5e4558f6e8e7e3.php:41]
[ error ] [8]未定义数组索引: sub[/Applications/phpstudy/coyotehttpch/runtime/temp/98825aa501e322ddfa5e4558f6e8e7e3.php:41]
[ error ] [8]未定义数组索引: sub[/Applications/phpstudy/coyotehttpch/runtime/temp/98825aa501e322ddfa5e4558f6e8e7e3.php:41]
[ error ] [8]未定义数组索引: sub[/Applications/phpstudy/coyotehttpch/runtime/temp/98825aa501e322ddfa5e4558f6e8e7e3.php:41]
