---------------------------------------------------------------

[2023-02-04T23:57:49+08:00] 47.98.252.79 GET www.coyotebio.com/
[运行时间：0.081811s] [吞吐率：12.22req/s] [内存消耗：5,184.76kb] [文件加载：180]
[ info ] [ LANG ] /www/wwwroot/kyd.web.zhongwangyingtong.com/thinkphp/lang/zh-cn.php
[ info ] [ BIND ] 'index/index'
[ info ] [ ROUTE ] array (
)
[ info ] [ HEADER ] array (
  'accept-encoding' => 'gzip, deflate',
  'accept' => '*/*',
  'accept-language' => 'zh-CN,zh;q=0.9',
  'range' => 'bytes=0-2048',
  'user-agent' => 'Mozilla/5.0 (Windows NT 10.0; Win64; x64) AppleWebKit/537.36 (KHTML, like Gecko) Chrome/78.0.3904.108 Safari/537.36',
  'host' => 'www.coyotebio.com',
  'content-type' => '',
  'content-length' => '',
)
[ info ] [ PARAM ] array (
)
[ info ] [ DB ] INIT mysql
[ info ] [ DB ] INIT mysql
[ info ] [ DB ] INIT mysql
[ info ] [ DB ] INIT mysql
[ info ] [ DB ] INIT mysql
[ info ] [ DB ] INIT mysql
[ info ] [ DB ] INIT mysql
[ info ] [ DB ] INIT mysql
[ info ] [ DB ] INIT mysql
[ info ] [ VIEW ] /www/wwwroot/kyd.web.zhongwangyingtong.com/application/index/view/index/index.html [ array (
  0 => 'mycompany',
  1 => 'menu',
  2 => 'bottom_menu',
  3 => 'seo',
  4 => 'cate',
  5 => 'index',
  6 => 'cooperation',
  7 => 'news',
  8 => 'solution',
  9 => 'instrument',
) ]
[ sql ] [ DB ] CONNECT:[ UseTime:0.000464s ] mysql:host=127.0.0.1;dbname=kyd_web_zhongwan;charset=utf8
[ sql ] [ SQL ] SHOW COLUMNS FROM `yzn_category` [ RunTime:0.003651s ]
[ sql ] [ SQL ] SELECT `id`,`catname`,`url`,`child` FROM `yzn_category` WHERE  `status` = 1  AND `parentid` = 0 ORDER BY `listorder` [ RunTime:0.000400s ]
[ sql ] [ DB ] CONNECT:[ UseTime:0.000342s ] mysql:host=127.0.0.1;dbname=kyd_web_zhongwan;charset=utf8
[ sql ] [ SQL ] SELECT `id`,`catname`,`url` FROM `yzn_category` WHERE  `status` = 1  AND `parentid` = 51 ORDER BY `listorder`,`id` [ RunTime:0.000293s ]
[ sql ] [ DB ] CONNECT:[ UseTime:0.000287s ] mysql:host=127.0.0.1;dbname=kyd_web_zhongwan;charset=utf8
[ sql ] [ SQL ] SHOW COLUMNS FROM `yzn_instrument` [ RunTime:0.002917s ]
[ sql ] [ SQL ] SELECT `id`,`title` FROM `yzn_instrument` WHERE  `status` = 1 ORDER BY `listorder`,`id` [ RunTime:0.000326s ]
[ sql ] [ DB ] CONNECT:[ UseTime:0.000282s ] mysql:host=127.0.0.1;dbname=kyd_web_zhongwan;charset=utf8
[ sql ] [ SQL ] SELECT `id`,`catname`,`url` FROM `yzn_category` WHERE  `status` = 1  AND `parentid` = 47 ORDER BY `listorder`,`id` [ RunTime:0.000294s ]
[ sql ] [ DB ] CONNECT:[ UseTime:0.000270s ] mysql:host=127.0.0.1;dbname=kyd_web_zhongwan;charset=utf8
[ sql ] [ SQL ] SHOW COLUMNS FROM `yzn_reagentclinical` [ RunTime:0.002898s ]
[ sql ] [ SQL ] SELECT `id`,`title` FROM `yzn_reagentclinical` WHERE  `status` = 1  AND `catid` = 48 ORDER BY `listorder`,`id` [ RunTime:0.000337s ]
[ sql ] [ DB ] CONNECT:[ UseTime:0.000270s ] mysql:host=127.0.0.1;dbname=kyd_web_zhongwan;charset=utf8
[ sql ] [ SQL ] SHOW COLUMNS FROM `yzn_solution` [ RunTime:0.002797s ]
[ sql ] [ SQL ] SELECT `id`,title as catname FROM `yzn_solution` WHERE  `status` = 1 ORDER BY `listorder`,`id` [ RunTime:0.000305s ]
[ sql ] [ DB ] CONNECT:[ UseTime:0.000265s ] mysql:host=127.0.0.1;dbname=kyd_web_zhongwan;charset=utf8
[ sql ] [ SQL ] SELECT `id`,`catname`,`url` FROM `yzn_category` WHERE  `status` = 1  AND `parentid` = 30 ORDER BY `listorder`,`id` [ RunTime:0.000322s ]
[ sql ] [ DB ] CONNECT:[ UseTime:0.000273s ] mysql:host=127.0.0.1;dbname=kyd_web_zhongwan;charset=utf8
[ sql ] [ SQL ] SHOW COLUMNS FROM `yzn_mycompany` [ RunTime:0.002766s ]
[ sql ] [ SQL ] SELECT `id`,`title`,`address`,`email`,`phone` FROM `yzn_mycompany` WHERE  `status` = 1 ORDER BY `id` [ RunTime:0.000332s ]
[ sql ] [ DB ] CONNECT:[ UseTime:0.000286s ] mysql:host=127.0.0.1;dbname=kyd_web_zhongwan;charset=utf8
[ sql ] [ SQL ] SELECT `id`,`catname`,`url` FROM `yzn_category` WHERE  `parentid` = 0  AND `bottom_status` = 1 ORDER BY `listorder` [ RunTime:0.000280s ]
[ sql ] [ SQL ] SELECT `id`,`catname`,`image`,`picname`,`subpicname`,`setting`,`description` FROM `yzn_category` WHERE  `id` = 1 LIMIT 1 [ RunTime:0.000317s ]
[ sql ] [ SQL ] SHOW COLUMNS FROM `yzn_attachment` [ RunTime:0.002821s ]
[ sql ] [ SQL ] SELECT * FROM `yzn_attachment` WHERE  `id` = 927 [ RunTime:0.000308s ]
[ sql ] [ SQL ] SHOW COLUMNS FROM `yzn_index` [ RunTime:0.002821s ]
[ sql ] [ SQL ] SELECT * FROM `yzn_index` WHERE  `catid` = 1  AND `status` = 1 ORDER BY `listorder` DESC LIMIT 1 [ RunTime:0.000393s ]
[ sql ] [ SQL ] SELECT * FROM `yzn_attachment` WHERE  `id` = 528 [ RunTime:0.000291s ]
[ sql ] [ SQL ] SELECT * FROM `yzn_attachment` WHERE  `id` = 716 [ RunTime:0.000345s ]
[ sql ] [ SQL ] SHOW COLUMNS FROM `yzn_cooperation` [ RunTime:0.002757s ]
[ sql ] [ SQL ] SELECT `id`,`title`,`linkurl`,`thumb` FROM `yzn_cooperation` WHERE  `status` = 1 ORDER BY `id` [ RunTime:0.000300s ]
[ sql ] [ SQL ] SELECT * FROM `yzn_attachment` WHERE  `id` IN (529,530,531,532,533) [ RunTime:0.000415s ]
[ sql ] [ SQL ] SHOW COLUMNS FROM `yzn_information` [ RunTime:0.003043s ]
[ sql ] [ SQL ] SELECT `id`,`catid`,`title`,`thumb`,`inputtime`,`resume` FROM `yzn_information` WHERE  `status` = 1 ORDER BY `listorder`,`id` DESC LIMIT 3 [ RunTime:0.000876s ]
[ sql ] [ SQL ] SELECT * FROM `yzn_attachment` WHERE  `id` IN (1177,1173,1170) [ RunTime:0.000363s ]
[ sql ] [ SQL ] SELECT `id`,`catid`,`title`,`thumb`,`inputtime`,`entitle`,`remark`,`banner`,`recommend`,`goods` FROM `yzn_solution` WHERE  `status` = 1 ORDER BY `listorder`,`id` [ RunTime:0.000382s ]
[ sql ] [ SQL ] SELECT * FROM `yzn_attachment` WHERE  `id` IN (572,573,574) [ RunTime:0.000322s ]
[ sql ] [ SQL ] SELECT * FROM `yzn_attachment` WHERE  `id` IN (594,595,596) [ RunTime:0.000329s ]
[ sql ] [ SQL ] SELECT `id`,`title`,`index_img`,`remark` FROM `yzn_instrument` WHERE  `status` = 1  AND (  FIND_IN_SET(2,`flag`) ) ORDER BY `listorder`,`id` LIMIT 1 [ RunTime:0.000395s ]
[ sql ] [ SQL ] SELECT * FROM `yzn_attachment` WHERE  `id` = 980 [ RunTime:0.000281s ]
[ error ] [8]未定义数组索引: sub[/www/wwwroot/kyd.web.zhongwangyingtong.com/runtime/temp/363bcccb93bfcc3045d4fe1bcf4d9874.php:39]
[ error ] [8]未定义数组索引: sub[/www/wwwroot/kyd.web.zhongwangyingtong.com/runtime/temp/363bcccb93bfcc3045d4fe1bcf4d9874.php:43]
[ error ] [8]未定义数组索引: sub[/www/wwwroot/kyd.web.zhongwangyingtong.com/runtime/temp/363bcccb93bfcc3045d4fe1bcf4d9874.php:39]
[ error ] [8]未定义数组索引: sub[/www/wwwroot/kyd.web.zhongwangyingtong.com/runtime/temp/363bcccb93bfcc3045d4fe1bcf4d9874.php:43]
[ error ] [8]未定义数组索引: sub[/www/wwwroot/kyd.web.zhongwangyingtong.com/runtime/temp/363bcccb93bfcc3045d4fe1bcf4d9874.php:49]
[ error ] [8]未定义数组索引: sub[/www/wwwroot/kyd.web.zhongwangyingtong.com/runtime/temp/363bcccb93bfcc3045d4fe1bcf4d9874.php:49]
[ error ] [8]未定义数组索引: sub[/www/wwwroot/kyd.web.zhongwangyingtong.com/runtime/temp/363bcccb93bfcc3045d4fe1bcf4d9874.php:49]
[ error ] [8]未定义数组索引: sub[/www/wwwroot/kyd.web.zhongwangyingtong.com/runtime/temp/363bcccb93bfcc3045d4fe1bcf4d9874.php:49]
[ error ] [8]未定义数组索引: sub[/www/wwwroot/kyd.web.zhongwangyingtong.com/runtime/temp/363bcccb93bfcc3045d4fe1bcf4d9874.php:49]
[ error ] [8]未定义数组索引: sub[/www/wwwroot/kyd.web.zhongwangyingtong.com/runtime/temp/363bcccb93bfcc3045d4fe1bcf4d9874.php:49]
[ error ] [8]未定义数组索引: sub[/www/wwwroot/kyd.web.zhongwangyingtong.com/runtime/temp/363bcccb93bfcc3045d4fe1bcf4d9874.php:49]
[ error ] [8]未定义数组索引: sub[/www/wwwroot/kyd.web.zhongwangyingtong.com/runtime/temp/363bcccb93bfcc3045d4fe1bcf4d9874.php:49]
[ error ] [8]未定义数组索引: sub[/www/wwwroot/kyd.web.zhongwangyingtong.com/runtime/temp/363bcccb93bfcc3045d4fe1bcf4d9874.php:49]
---------------------------------------------------------------

[2023-02-04T23:57:50+08:00] 106.75.175.176 GET www.coyotebio.com/
[运行时间：0.083877s] [吞吐率：11.92req/s] [内存消耗：5,184.90kb] [文件加载：180]
[ info ] [ LANG ] /www/wwwroot/kyd.web.zhongwangyingtong.com/thinkphp/lang/zh-cn.php
[ info ] [ BIND ] 'index/index'
[ info ] [ ROUTE ] array (
)
[ info ] [ HEADER ] array (
  'accept-encoding' => 'gzip, deflate',
  'accept' => '*/*',
  'accept-language' => 'zh-CN,zh;q=0.9',
  'range' => 'bytes=0-2048',
  'user-agent' => 'Mozilla/5.0 (Windows NT 10.0; Win64; x64) AppleWebKit/537.36 (KHTML, like Gecko) Chrome/78.0.3904.108 Safari/537.36',
  'host' => 'www.coyotebio.com',
  'content-type' => '',
  'content-length' => '',
)
[ info ] [ PARAM ] array (
)
[ info ] [ DB ] INIT mysql
[ info ] [ DB ] INIT mysql
[ info ] [ DB ] INIT mysql
[ info ] [ DB ] INIT mysql
[ info ] [ DB ] INIT mysql
[ info ] [ DB ] INIT mysql
[ info ] [ DB ] INIT mysql
[ info ] [ DB ] INIT mysql
[ info ] [ DB ] INIT mysql
[ info ] [ VIEW ] /www/wwwroot/kyd.web.zhongwangyingtong.com/application/index/view/index/index.html [ array (
  0 => 'mycompany',
  1 => 'menu',
  2 => 'bottom_menu',
  3 => 'seo',
  4 => 'cate',
  5 => 'index',
  6 => 'cooperation',
  7 => 'news',
  8 => 'solution',
  9 => 'instrument',
) ]
[ sql ] [ DB ] CONNECT:[ UseTime:0.000443s ] mysql:host=127.0.0.1;dbname=kyd_web_zhongwan;charset=utf8
[ sql ] [ SQL ] SHOW COLUMNS FROM `yzn_category` [ RunTime:0.003714s ]
[ sql ] [ SQL ] SELECT `id`,`catname`,`url`,`child` FROM `yzn_category` WHERE  `status` = 1  AND `parentid` = 0 ORDER BY `listorder` [ RunTime:0.000419s ]
[ sql ] [ DB ] CONNECT:[ UseTime:0.000306s ] mysql:host=127.0.0.1;dbname=kyd_web_zhongwan;charset=utf8
[ sql ] [ SQL ] SELECT `id`,`catname`,`url` FROM `yzn_category` WHERE  `status` = 1  AND `parentid` = 51 ORDER BY `listorder`,`id` [ RunTime:0.000329s ]
[ sql ] [ DB ] CONNECT:[ UseTime:0.000299s ] mysql:host=127.0.0.1;dbname=kyd_web_zhongwan;charset=utf8
[ sql ] [ SQL ] SHOW COLUMNS FROM `yzn_instrument` [ RunTime:0.002988s ]
[ sql ] [ SQL ] SELECT `id`,`title` FROM `yzn_instrument` WHERE  `status` = 1 ORDER BY `listorder`,`id` [ RunTime:0.000335s ]
[ sql ] [ DB ] CONNECT:[ UseTime:0.000274s ] mysql:host=127.0.0.1;dbname=kyd_web_zhongwan;charset=utf8
[ sql ] [ SQL ] SELECT `id`,`catname`,`url` FROM `yzn_category` WHERE  `status` = 1  AND `parentid` = 47 ORDER BY `listorder`,`id` [ RunTime:0.000300s ]
[ sql ] [ DB ] CONNECT:[ UseTime:0.000323s ] mysql:host=127.0.0.1;dbname=kyd_web_zhongwan;charset=utf8
[ sql ] [ SQL ] SHOW COLUMNS FROM `yzn_reagentclinical` [ RunTime:0.002800s ]
[ sql ] [ SQL ] SELECT `id`,`title` FROM `yzn_reagentclinical` WHERE  `status` = 1  AND `catid` = 48 ORDER BY `listorder`,`id` [ RunTime:0.000357s ]
[ sql ] [ DB ] CONNECT:[ UseTime:0.000273s ] mysql:host=127.0.0.1;dbname=kyd_web_zhongwan;charset=utf8
[ sql ] [ SQL ] SHOW COLUMNS FROM `yzn_solution` [ RunTime:0.002881s ]
[ sql ] [ SQL ] SELECT `id`,title as catname FROM `yzn_solution` WHERE  `status` = 1 ORDER BY `listorder`,`id` [ RunTime:0.000362s ]
[ sql ] [ DB ] CONNECT:[ UseTime:0.000269s ] mysql:host=127.0.0.1;dbname=kyd_web_zhongwan;charset=utf8
[ sql ] [ SQL ] SELECT `id`,`catname`,`url` FROM `yzn_category` WHERE  `status` = 1  AND `parentid` = 30 ORDER BY `listorder`,`id` [ RunTime:0.000311s ]
[ sql ] [ DB ] CONNECT:[ UseTime:0.000279s ] mysql:host=127.0.0.1;dbname=kyd_web_zhongwan;charset=utf8
[ sql ] [ SQL ] SHOW COLUMNS FROM `yzn_mycompany` [ RunTime:0.002801s ]
[ sql ] [ SQL ] SELECT `id`,`title`,`address`,`email`,`phone` FROM `yzn_mycompany` WHERE  `status` = 1 ORDER BY `id` [ RunTime:0.000326s ]
[ sql ] [ DB ] CONNECT:[ UseTime:0.000295s ] mysql:host=127.0.0.1;dbname=kyd_web_zhongwan;charset=utf8
[ sql ] [ SQL ] SELECT `id`,`catname`,`url` FROM `yzn_category` WHERE  `parentid` = 0  AND `bottom_status` = 1 ORDER BY `listorder` [ RunTime:0.000324s ]
[ sql ] [ SQL ] SELECT `id`,`catname`,`image`,`picname`,`subpicname`,`setting`,`description` FROM `yzn_category` WHERE  `id` = 1 LIMIT 1 [ RunTime:0.000356s ]
[ sql ] [ SQL ] SHOW COLUMNS FROM `yzn_attachment` [ RunTime:0.002857s ]
[ sql ] [ SQL ] SELECT * FROM `yzn_attachment` WHERE  `id` = 927 [ RunTime:0.000366s ]
[ sql ] [ SQL ] SHOW COLUMNS FROM `yzn_index` [ RunTime:0.002791s ]
[ sql ] [ SQL ] SELECT * FROM `yzn_index` WHERE  `catid` = 1  AND `status` = 1 ORDER BY `listorder` DESC LIMIT 1 [ RunTime:0.000374s ]
[ sql ] [ SQL ] SELECT * FROM `yzn_attachment` WHERE  `id` = 528 [ RunTime:0.000341s ]
[ sql ] [ SQL ] SELECT * FROM `yzn_attachment` WHERE  `id` = 716 [ RunTime:0.000285s ]
[ sql ] [ SQL ] SHOW COLUMNS FROM `yzn_cooperation` [ RunTime:0.002769s ]
[ sql ] [ SQL ] SELECT `id`,`title`,`linkurl`,`thumb` FROM `yzn_cooperation` WHERE  `status` = 1 ORDER BY `id` [ RunTime:0.000321s ]
[ sql ] [ SQL ] SELECT * FROM `yzn_attachment` WHERE  `id` IN (529,530,531,532,533) [ RunTime:0.000367s ]
[ sql ] [ SQL ] SHOW COLUMNS FROM `yzn_information` [ RunTime:0.002770s ]
[ sql ] [ SQL ] SELECT `id`,`catid`,`title`,`thumb`,`inputtime`,`resume` FROM `yzn_information` WHERE  `status` = 1 ORDER BY `listorder`,`id` DESC LIMIT 3 [ RunTime:0.000850s ]
[ sql ] [ SQL ] SELECT * FROM `yzn_attachment` WHERE  `id` IN (1177,1173,1170) [ RunTime:0.000349s ]
[ sql ] [ SQL ] SELECT `id`,`catid`,`title`,`thumb`,`inputtime`,`entitle`,`remark`,`banner`,`recommend`,`goods` FROM `yzn_solution` WHERE  `status` = 1 ORDER BY `listorder`,`id` [ RunTime:0.000401s ]
[ sql ] [ SQL ] SELECT * FROM `yzn_attachment` WHERE  `id` IN (572,573,574) [ RunTime:0.000319s ]
[ sql ] [ SQL ] SELECT * FROM `yzn_attachment` WHERE  `id` IN (594,595,596) [ RunTime:0.000350s ]
[ sql ] [ SQL ] SELECT `id`,`title`,`index_img`,`remark` FROM `yzn_instrument` WHERE  `status` = 1  AND (  FIND_IN_SET(2,`flag`) ) ORDER BY `listorder`,`id` LIMIT 1 [ RunTime:0.000391s ]
[ sql ] [ SQL ] SELECT * FROM `yzn_attachment` WHERE  `id` = 980 [ RunTime:0.000296s ]
[ error ] [8]未定义数组索引: sub[/www/wwwroot/kyd.web.zhongwangyingtong.com/runtime/temp/363bcccb93bfcc3045d4fe1bcf4d9874.php:39]
[ error ] [8]未定义数组索引: sub[/www/wwwroot/kyd.web.zhongwangyingtong.com/runtime/temp/363bcccb93bfcc3045d4fe1bcf4d9874.php:43]
[ error ] [8]未定义数组索引: sub[/www/wwwroot/kyd.web.zhongwangyingtong.com/runtime/temp/363bcccb93bfcc3045d4fe1bcf4d9874.php:39]
[ error ] [8]未定义数组索引: sub[/www/wwwroot/kyd.web.zhongwangyingtong.com/runtime/temp/363bcccb93bfcc3045d4fe1bcf4d9874.php:43]
[ error ] [8]未定义数组索引: sub[/www/wwwroot/kyd.web.zhongwangyingtong.com/runtime/temp/363bcccb93bfcc3045d4fe1bcf4d9874.php:49]
[ error ] [8]未定义数组索引: sub[/www/wwwroot/kyd.web.zhongwangyingtong.com/runtime/temp/363bcccb93bfcc3045d4fe1bcf4d9874.php:49]
[ error ] [8]未定义数组索引: sub[/www/wwwroot/kyd.web.zhongwangyingtong.com/runtime/temp/363bcccb93bfcc3045d4fe1bcf4d9874.php:49]
[ error ] [8]未定义数组索引: sub[/www/wwwroot/kyd.web.zhongwangyingtong.com/runtime/temp/363bcccb93bfcc3045d4fe1bcf4d9874.php:49]
[ error ] [8]未定义数组索引: sub[/www/wwwroot/kyd.web.zhongwangyingtong.com/runtime/temp/363bcccb93bfcc3045d4fe1bcf4d9874.php:49]
[ error ] [8]未定义数组索引: sub[/www/wwwroot/kyd.web.zhongwangyingtong.com/runtime/temp/363bcccb93bfcc3045d4fe1bcf4d9874.php:49]
[ error ] [8]未定义数组索引: sub[/www/wwwroot/kyd.web.zhongwangyingtong.com/runtime/temp/363bcccb93bfcc3045d4fe1bcf4d9874.php:49]
[ error ] [8]未定义数组索引: sub[/www/wwwroot/kyd.web.zhongwangyingtong.com/runtime/temp/363bcccb93bfcc3045d4fe1bcf4d9874.php:49]
[ error ] [8]未定义数组索引: sub[/www/wwwroot/kyd.web.zhongwangyingtong.com/runtime/temp/363bcccb93bfcc3045d4fe1bcf4d9874.php:49]
---------------------------------------------------------------

[2023-02-04T23:57:51+08:00] 106.75.226.119 GET www.coyotebio.com/
[运行时间：0.083880s] [吞吐率：11.92req/s] [内存消耗：5,184.88kb] [文件加载：180]
[ info ] [ LANG ] /www/wwwroot/kyd.web.zhongwangyingtong.com/thinkphp/lang/zh-cn.php
[ info ] [ BIND ] 'index/index'
[ info ] [ ROUTE ] array (
)
[ info ] [ HEADER ] array (
  'accept-encoding' => 'gzip, deflate',
  'accept' => '*/*',
  'accept-language' => 'zh-CN,zh;q=0.9',
  'range' => 'bytes=0-2048',
  'user-agent' => 'Mozilla/5.0 (Windows NT 10.0; Win64; x64) AppleWebKit/537.36 (KHTML, like Gecko) Chrome/78.0.3904.108 Safari/537.36',
  'host' => 'www.coyotebio.com',
  'content-type' => '',
  'content-length' => '',
)
[ info ] [ PARAM ] array (
)
[ info ] [ DB ] INIT mysql
[ info ] [ DB ] INIT mysql
[ info ] [ DB ] INIT mysql
[ info ] [ DB ] INIT mysql
[ info ] [ DB ] INIT mysql
[ info ] [ DB ] INIT mysql
[ info ] [ DB ] INIT mysql
[ info ] [ DB ] INIT mysql
[ info ] [ DB ] INIT mysql
[ info ] [ VIEW ] /www/wwwroot/kyd.web.zhongwangyingtong.com/application/index/view/index/index.html [ array (
  0 => 'mycompany',
  1 => 'menu',
  2 => 'bottom_menu',
  3 => 'seo',
  4 => 'cate',
  5 => 'index',
  6 => 'cooperation',
  7 => 'news',
  8 => 'solution',
  9 => 'instrument',
) ]
[ sql ] [ DB ] CONNECT:[ UseTime:0.000762s ] mysql:host=127.0.0.1;dbname=kyd_web_zhongwan;charset=utf8
[ sql ] [ SQL ] SHOW COLUMNS FROM `yzn_category` [ RunTime:0.003949s ]
[ sql ] [ SQL ] SELECT `id`,`catname`,`url`,`child` FROM `yzn_category` WHERE  `status` = 1  AND `parentid` = 0 ORDER BY `listorder` [ RunTime:0.000424s ]
[ sql ] [ DB ] CONNECT:[ UseTime:0.000346s ] mysql:host=127.0.0.1;dbname=kyd_web_zhongwan;charset=utf8
[ sql ] [ SQL ] SELECT `id`,`catname`,`url` FROM `yzn_category` WHERE  `status` = 1  AND `parentid` = 51 ORDER BY `listorder`,`id` [ RunTime:0.000325s ]
[ sql ] [ DB ] CONNECT:[ UseTime:0.000283s ] mysql:host=127.0.0.1;dbname=kyd_web_zhongwan;charset=utf8
[ sql ] [ SQL ] SHOW COLUMNS FROM `yzn_instrument` [ RunTime:0.002962s ]
[ sql ] [ SQL ] SELECT `id`,`title` FROM `yzn_instrument` WHERE  `status` = 1 ORDER BY `listorder`,`id` [ RunTime:0.000350s ]
[ sql ] [ DB ] CONNECT:[ UseTime:0.000270s ] mysql:host=127.0.0.1;dbname=kyd_web_zhongwan;charset=utf8
[ sql ] [ SQL ] SELECT `id`,`catname`,`url` FROM `yzn_category` WHERE  `status` = 1  AND `parentid` = 47 ORDER BY `listorder`,`id` [ RunTime:0.000310s ]
[ sql ] [ DB ] CONNECT:[ UseTime:0.000288s ] mysql:host=127.0.0.1;dbname=kyd_web_zhongwan;charset=utf8
[ sql ] [ SQL ] SHOW COLUMNS FROM `yzn_reagentclinical` [ RunTime:0.002824s ]
[ sql ] [ SQL ] SELECT `id`,`title` FROM `yzn_reagentclinical` WHERE  `status` = 1  AND `catid` = 48 ORDER BY `listorder`,`id` [ RunTime:0.000346s ]
[ sql ] [ DB ] CONNECT:[ UseTime:0.000273s ] mysql:host=127.0.0.1;dbname=kyd_web_zhongwan;charset=utf8
[ sql ] [ SQL ] SHOW COLUMNS FROM `yzn_solution` [ RunTime:0.002828s ]
[ sql ] [ SQL ] SELECT `id`,title as catname FROM `yzn_solution` WHERE  `status` = 1 ORDER BY `listorder`,`id` [ RunTime:0.000376s ]
[ sql ] [ DB ] CONNECT:[ UseTime:0.000261s ] mysql:host=127.0.0.1;dbname=kyd_web_zhongwan;charset=utf8
[ sql ] [ SQL ] SELECT `id`,`catname`,`url` FROM `yzn_category` WHERE  `status` = 1  AND `parentid` = 30 ORDER BY `listorder`,`id` [ RunTime:0.000311s ]
[ sql ] [ DB ] CONNECT:[ UseTime:0.000279s ] mysql:host=127.0.0.1;dbname=kyd_web_zhongwan;charset=utf8
[ sql ] [ SQL ] SHOW COLUMNS FROM `yzn_mycompany` [ RunTime:0.002840s ]
[ sql ] [ SQL ] SELECT `id`,`title`,`address`,`email`,`phone` FROM `yzn_mycompany` WHERE  `status` = 1 ORDER BY `id` [ RunTime:0.000333s ]
[ sql ] [ DB ] CONNECT:[ UseTime:0.000281s ] mysql:host=127.0.0.1;dbname=kyd_web_zhongwan;charset=utf8
[ sql ] [ SQL ] SELECT `id`,`catname`,`url` FROM `yzn_category` WHERE  `parentid` = 0  AND `bottom_status` = 1 ORDER BY `listorder` [ RunTime:0.000337s ]
[ sql ] [ SQL ] SELECT `id`,`catname`,`image`,`picname`,`subpicname`,`setting`,`description` FROM `yzn_category` WHERE  `id` = 1 LIMIT 1 [ RunTime:0.000351s ]
[ sql ] [ SQL ] SHOW COLUMNS FROM `yzn_attachment` [ RunTime:0.002781s ]
[ sql ] [ SQL ] SELECT * FROM `yzn_attachment` WHERE  `id` = 927 [ RunTime:0.000328s ]
[ sql ] [ SQL ] SHOW COLUMNS FROM `yzn_index` [ RunTime:0.002800s ]
[ sql ] [ SQL ] SELECT * FROM `yzn_index` WHERE  `catid` = 1  AND `status` = 1 ORDER BY `listorder` DESC LIMIT 1 [ RunTime:0.000386s ]
[ sql ] [ SQL ] SELECT * FROM `yzn_attachment` WHERE  `id` = 528 [ RunTime:0.000317s ]
[ sql ] [ SQL ] SELECT * FROM `yzn_attachment` WHERE  `id` = 716 [ RunTime:0.000299s ]
[ sql ] [ SQL ] SHOW COLUMNS FROM `yzn_cooperation` [ RunTime:0.002809s ]
[ sql ] [ SQL ] SELECT `id`,`title`,`linkurl`,`thumb` FROM `yzn_cooperation` WHERE  `status` = 1 ORDER BY `id` [ RunTime:0.000328s ]
[ sql ] [ SQL ] SELECT * FROM `yzn_attachment` WHERE  `id` IN (529,530,531,532,533) [ RunTime:0.000375s ]
[ sql ] [ SQL ] SHOW COLUMNS FROM `yzn_information` [ RunTime:0.002776s ]
[ sql ] [ SQL ] SELECT `id`,`catid`,`title`,`thumb`,`inputtime`,`resume` FROM `yzn_information` WHERE  `status` = 1 ORDER BY `listorder`,`id` DESC LIMIT 3 [ RunTime:0.000893s ]
[ sql ] [ SQL ] SELECT * FROM `yzn_attachment` WHERE  `id` IN (1177,1173,1170) [ RunTime:0.000338s ]
[ sql ] [ SQL ] SELECT `id`,`catid`,`title`,`thumb`,`inputtime`,`entitle`,`remark`,`banner`,`recommend`,`goods` FROM `yzn_solution` WHERE  `status` = 1 ORDER BY `listorder`,`id` [ RunTime:0.000348s ]
[ sql ] [ SQL ] SELECT * FROM `yzn_attachment` WHERE  `id` IN (572,573,574) [ RunTime:0.000332s ]
[ sql ] [ SQL ] SELECT * FROM `yzn_attachment` WHERE  `id` IN (594,595,596) [ RunTime:0.000343s ]
[ sql ] [ SQL ] SELECT `id`,`title`,`index_img`,`remark` FROM `yzn_instrument` WHERE  `status` = 1  AND (  FIND_IN_SET(2,`flag`) ) ORDER BY `listorder`,`id` LIMIT 1 [ RunTime:0.000369s ]
[ sql ] [ SQL ] SELECT * FROM `yzn_attachment` WHERE  `id` = 980 [ RunTime:0.000302s ]
[ error ] [8]未定义数组索引: sub[/www/wwwroot/kyd.web.zhongwangyingtong.com/runtime/temp/363bcccb93bfcc3045d4fe1bcf4d9874.php:39]
[ error ] [8]未定义数组索引: sub[/www/wwwroot/kyd.web.zhongwangyingtong.com/runtime/temp/363bcccb93bfcc3045d4fe1bcf4d9874.php:43]
[ error ] [8]未定义数组索引: sub[/www/wwwroot/kyd.web.zhongwangyingtong.com/runtime/temp/363bcccb93bfcc3045d4fe1bcf4d9874.php:39]
[ error ] [8]未定义数组索引: sub[/www/wwwroot/kyd.web.zhongwangyingtong.com/runtime/temp/363bcccb93bfcc3045d4fe1bcf4d9874.php:43]
[ error ] [8]未定义数组索引: sub[/www/wwwroot/kyd.web.zhongwangyingtong.com/runtime/temp/363bcccb93bfcc3045d4fe1bcf4d9874.php:49]
[ error ] [8]未定义数组索引: sub[/www/wwwroot/kyd.web.zhongwangyingtong.com/runtime/temp/363bcccb93bfcc3045d4fe1bcf4d9874.php:49]
[ error ] [8]未定义数组索引: sub[/www/wwwroot/kyd.web.zhongwangyingtong.com/runtime/temp/363bcccb93bfcc3045d4fe1bcf4d9874.php:49]
[ error ] [8]未定义数组索引: sub[/www/wwwroot/kyd.web.zhongwangyingtong.com/runtime/temp/363bcccb93bfcc3045d4fe1bcf4d9874.php:49]
[ error ] [8]未定义数组索引: sub[/www/wwwroot/kyd.web.zhongwangyingtong.com/runtime/temp/363bcccb93bfcc3045d4fe1bcf4d9874.php:49]
[ error ] [8]未定义数组索引: sub[/www/wwwroot/kyd.web.zhongwangyingtong.com/runtime/temp/363bcccb93bfcc3045d4fe1bcf4d9874.php:49]
[ error ] [8]未定义数组索引: sub[/www/wwwroot/kyd.web.zhongwangyingtong.com/runtime/temp/363bcccb93bfcc3045d4fe1bcf4d9874.php:49]
[ error ] [8]未定义数组索引: sub[/www/wwwroot/kyd.web.zhongwangyingtong.com/runtime/temp/363bcccb93bfcc3045d4fe1bcf4d9874.php:49]
[ error ] [8]未定义数组索引: sub[/www/wwwroot/kyd.web.zhongwangyingtong.com/runtime/temp/363bcccb93bfcc3045d4fe1bcf4d9874.php:49]
---------------------------------------------------------------

[2023-02-04T23:57:52+08:00] 23.91.97.128 GET www.coyotebio.com/
[运行时间：0.081851s] [吞吐率：12.22req/s] [内存消耗：5,184.85kb] [文件加载：180]
[ info ] [ LANG ] /www/wwwroot/kyd.web.zhongwangyingtong.com/thinkphp/lang/zh-cn.php
[ info ] [ BIND ] 'index/index'
[ info ] [ ROUTE ] array (
)
[ info ] [ HEADER ] array (
  'accept-encoding' => 'gzip, deflate',
  'accept' => '*/*',
  'accept-language' => 'zh-CN,zh;q=0.9',
  'range' => 'bytes=0-2048',
  'user-agent' => 'Mozilla/5.0 (Windows NT 10.0; Win64; x64) AppleWebKit/537.36 (KHTML, like Gecko) Chrome/78.0.3904.108 Safari/537.36',
  'host' => 'www.coyotebio.com',
  'content-type' => '',
  'content-length' => '',
)
[ info ] [ PARAM ] array (
)
[ info ] [ DB ] INIT mysql
[ info ] [ DB ] INIT mysql
[ info ] [ DB ] INIT mysql
[ info ] [ DB ] INIT mysql
[ info ] [ DB ] INIT mysql
[ info ] [ DB ] INIT mysql
[ info ] [ DB ] INIT mysql
[ info ] [ DB ] INIT mysql
[ info ] [ DB ] INIT mysql
[ info ] [ VIEW ] /www/wwwroot/kyd.web.zhongwangyingtong.com/application/index/view/index/index.html [ array (
  0 => 'mycompany',
  1 => 'menu',
  2 => 'bottom_menu',
  3 => 'seo',
  4 => 'cate',
  5 => 'index',
  6 => 'cooperation',
  7 => 'news',
  8 => 'solution',
  9 => 'instrument',
) ]
[ sql ] [ DB ] CONNECT:[ UseTime:0.000480s ] mysql:host=127.0.0.1;dbname=kyd_web_zhongwan;charset=utf8
[ sql ] [ SQL ] SHOW COLUMNS FROM `yzn_category` [ RunTime:0.003674s ]
[ sql ] [ SQL ] SELECT `id`,`catname`,`url`,`child` FROM `yzn_category` WHERE  `status` = 1  AND `parentid` = 0 ORDER BY `listorder` [ RunTime:0.000426s ]
[ sql ] [ DB ] CONNECT:[ UseTime:0.000325s ] mysql:host=127.0.0.1;dbname=kyd_web_zhongwan;charset=utf8
[ sql ] [ SQL ] SELECT `id`,`catname`,`url` FROM `yzn_category` WHERE  `status` = 1  AND `parentid` = 51 ORDER BY `listorder`,`id` [ RunTime:0.000317s ]
[ sql ] [ DB ] CONNECT:[ UseTime:0.000276s ] mysql:host=127.0.0.1;dbname=kyd_web_zhongwan;charset=utf8
[ sql ] [ SQL ] SHOW COLUMNS FROM `yzn_instrument` [ RunTime:0.002920s ]
[ sql ] [ SQL ] SELECT `id`,`title` FROM `yzn_instrument` WHERE  `status` = 1 ORDER BY `listorder`,`id` [ RunTime:0.000330s ]
[ sql ] [ DB ] CONNECT:[ UseTime:0.000280s ] mysql:host=127.0.0.1;dbname=kyd_web_zhongwan;charset=utf8
[ sql ] [ SQL ] SELECT `id`,`catname`,`url` FROM `yzn_category` WHERE  `status` = 1  AND `parentid` = 47 ORDER BY `listorder`,`id` [ RunTime:0.000282s ]
[ sql ] [ DB ] CONNECT:[ UseTime:0.000292s ] mysql:host=127.0.0.1;dbname=kyd_web_zhongwan;charset=utf8
[ sql ] [ SQL ] SHOW COLUMNS FROM `yzn_reagentclinical` [ RunTime:0.002827s ]
[ sql ] [ SQL ] SELECT `id`,`title` FROM `yzn_reagentclinical` WHERE  `status` = 1  AND `catid` = 48 ORDER BY `listorder`,`id` [ RunTime:0.000377s ]
[ sql ] [ DB ] CONNECT:[ UseTime:0.000273s ] mysql:host=127.0.0.1;dbname=kyd_web_zhongwan;charset=utf8
[ sql ] [ SQL ] SHOW COLUMNS FROM `yzn_solution` [ RunTime:0.002868s ]
[ sql ] [ SQL ] SELECT `id`,title as catname FROM `yzn_solution` WHERE  `status` = 1 ORDER BY `listorder`,`id` [ RunTime:0.000350s ]
[ sql ] [ DB ] CONNECT:[ UseTime:0.000269s ] mysql:host=127.0.0.1;dbname=kyd_web_zhongwan;charset=utf8
[ sql ] [ SQL ] SELECT `id`,`catname`,`url` FROM `yzn_category` WHERE  `status` = 1  AND `parentid` = 30 ORDER BY `listorder`,`id` [ RunTime:0.000322s ]
[ sql ] [ DB ] CONNECT:[ UseTime:0.000284s ] mysql:host=127.0.0.1;dbname=kyd_web_zhongwan;charset=utf8
[ sql ] [ SQL ] SHOW COLUMNS FROM `yzn_mycompany` [ RunTime:0.002771s ]
[ sql ] [ SQL ] SELECT `id`,`title`,`address`,`email`,`phone` FROM `yzn_mycompany` WHERE  `status` = 1 ORDER BY `id` [ RunTime:0.000339s ]
[ sql ] [ DB ] CONNECT:[ UseTime:0.000281s ] mysql:host=127.0.0.1;dbname=kyd_web_zhongwan;charset=utf8
[ sql ] [ SQL ] SELECT `id`,`catname`,`url` FROM `yzn_category` WHERE  `parentid` = 0  AND `bottom_status` = 1 ORDER BY `listorder` [ RunTime:0.000333s ]
[ sql ] [ SQL ] SELECT `id`,`catname`,`image`,`picname`,`subpicname`,`setting`,`description` FROM `yzn_category` WHERE  `id` = 1 LIMIT 1 [ RunTime:0.000329s ]
[ sql ] [ SQL ] SHOW COLUMNS FROM `yzn_attachment` [ RunTime:0.002825s ]
[ sql ] [ SQL ] SELECT * FROM `yzn_attachment` WHERE  `id` = 927 [ RunTime:0.000355s ]
[ sql ] [ SQL ] SHOW COLUMNS FROM `yzn_index` [ RunTime:0.002859s ]
[ sql ] [ SQL ] SELECT * FROM `yzn_index` WHERE  `catid` = 1  AND `status` = 1 ORDER BY `listorder` DESC LIMIT 1 [ RunTime:0.000384s ]
[ sql ] [ SQL ] SELECT * FROM `yzn_attachment` WHERE  `id` = 528 [ RunTime:0.000332s ]
[ sql ] [ SQL ] SELECT * FROM `yzn_attachment` WHERE  `id` = 716 [ RunTime:0.000289s ]
[ sql ] [ SQL ] SHOW COLUMNS FROM `yzn_cooperation` [ RunTime:0.002821s ]
[ sql ] [ SQL ] SELECT `id`,`title`,`linkurl`,`thumb` FROM `yzn_cooperation` WHERE  `status` = 1 ORDER BY `id` [ RunTime:0.000346s ]
[ sql ] [ SQL ] SELECT * FROM `yzn_attachment` WHERE  `id` IN (529,530,531,532,533) [ RunTime:0.000346s ]
[ sql ] [ SQL ] SHOW COLUMNS FROM `yzn_information` [ RunTime:0.002755s ]
[ sql ] [ SQL ] SELECT `id`,`catid`,`title`,`thumb`,`inputtime`,`resume` FROM `yzn_information` WHERE  `status` = 1 ORDER BY `listorder`,`id` DESC LIMIT 3 [ RunTime:0.000872s ]
[ sql ] [ SQL ] SELECT * FROM `yzn_attachment` WHERE  `id` IN (1177,1173,1170) [ RunTime:0.000335s ]
[ sql ] [ SQL ] SELECT `id`,`catid`,`title`,`thumb`,`inputtime`,`entitle`,`remark`,`banner`,`recommend`,`goods` FROM `yzn_solution` WHERE  `status` = 1 ORDER BY `listorder`,`id` [ RunTime:0.000385s ]
[ sql ] [ SQL ] SELECT * FROM `yzn_attachment` WHERE  `id` IN (572,573,574) [ RunTime:0.000321s ]
[ sql ] [ SQL ] SELECT * FROM `yzn_attachment` WHERE  `id` IN (594,595,596) [ RunTime:0.000332s ]
[ sql ] [ SQL ] SELECT `id`,`title`,`index_img`,`remark` FROM `yzn_instrument` WHERE  `status` = 1  AND (  FIND_IN_SET(2,`flag`) ) ORDER BY `listorder`,`id` LIMIT 1 [ RunTime:0.000383s ]
[ sql ] [ SQL ] SELECT * FROM `yzn_attachment` WHERE  `id` = 980 [ RunTime:0.000281s ]
[ error ] [8]未定义数组索引: sub[/www/wwwroot/kyd.web.zhongwangyingtong.com/runtime/temp/363bcccb93bfcc3045d4fe1bcf4d9874.php:39]
[ error ] [8]未定义数组索引: sub[/www/wwwroot/kyd.web.zhongwangyingtong.com/runtime/temp/363bcccb93bfcc3045d4fe1bcf4d9874.php:43]
[ error ] [8]未定义数组索引: sub[/www/wwwroot/kyd.web.zhongwangyingtong.com/runtime/temp/363bcccb93bfcc3045d4fe1bcf4d9874.php:39]
[ error ] [8]未定义数组索引: sub[/www/wwwroot/kyd.web.zhongwangyingtong.com/runtime/temp/363bcccb93bfcc3045d4fe1bcf4d9874.php:43]
[ error ] [8]未定义数组索引: sub[/www/wwwroot/kyd.web.zhongwangyingtong.com/runtime/temp/363bcccb93bfcc3045d4fe1bcf4d9874.php:49]
[ error ] [8]未定义数组索引: sub[/www/wwwroot/kyd.web.zhongwangyingtong.com/runtime/temp/363bcccb93bfcc3045d4fe1bcf4d9874.php:49]
[ error ] [8]未定义数组索引: sub[/www/wwwroot/kyd.web.zhongwangyingtong.com/runtime/temp/363bcccb93bfcc3045d4fe1bcf4d9874.php:49]
[ error ] [8]未定义数组索引: sub[/www/wwwroot/kyd.web.zhongwangyingtong.com/runtime/temp/363bcccb93bfcc3045d4fe1bcf4d9874.php:49]
[ error ] [8]未定义数组索引: sub[/www/wwwroot/kyd.web.zhongwangyingtong.com/runtime/temp/363bcccb93bfcc3045d4fe1bcf4d9874.php:49]
[ error ] [8]未定义数组索引: sub[/www/wwwroot/kyd.web.zhongwangyingtong.com/runtime/temp/363bcccb93bfcc3045d4fe1bcf4d9874.php:49]
[ error ] [8]未定义数组索引: sub[/www/wwwroot/kyd.web.zhongwangyingtong.com/runtime/temp/363bcccb93bfcc3045d4fe1bcf4d9874.php:49]
[ error ] [8]未定义数组索引: sub[/www/wwwroot/kyd.web.zhongwangyingtong.com/runtime/temp/363bcccb93bfcc3045d4fe1bcf4d9874.php:49]
[ error ] [8]未定义数组索引: sub[/www/wwwroot/kyd.web.zhongwangyingtong.com/runtime/temp/363bcccb93bfcc3045d4fe1bcf4d9874.php:49]
---------------------------------------------------------------

[2023-02-04T23:58:12+08:00] 139.155.75.187 GET www.coyotebio.com/
[运行时间：0.082612s] [吞吐率：12.10req/s] [内存消耗：5,184.87kb] [文件加载：180]
[ info ] [ LANG ] /www/wwwroot/kyd.web.zhongwangyingtong.com/thinkphp/lang/zh-cn.php
[ info ] [ BIND ] 'index/index'
[ info ] [ ROUTE ] array (
)
[ info ] [ HEADER ] array (
  'accept-encoding' => 'gzip, deflate',
  'accept' => '*/*',
  'accept-language' => 'zh-CN,zh;q=0.9',
  'range' => 'bytes=0-2048',
  'user-agent' => 'Mozilla/5.0 (Windows NT 10.0; Win64; x64) AppleWebKit/537.36 (KHTML, like Gecko) Chrome/78.0.3904.108 Safari/537.36',
  'host' => 'www.coyotebio.com',
  'content-type' => '',
  'content-length' => '',
)
[ info ] [ PARAM ] array (
)
[ info ] [ DB ] INIT mysql
[ info ] [ DB ] INIT mysql
[ info ] [ DB ] INIT mysql
[ info ] [ DB ] INIT mysql
[ info ] [ DB ] INIT mysql
[ info ] [ DB ] INIT mysql
[ info ] [ DB ] INIT mysql
[ info ] [ DB ] INIT mysql
[ info ] [ DB ] INIT mysql
[ info ] [ VIEW ] /www/wwwroot/kyd.web.zhongwangyingtong.com/application/index/view/index/index.html [ array (
  0 => 'mycompany',
  1 => 'menu',
  2 => 'bottom_menu',
  3 => 'seo',
  4 => 'cate',
  5 => 'index',
  6 => 'cooperation',
  7 => 'news',
  8 => 'solution',
  9 => 'instrument',
) ]
[ sql ] [ DB ] CONNECT:[ UseTime:0.000460s ] mysql:host=127.0.0.1;dbname=kyd_web_zhongwan;charset=utf8
[ sql ] [ SQL ] SHOW COLUMNS FROM `yzn_category` [ RunTime:0.003794s ]
[ sql ] [ SQL ] SELECT `id`,`catname`,`url`,`child` FROM `yzn_category` WHERE  `status` = 1  AND `parentid` = 0 ORDER BY `listorder` [ RunTime:0.000434s ]
[ sql ] [ DB ] CONNECT:[ UseTime:0.000330s ] mysql:host=127.0.0.1;dbname=kyd_web_zhongwan;charset=utf8
[ sql ] [ SQL ] SELECT `id`,`catname`,`url` FROM `yzn_category` WHERE  `status` = 1  AND `parentid` = 51 ORDER BY `listorder`,`id` [ RunTime:0.000319s ]
[ sql ] [ DB ] CONNECT:[ UseTime:0.000289s ] mysql:host=127.0.0.1;dbname=kyd_web_zhongwan;charset=utf8
[ sql ] [ SQL ] SHOW COLUMNS FROM `yzn_instrument` [ RunTime:0.002957s ]
[ sql ] [ SQL ] SELECT `id`,`title` FROM `yzn_instrument` WHERE  `status` = 1 ORDER BY `listorder`,`id` [ RunTime:0.000324s ]
[ sql ] [ DB ] CONNECT:[ UseTime:0.000282s ] mysql:host=127.0.0.1;dbname=kyd_web_zhongwan;charset=utf8
[ sql ] [ SQL ] SELECT `id`,`catname`,`url` FROM `yzn_category` WHERE  `status` = 1  AND `parentid` = 47 ORDER BY `listorder`,`id` [ RunTime:0.000314s ]
[ sql ] [ DB ] CONNECT:[ UseTime:0.000273s ] mysql:host=127.0.0.1;dbname=kyd_web_zhongwan;charset=utf8
[ sql ] [ SQL ] SHOW COLUMNS FROM `yzn_reagentclinical` [ RunTime:0.002863s ]
[ sql ] [ SQL ] SELECT `id`,`title` FROM `yzn_reagentclinical` WHERE  `status` = 1  AND `catid` = 48 ORDER BY `listorder`,`id` [ RunTime:0.000338s ]
[ sql ] [ DB ] CONNECT:[ UseTime:0.000278s ] mysql:host=127.0.0.1;dbname=kyd_web_zhongwan;charset=utf8
[ sql ] [ SQL ] SHOW COLUMNS FROM `yzn_solution` [ RunTime:0.002834s ]
[ sql ] [ SQL ] SELECT `id`,title as catname FROM `yzn_solution` WHERE  `status` = 1 ORDER BY `listorder`,`id` [ RunTime:0.000330s ]
[ sql ] [ DB ] CONNECT:[ UseTime:0.000280s ] mysql:host=127.0.0.1;dbname=kyd_web_zhongwan;charset=utf8
[ sql ] [ SQL ] SELECT `id`,`catname`,`url` FROM `yzn_category` WHERE  `status` = 1  AND `parentid` = 30 ORDER BY `listorder`,`id` [ RunTime:0.000306s ]
[ sql ] [ DB ] CONNECT:[ UseTime:0.000261s ] mysql:host=127.0.0.1;dbname=kyd_web_zhongwan;charset=utf8
[ sql ] [ SQL ] SHOW COLUMNS FROM `yzn_mycompany` [ RunTime:0.002801s ]
[ sql ] [ SQL ] SELECT `id`,`title`,`address`,`email`,`phone` FROM `yzn_mycompany` WHERE  `status` = 1 ORDER BY `id` [ RunTime:0.000325s ]
[ sql ] [ DB ] CONNECT:[ UseTime:0.000279s ] mysql:host=127.0.0.1;dbname=kyd_web_zhongwan;charset=utf8
[ sql ] [ SQL ] SELECT `id`,`catname`,`url` FROM `yzn_category` WHERE  `parentid` = 0  AND `bottom_status` = 1 ORDER BY `listorder` [ RunTime:0.000315s ]
[ sql ] [ SQL ] SELECT `id`,`catname`,`image`,`picname`,`subpicname`,`setting`,`description` FROM `yzn_category` WHERE  `id` = 1 LIMIT 1 [ RunTime:0.000329s ]
[ sql ] [ SQL ] SHOW COLUMNS FROM `yzn_attachment` [ RunTime:0.002802s ]
[ sql ] [ SQL ] SELECT * FROM `yzn_attachment` WHERE  `id` = 927 [ RunTime:0.000310s ]
[ sql ] [ SQL ] SHOW COLUMNS FROM `yzn_index` [ RunTime:0.002783s ]
[ sql ] [ SQL ] SELECT * FROM `yzn_index` WHERE  `catid` = 1  AND `status` = 1 ORDER BY `listorder` DESC LIMIT 1 [ RunTime:0.000372s ]
[ sql ] [ SQL ] SELECT * FROM `yzn_attachment` WHERE  `id` = 528 [ RunTime:0.000315s ]
[ sql ] [ SQL ] SELECT * FROM `yzn_attachment` WHERE  `id` = 716 [ RunTime:0.000287s ]
[ sql ] [ SQL ] SHOW COLUMNS FROM `yzn_cooperation` [ RunTime:0.002730s ]
[ sql ] [ SQL ] SELECT `id`,`title`,`linkurl`,`thumb` FROM `yzn_cooperation` WHERE  `status` = 1 ORDER BY `id` [ RunTime:0.000352s ]
[ sql ] [ SQL ] SELECT * FROM `yzn_attachment` WHERE  `id` IN (529,530,531,532,533) [ RunTime:0.000370s ]
[ sql ] [ SQL ] SHOW COLUMNS FROM `yzn_information` [ RunTime:0.002768s ]
[ sql ] [ SQL ] SELECT `id`,`catid`,`title`,`thumb`,`inputtime`,`resume` FROM `yzn_information` WHERE  `status` = 1 ORDER BY `listorder`,`id` DESC LIMIT 3 [ RunTime:0.000881s ]
[ sql ] [ SQL ] SELECT * FROM `yzn_attachment` WHERE  `id` IN (1177,1173,1170) [ RunTime:0.000339s ]
[ sql ] [ SQL ] SELECT `id`,`catid`,`title`,`thumb`,`inputtime`,`entitle`,`remark`,`banner`,`recommend`,`goods` FROM `yzn_solution` WHERE  `status` = 1 ORDER BY `listorder`,`id` [ RunTime:0.000360s ]
[ sql ] [ SQL ] SELECT * FROM `yzn_attachment` WHERE  `id` IN (572,573,574) [ RunTime:0.000323s ]
[ sql ] [ SQL ] SELECT * FROM `yzn_attachment` WHERE  `id` IN (594,595,596) [ RunTime:0.000316s ]
[ sql ] [ SQL ] SELECT `id`,`title`,`index_img`,`remark` FROM `yzn_instrument` WHERE  `status` = 1  AND (  FIND_IN_SET(2,`flag`) ) ORDER BY `listorder`,`id` LIMIT 1 [ RunTime:0.000372s ]
[ sql ] [ SQL ] SELECT * FROM `yzn_attachment` WHERE  `id` = 980 [ RunTime:0.000304s ]
[ error ] [8]未定义数组索引: sub[/www/wwwroot/kyd.web.zhongwangyingtong.com/runtime/temp/363bcccb93bfcc3045d4fe1bcf4d9874.php:39]
[ error ] [8]未定义数组索引: sub[/www/wwwroot/kyd.web.zhongwangyingtong.com/runtime/temp/363bcccb93bfcc3045d4fe1bcf4d9874.php:43]
[ error ] [8]未定义数组索引: sub[/www/wwwroot/kyd.web.zhongwangyingtong.com/runtime/temp/363bcccb93bfcc3045d4fe1bcf4d9874.php:39]
[ error ] [8]未定义数组索引: sub[/www/wwwroot/kyd.web.zhongwangyingtong.com/runtime/temp/363bcccb93bfcc3045d4fe1bcf4d9874.php:43]
[ error ] [8]未定义数组索引: sub[/www/wwwroot/kyd.web.zhongwangyingtong.com/runtime/temp/363bcccb93bfcc3045d4fe1bcf4d9874.php:49]
[ error ] [8]未定义数组索引: sub[/www/wwwroot/kyd.web.zhongwangyingtong.com/runtime/temp/363bcccb93bfcc3045d4fe1bcf4d9874.php:49]
[ error ] [8]未定义数组索引: sub[/www/wwwroot/kyd.web.zhongwangyingtong.com/runtime/temp/363bcccb93bfcc3045d4fe1bcf4d9874.php:49]
[ error ] [8]未定义数组索引: sub[/www/wwwroot/kyd.web.zhongwangyingtong.com/runtime/temp/363bcccb93bfcc3045d4fe1bcf4d9874.php:49]
[ error ] [8]未定义数组索引: sub[/www/wwwroot/kyd.web.zhongwangyingtong.com/runtime/temp/363bcccb93bfcc3045d4fe1bcf4d9874.php:49]
[ error ] [8]未定义数组索引: sub[/www/wwwroot/kyd.web.zhongwangyingtong.com/runtime/temp/363bcccb93bfcc3045d4fe1bcf4d9874.php:49]
[ error ] [8]未定义数组索引: sub[/www/wwwroot/kyd.web.zhongwangyingtong.com/runtime/temp/363bcccb93bfcc3045d4fe1bcf4d9874.php:49]
[ error ] [8]未定义数组索引: sub[/www/wwwroot/kyd.web.zhongwangyingtong.com/runtime/temp/363bcccb93bfcc3045d4fe1bcf4d9874.php:49]
[ error ] [8]未定义数组索引: sub[/www/wwwroot/kyd.web.zhongwangyingtong.com/runtime/temp/363bcccb93bfcc3045d4fe1bcf4d9874.php:49]
---------------------------------------------------------------

[2023-02-04T23:59:45+08:00] 39.104.118.89 GET www.coyotebio.com/
[运行时间：0.081875s] [吞吐率：12.21req/s] [内存消耗：5,184.87kb] [文件加载：180]
[ info ] [ LANG ] /www/wwwroot/kyd.web.zhongwangyingtong.com/thinkphp/lang/zh-cn.php
[ info ] [ BIND ] 'index/index'
[ info ] [ ROUTE ] array (
)
[ info ] [ HEADER ] array (
  'accept-encoding' => 'gzip, deflate',
  'accept' => '*/*',
  'accept-language' => 'zh-CN,zh;q=0.9',
  'range' => 'bytes=0-2048',
  'user-agent' => 'Mozilla/5.0 (Windows NT 10.0; Win64; x64) AppleWebKit/537.36 (KHTML, like Gecko) Chrome/78.0.3904.108 Safari/537.36',
  'host' => 'www.coyotebio.com',
  'content-type' => '',
  'content-length' => '',
)
[ info ] [ PARAM ] array (
)
[ info ] [ DB ] INIT mysql
[ info ] [ DB ] INIT mysql
[ info ] [ DB ] INIT mysql
[ info ] [ DB ] INIT mysql
[ info ] [ DB ] INIT mysql
[ info ] [ DB ] INIT mysql
[ info ] [ DB ] INIT mysql
[ info ] [ DB ] INIT mysql
[ info ] [ DB ] INIT mysql
[ info ] [ VIEW ] /www/wwwroot/kyd.web.zhongwangyingtong.com/application/index/view/index/index.html [ array (
  0 => 'mycompany',
  1 => 'menu',
  2 => 'bottom_menu',
  3 => 'seo',
  4 => 'cate',
  5 => 'index',
  6 => 'cooperation',
  7 => 'news',
  8 => 'solution',
  9 => 'instrument',
) ]
[ sql ] [ DB ] CONNECT:[ UseTime:0.000476s ] mysql:host=127.0.0.1;dbname=kyd_web_zhongwan;charset=utf8
[ sql ] [ SQL ] SHOW COLUMNS FROM `yzn_category` [ RunTime:0.003872s ]
[ sql ] [ SQL ] SELECT `id`,`catname`,`url`,`child` FROM `yzn_category` WHERE  `status` = 1  AND `parentid` = 0 ORDER BY `listorder` [ RunTime:0.000407s ]
[ sql ] [ DB ] CONNECT:[ UseTime:0.000340s ] mysql:host=127.0.0.1;dbname=kyd_web_zhongwan;charset=utf8
[ sql ] [ SQL ] SELECT `id`,`catname`,`url` FROM `yzn_category` WHERE  `status` = 1  AND `parentid` = 51 ORDER BY `listorder`,`id` [ RunTime:0.000295s ]
[ sql ] [ DB ] CONNECT:[ UseTime:0.000295s ] mysql:host=127.0.0.1;dbname=kyd_web_zhongwan;charset=utf8
[ sql ] [ SQL ] SHOW COLUMNS FROM `yzn_instrument` [ RunTime:0.002930s ]
[ sql ] [ SQL ] SELECT `id`,`title` FROM `yzn_instrument` WHERE  `status` = 1 ORDER BY `listorder`,`id` [ RunTime:0.000334s ]
[ sql ] [ DB ] CONNECT:[ UseTime:0.000273s ] mysql:host=127.0.0.1;dbname=kyd_web_zhongwan;charset=utf8
[ sql ] [ SQL ] SELECT `id`,`catname`,`url` FROM `yzn_category` WHERE  `status` = 1  AND `parentid` = 47 ORDER BY `listorder`,`id` [ RunTime:0.000329s ]
[ sql ] [ DB ] CONNECT:[ UseTime:0.000269s ] mysql:host=127.0.0.1;dbname=kyd_web_zhongwan;charset=utf8
[ sql ] [ SQL ] SHOW COLUMNS FROM `yzn_reagentclinical` [ RunTime:0.002863s ]
[ sql ] [ SQL ] SELECT `id`,`title` FROM `yzn_reagentclinical` WHERE  `status` = 1  AND `catid` = 48 ORDER BY `listorder`,`id` [ RunTime:0.000349s ]
[ sql ] [ DB ] CONNECT:[ UseTime:0.000284s ] mysql:host=127.0.0.1;dbname=kyd_web_zhongwan;charset=utf8
[ sql ] [ SQL ] SHOW COLUMNS FROM `yzn_solution` [ RunTime:0.002798s ]
[ sql ] [ SQL ] SELECT `id`,title as catname FROM `yzn_solution` WHERE  `status` = 1 ORDER BY `listorder`,`id` [ RunTime:0.000320s ]
[ sql ] [ DB ] CONNECT:[ UseTime:0.000280s ] mysql:host=127.0.0.1;dbname=kyd_web_zhongwan;charset=utf8
[ sql ] [ SQL ] SELECT `id`,`catname`,`url` FROM `yzn_category` WHERE  `status` = 1  AND `parentid` = 30 ORDER BY `listorder`,`id` [ RunTime:0.000319s ]
[ sql ] [ DB ] CONNECT:[ UseTime:0.000258s ] mysql:host=127.0.0.1;dbname=kyd_web_zhongwan;charset=utf8
[ sql ] [ SQL ] SHOW COLUMNS FROM `yzn_mycompany` [ RunTime:0.002805s ]
[ sql ] [ SQL ] SELECT `id`,`title`,`address`,`email`,`phone` FROM `yzn_mycompany` WHERE  `status` = 1 ORDER BY `id` [ RunTime:0.000402s ]
[ sql ] [ DB ] CONNECT:[ UseTime:0.000297s ] mysql:host=127.0.0.1;dbname=kyd_web_zhongwan;charset=utf8
[ sql ] [ SQL ] SELECT `id`,`catname`,`url` FROM `yzn_category` WHERE  `parentid` = 0  AND `bottom_status` = 1 ORDER BY `listorder` [ RunTime:0.000349s ]
[ sql ] [ SQL ] SELECT `id`,`catname`,`image`,`picname`,`subpicname`,`setting`,`description` FROM `yzn_category` WHERE  `id` = 1 LIMIT 1 [ RunTime:0.000368s ]
[ sql ] [ SQL ] SHOW COLUMNS FROM `yzn_attachment` [ RunTime:0.002863s ]
[ sql ] [ SQL ] SELECT * FROM `yzn_attachment` WHERE  `id` = 927 [ RunTime:0.000331s ]
[ sql ] [ SQL ] SHOW COLUMNS FROM `yzn_index` [ RunTime:0.002811s ]
[ sql ] [ SQL ] SELECT * FROM `yzn_index` WHERE  `catid` = 1  AND `status` = 1 ORDER BY `listorder` DESC LIMIT 1 [ RunTime:0.000410s ]
[ sql ] [ SQL ] SELECT * FROM `yzn_attachment` WHERE  `id` = 528 [ RunTime:0.000293s ]
[ sql ] [ SQL ] SELECT * FROM `yzn_attachment` WHERE  `id` = 716 [ RunTime:0.000326s ]
[ sql ] [ SQL ] SHOW COLUMNS FROM `yzn_cooperation` [ RunTime:0.002748s ]
[ sql ] [ SQL ] SELECT `id`,`title`,`linkurl`,`thumb` FROM `yzn_cooperation` WHERE  `status` = 1 ORDER BY `id` [ RunTime:0.000314s ]
[ sql ] [ SQL ] SELECT * FROM `yzn_attachment` WHERE  `id` IN (529,530,531,532,533) [ RunTime:0.000430s ]
[ sql ] [ SQL ] SHOW COLUMNS FROM `yzn_information` [ RunTime:0.002821s ]
[ sql ] [ SQL ] SELECT `id`,`catid`,`title`,`thumb`,`inputtime`,`resume` FROM `yzn_information` WHERE  `status` = 1 ORDER BY `listorder`,`id` DESC LIMIT 3 [ RunTime:0.000876s ]
[ sql ] [ SQL ] SELECT * FROM `yzn_attachment` WHERE  `id` IN (1177,1173,1170) [ RunTime:0.000343s ]
[ sql ] [ SQL ] SELECT `id`,`catid`,`title`,`thumb`,`inputtime`,`entitle`,`remark`,`banner`,`recommend`,`goods` FROM `yzn_solution` WHERE  `status` = 1 ORDER BY `listorder`,`id` [ RunTime:0.000379s ]
[ sql ] [ SQL ] SELECT * FROM `yzn_attachment` WHERE  `id` IN (572,573,574) [ RunTime:0.000353s ]
[ sql ] [ SQL ] SELECT * FROM `yzn_attachment` WHERE  `id` IN (594,595,596) [ RunTime:0.000335s ]
[ sql ] [ SQL ] SELECT `id`,`title`,`index_img`,`remark` FROM `yzn_instrument` WHERE  `status` = 1  AND (  FIND_IN_SET(2,`flag`) ) ORDER BY `listorder`,`id` LIMIT 1 [ RunTime:0.000396s ]
[ sql ] [ SQL ] SELECT * FROM `yzn_attachment` WHERE  `id` = 980 [ RunTime:0.000285s ]
[ error ] [8]未定义数组索引: sub[/www/wwwroot/kyd.web.zhongwangyingtong.com/runtime/temp/363bcccb93bfcc3045d4fe1bcf4d9874.php:39]
[ error ] [8]未定义数组索引: sub[/www/wwwroot/kyd.web.zhongwangyingtong.com/runtime/temp/363bcccb93bfcc3045d4fe1bcf4d9874.php:43]
[ error ] [8]未定义数组索引: sub[/www/wwwroot/kyd.web.zhongwangyingtong.com/runtime/temp/363bcccb93bfcc3045d4fe1bcf4d9874.php:39]
[ error ] [8]未定义数组索引: sub[/www/wwwroot/kyd.web.zhongwangyingtong.com/runtime/temp/363bcccb93bfcc3045d4fe1bcf4d9874.php:43]
[ error ] [8]未定义数组索引: sub[/www/wwwroot/kyd.web.zhongwangyingtong.com/runtime/temp/363bcccb93bfcc3045d4fe1bcf4d9874.php:49]
[ error ] [8]未定义数组索引: sub[/www/wwwroot/kyd.web.zhongwangyingtong.com/runtime/temp/363bcccb93bfcc3045d4fe1bcf4d9874.php:49]
[ error ] [8]未定义数组索引: sub[/www/wwwroot/kyd.web.zhongwangyingtong.com/runtime/temp/363bcccb93bfcc3045d4fe1bcf4d9874.php:49]
[ error ] [8]未定义数组索引: sub[/www/wwwroot/kyd.web.zhongwangyingtong.com/runtime/temp/363bcccb93bfcc3045d4fe1bcf4d9874.php:49]
[ error ] [8]未定义数组索引: sub[/www/wwwroot/kyd.web.zhongwangyingtong.com/runtime/temp/363bcccb93bfcc3045d4fe1bcf4d9874.php:49]
[ error ] [8]未定义数组索引: sub[/www/wwwroot/kyd.web.zhongwangyingtong.com/runtime/temp/363bcccb93bfcc3045d4fe1bcf4d9874.php:49]
[ error ] [8]未定义数组索引: sub[/www/wwwroot/kyd.web.zhongwangyingtong.com/runtime/temp/363bcccb93bfcc3045d4fe1bcf4d9874.php:49]
[ error ] [8]未定义数组索引: sub[/www/wwwroot/kyd.web.zhongwangyingtong.com/runtime/temp/363bcccb93bfcc3045d4fe1bcf4d9874.php:49]
[ error ] [8]未定义数组索引: sub[/www/wwwroot/kyd.web.zhongwangyingtong.com/runtime/temp/363bcccb93bfcc3045d4fe1bcf4d9874.php:49]
---------------------------------------------------------------

[2023-02-04T23:59:47+08:00] 47.104.3.99 GET www.coyotebio.com/
[运行时间：0.083092s] [吞吐率：12.03req/s] [内存消耗：5,184.90kb] [文件加载：180]
[ info ] [ LANG ] /www/wwwroot/kyd.web.zhongwangyingtong.com/thinkphp/lang/zh-cn.php
[ info ] [ BIND ] 'index/index'
[ info ] [ ROUTE ] array (
)
[ info ] [ HEADER ] array (
  'accept-encoding' => 'gzip, deflate',
  'accept' => '*/*',
  'accept-language' => 'zh-CN,zh;q=0.9',
  'range' => 'bytes=0-2048',
  'user-agent' => 'Mozilla/5.0 (Windows NT 10.0; Win64; x64) AppleWebKit/537.36 (KHTML, like Gecko) Chrome/78.0.3904.108 Safari/537.36',
  'host' => 'www.coyotebio.com',
  'content-type' => '',
  'content-length' => '',
)
[ info ] [ PARAM ] array (
)
[ info ] [ DB ] INIT mysql
[ info ] [ DB ] INIT mysql
[ info ] [ DB ] INIT mysql
[ info ] [ DB ] INIT mysql
[ info ] [ DB ] INIT mysql
[ info ] [ DB ] INIT mysql
[ info ] [ DB ] INIT mysql
[ info ] [ DB ] INIT mysql
[ info ] [ DB ] INIT mysql
[ info ] [ VIEW ] /www/wwwroot/kyd.web.zhongwangyingtong.com/application/index/view/index/index.html [ array (
  0 => 'mycompany',
  1 => 'menu',
  2 => 'bottom_menu',
  3 => 'seo',
  4 => 'cate',
  5 => 'index',
  6 => 'cooperation',
  7 => 'news',
  8 => 'solution',
  9 => 'instrument',
) ]
[ sql ] [ DB ] CONNECT:[ UseTime:0.000480s ] mysql:host=127.0.0.1;dbname=kyd_web_zhongwan;charset=utf8
[ sql ] [ SQL ] SHOW COLUMNS FROM `yzn_category` [ RunTime:0.003719s ]
[ sql ] [ SQL ] SELECT `id`,`catname`,`url`,`child` FROM `yzn_category` WHERE  `status` = 1  AND `parentid` = 0 ORDER BY `listorder` [ RunTime:0.000441s ]
[ sql ] [ DB ] CONNECT:[ UseTime:0.000320s ] mysql:host=127.0.0.1;dbname=kyd_web_zhongwan;charset=utf8
[ sql ] [ SQL ] SELECT `id`,`catname`,`url` FROM `yzn_category` WHERE  `status` = 1  AND `parentid` = 51 ORDER BY `listorder`,`id` [ RunTime:0.000317s ]
[ sql ] [ DB ] CONNECT:[ UseTime:0.000282s ] mysql:host=127.0.0.1;dbname=kyd_web_zhongwan;charset=utf8
[ sql ] [ SQL ] SHOW COLUMNS FROM `yzn_instrument` [ RunTime:0.002924s ]
[ sql ] [ SQL ] SELECT `id`,`title` FROM `yzn_instrument` WHERE  `status` = 1 ORDER BY `listorder`,`id` [ RunTime:0.000319s ]
[ sql ] [ DB ] CONNECT:[ UseTime:0.000300s ] mysql:host=127.0.0.1;dbname=kyd_web_zhongwan;charset=utf8
[ sql ] [ SQL ] SELECT `id`,`catname`,`url` FROM `yzn_category` WHERE  `status` = 1  AND `parentid` = 47 ORDER BY `listorder`,`id` [ RunTime:0.000310s ]
[ sql ] [ DB ] CONNECT:[ UseTime:0.000276s ] mysql:host=127.0.0.1;dbname=kyd_web_zhongwan;charset=utf8
[ sql ] [ SQL ] SHOW COLUMNS FROM `yzn_reagentclinical` [ RunTime:0.002883s ]
[ sql ] [ SQL ] SELECT `id`,`title` FROM `yzn_reagentclinical` WHERE  `status` = 1  AND `catid` = 48 ORDER BY `listorder`,`id` [ RunTime:0.000343s ]
[ sql ] [ DB ] CONNECT:[ UseTime:0.000272s ] mysql:host=127.0.0.1;dbname=kyd_web_zhongwan;charset=utf8
[ sql ] [ SQL ] SHOW COLUMNS FROM `yzn_solution` [ RunTime:0.002859s ]
[ sql ] [ SQL ] SELECT `id`,title as catname FROM `yzn_solution` WHERE  `status` = 1 ORDER BY `listorder`,`id` [ RunTime:0.000330s ]
[ sql ] [ DB ] CONNECT:[ UseTime:0.000267s ] mysql:host=127.0.0.1;dbname=kyd_web_zhongwan;charset=utf8
[ sql ] [ SQL ] SELECT `id`,`catname`,`url` FROM `yzn_category` WHERE  `status` = 1  AND `parentid` = 30 ORDER BY `listorder`,`id` [ RunTime:0.000278s ]
[ sql ] [ DB ] CONNECT:[ UseTime:0.000285s ] mysql:host=127.0.0.1;dbname=kyd_web_zhongwan;charset=utf8
[ sql ] [ SQL ] SHOW COLUMNS FROM `yzn_mycompany` [ RunTime:0.002758s ]
[ sql ] [ SQL ] SELECT `id`,`title`,`address`,`email`,`phone` FROM `yzn_mycompany` WHERE  `status` = 1 ORDER BY `id` [ RunTime:0.000328s ]
[ sql ] [ DB ] CONNECT:[ UseTime:0.000269s ] mysql:host=127.0.0.1;dbname=kyd_web_zhongwan;charset=utf8
[ sql ] [ SQL ] SELECT `id`,`catname`,`url` FROM `yzn_category` WHERE  `parentid` = 0  AND `bottom_status` = 1 ORDER BY `listorder` [ RunTime:0.000313s ]
[ sql ] [ SQL ] SELECT `id`,`catname`,`image`,`picname`,`subpicname`,`setting`,`description` FROM `yzn_category` WHERE  `id` = 1 LIMIT 1 [ RunTime:0.000341s ]
[ sql ] [ SQL ] SHOW COLUMNS FROM `yzn_attachment` [ RunTime:0.002838s ]
[ sql ] [ SQL ] SELECT * FROM `yzn_attachment` WHERE  `id` = 927 [ RunTime:0.000309s ]
[ sql ] [ SQL ] SHOW COLUMNS FROM `yzn_index` [ RunTime:0.002866s ]
[ sql ] [ SQL ] SELECT * FROM `yzn_index` WHERE  `catid` = 1  AND `status` = 1 ORDER BY `listorder` DESC LIMIT 1 [ RunTime:0.000402s ]
[ sql ] [ SQL ] SELECT * FROM `yzn_attachment` WHERE  `id` = 528 [ RunTime:0.000308s ]
[ sql ] [ SQL ] SELECT * FROM `yzn_attachment` WHERE  `id` = 716 [ RunTime:0.000300s ]
[ sql ] [ SQL ] SHOW COLUMNS FROM `yzn_cooperation` [ RunTime:0.002755s ]
[ sql ] [ SQL ] SELECT `id`,`title`,`linkurl`,`thumb` FROM `yzn_cooperation` WHERE  `status` = 1 ORDER BY `id` [ RunTime:0.000321s ]
[ sql ] [ SQL ] SELECT * FROM `yzn_attachment` WHERE  `id` IN (529,530,531,532,533) [ RunTime:0.000380s ]
[ sql ] [ SQL ] SHOW COLUMNS FROM `yzn_information` [ RunTime:0.002772s ]
[ sql ] [ SQL ] SELECT `id`,`catid`,`title`,`thumb`,`inputtime`,`resume` FROM `yzn_information` WHERE  `status` = 1 ORDER BY `listorder`,`id` DESC LIMIT 3 [ RunTime:0.000895s ]
[ sql ] [ SQL ] SELECT * FROM `yzn_attachment` WHERE  `id` IN (1177,1173,1170) [ RunTime:0.000347s ]
[ sql ] [ SQL ] SELECT `id`,`catid`,`title`,`thumb`,`inputtime`,`entitle`,`remark`,`banner`,`recommend`,`goods` FROM `yzn_solution` WHERE  `status` = 1 ORDER BY `listorder`,`id` [ RunTime:0.000359s ]
[ sql ] [ SQL ] SELECT * FROM `yzn_attachment` WHERE  `id` IN (572,573,574) [ RunTime:0.000328s ]
[ sql ] [ SQL ] SELECT * FROM `yzn_attachment` WHERE  `id` IN (594,595,596) [ RunTime:0.000364s ]
[ sql ] [ SQL ] SELECT `id`,`title`,`index_img`,`remark` FROM `yzn_instrument` WHERE  `status` = 1  AND (  FIND_IN_SET(2,`flag`) ) ORDER BY `listorder`,`id` LIMIT 1 [ RunTime:0.000379s ]
[ sql ] [ SQL ] SELECT * FROM `yzn_attachment` WHERE  `id` = 980 [ RunTime:0.000279s ]
[ error ] [8]未定义数组索引: sub[/www/wwwroot/kyd.web.zhongwangyingtong.com/runtime/temp/363bcccb93bfcc3045d4fe1bcf4d9874.php:39]
[ error ] [8]未定义数组索引: sub[/www/wwwroot/kyd.web.zhongwangyingtong.com/runtime/temp/363bcccb93bfcc3045d4fe1bcf4d9874.php:43]
[ error ] [8]未定义数组索引: sub[/www/wwwroot/kyd.web.zhongwangyingtong.com/runtime/temp/363bcccb93bfcc3045d4fe1bcf4d9874.php:39]
[ error ] [8]未定义数组索引: sub[/www/wwwroot/kyd.web.zhongwangyingtong.com/runtime/temp/363bcccb93bfcc3045d4fe1bcf4d9874.php:43]
[ error ] [8]未定义数组索引: sub[/www/wwwroot/kyd.web.zhongwangyingtong.com/runtime/temp/363bcccb93bfcc3045d4fe1bcf4d9874.php:49]
[ error ] [8]未定义数组索引: sub[/www/wwwroot/kyd.web.zhongwangyingtong.com/runtime/temp/363bcccb93bfcc3045d4fe1bcf4d9874.php:49]
[ error ] [8]未定义数组索引: sub[/www/wwwroot/kyd.web.zhongwangyingtong.com/runtime/temp/363bcccb93bfcc3045d4fe1bcf4d9874.php:49]
[ error ] [8]未定义数组索引: sub[/www/wwwroot/kyd.web.zhongwangyingtong.com/runtime/temp/363bcccb93bfcc3045d4fe1bcf4d9874.php:49]
[ error ] [8]未定义数组索引: sub[/www/wwwroot/kyd.web.zhongwangyingtong.com/runtime/temp/363bcccb93bfcc3045d4fe1bcf4d9874.php:49]
[ error ] [8]未定义数组索引: sub[/www/wwwroot/kyd.web.zhongwangyingtong.com/runtime/temp/363bcccb93bfcc3045d4fe1bcf4d9874.php:49]
[ error ] [8]未定义数组索引: sub[/www/wwwroot/kyd.web.zhongwangyingtong.com/runtime/temp/363bcccb93bfcc3045d4fe1bcf4d9874.php:49]
[ error ] [8]未定义数组索引: sub[/www/wwwroot/kyd.web.zhongwangyingtong.com/runtime/temp/363bcccb93bfcc3045d4fe1bcf4d9874.php:49]
[ error ] [8]未定义数组索引: sub[/www/wwwroot/kyd.web.zhongwangyingtong.com/runtime/temp/363bcccb93bfcc3045d4fe1bcf4d9874.php:49]
---------------------------------------------------------------

[2023-02-04T23:59:52+08:00] 47.98.252.79 GET www.coyotebio.com/
[运行时间：0.082116s] [吞吐率：12.18req/s] [内存消耗：5,184.82kb] [文件加载：180]
[ info ] [ LANG ] /www/wwwroot/kyd.web.zhongwangyingtong.com/thinkphp/lang/zh-cn.php
[ info ] [ BIND ] 'index/index'
[ info ] [ ROUTE ] array (
)
[ info ] [ HEADER ] array (
  'accept-encoding' => 'gzip, deflate',
  'accept' => '*/*',
  'accept-language' => 'zh-CN,zh;q=0.9',
  'range' => 'bytes=0-2048',
  'user-agent' => 'Mozilla/5.0 (Windows NT 10.0; Win64; x64) AppleWebKit/537.36 (KHTML, like Gecko) Chrome/78.0.3904.108 Safari/537.36',
  'host' => 'www.coyotebio.com',
  'content-type' => '',
  'content-length' => '',
)
[ info ] [ PARAM ] array (
)
[ info ] [ DB ] INIT mysql
[ info ] [ DB ] INIT mysql
[ info ] [ DB ] INIT mysql
[ info ] [ DB ] INIT mysql
[ info ] [ DB ] INIT mysql
[ info ] [ DB ] INIT mysql
[ info ] [ DB ] INIT mysql
[ info ] [ DB ] INIT mysql
[ info ] [ DB ] INIT mysql
[ info ] [ VIEW ] /www/wwwroot/kyd.web.zhongwangyingtong.com/application/index/view/index/index.html [ array (
  0 => 'mycompany',
  1 => 'menu',
  2 => 'bottom_menu',
  3 => 'seo',
  4 => 'cate',
  5 => 'index',
  6 => 'cooperation',
  7 => 'news',
  8 => 'solution',
  9 => 'instrument',
) ]
[ sql ] [ DB ] CONNECT:[ UseTime:0.000468s ] mysql:host=127.0.0.1;dbname=kyd_web_zhongwan;charset=utf8
[ sql ] [ SQL ] SHOW COLUMNS FROM `yzn_category` [ RunTime:0.003639s ]
[ sql ] [ SQL ] SELECT `id`,`catname`,`url`,`child` FROM `yzn_category` WHERE  `status` = 1  AND `parentid` = 0 ORDER BY `listorder` [ RunTime:0.000405s ]
[ sql ] [ DB ] CONNECT:[ UseTime:0.000334s ] mysql:host=127.0.0.1;dbname=kyd_web_zhongwan;charset=utf8
[ sql ] [ SQL ] SELECT `id`,`catname`,`url` FROM `yzn_category` WHERE  `status` = 1  AND `parentid` = 51 ORDER BY `listorder`,`id` [ RunTime:0.000337s ]
[ sql ] [ DB ] CONNECT:[ UseTime:0.000277s ] mysql:host=127.0.0.1;dbname=kyd_web_zhongwan;charset=utf8
[ sql ] [ SQL ] SHOW COLUMNS FROM `yzn_instrument` [ RunTime:0.002924s ]
[ sql ] [ SQL ] SELECT `id`,`title` FROM `yzn_instrument` WHERE  `status` = 1 ORDER BY `listorder`,`id` [ RunTime:0.000491s ]
[ sql ] [ DB ] CONNECT:[ UseTime:0.000277s ] mysql:host=127.0.0.1;dbname=kyd_web_zhongwan;charset=utf8
[ sql ] [ SQL ] SELECT `id`,`catname`,`url` FROM `yzn_category` WHERE  `status` = 1  AND `parentid` = 47 ORDER BY `listorder`,`id` [ RunTime:0.000320s ]
[ sql ] [ DB ] CONNECT:[ UseTime:0.000269s ] mysql:host=127.0.0.1;dbname=kyd_web_zhongwan;charset=utf8
[ sql ] [ SQL ] SHOW COLUMNS FROM `yzn_reagentclinical` [ RunTime:0.002803s ]
[ sql ] [ SQL ] SELECT `id`,`title` FROM `yzn_reagentclinical` WHERE  `status` = 1  AND `catid` = 48 ORDER BY `listorder`,`id` [ RunTime:0.000337s ]
[ sql ] [ DB ] CONNECT:[ UseTime:0.000289s ] mysql:host=127.0.0.1;dbname=kyd_web_zhongwan;charset=utf8
[ sql ] [ SQL ] SHOW COLUMNS FROM `yzn_solution` [ RunTime:0.002811s ]
[ sql ] [ SQL ] SELECT `id`,title as catname FROM `yzn_solution` WHERE  `status` = 1 ORDER BY `listorder`,`id` [ RunTime:0.000336s ]
[ sql ] [ DB ] CONNECT:[ UseTime:0.000276s ] mysql:host=127.0.0.1;dbname=kyd_web_zhongwan;charset=utf8
[ sql ] [ SQL ] SELECT `id`,`catname`,`url` FROM `yzn_category` WHERE  `status` = 1  AND `parentid` = 30 ORDER BY `listorder`,`id` [ RunTime:0.000299s ]
[ sql ] [ DB ] CONNECT:[ UseTime:0.000263s ] mysql:host=127.0.0.1;dbname=kyd_web_zhongwan;charset=utf8
[ sql ] [ SQL ] SHOW COLUMNS FROM `yzn_mycompany` [ RunTime:0.002754s ]
[ sql ] [ SQL ] SELECT `id`,`title`,`address`,`email`,`phone` FROM `yzn_mycompany` WHERE  `status` = 1 ORDER BY `id` [ RunTime:0.000327s ]
[ sql ] [ DB ] CONNECT:[ UseTime:0.000286s ] mysql:host=127.0.0.1;dbname=kyd_web_zhongwan;charset=utf8
[ sql ] [ SQL ] SELECT `id`,`catname`,`url` FROM `yzn_category` WHERE  `parentid` = 0  AND `bottom_status` = 1 ORDER BY `listorder` [ RunTime:0.000285s ]
[ sql ] [ SQL ] SELECT `id`,`catname`,`image`,`picname`,`subpicname`,`setting`,`description` FROM `yzn_category` WHERE  `id` = 1 LIMIT 1 [ RunTime:0.000317s ]
[ sql ] [ SQL ] SHOW COLUMNS FROM `yzn_attachment` [ RunTime:0.002808s ]
[ sql ] [ SQL ] SELECT * FROM `yzn_attachment` WHERE  `id` = 927 [ RunTime:0.000308s ]
[ sql ] [ SQL ] SHOW COLUMNS FROM `yzn_index` [ RunTime:0.002892s ]
[ sql ] [ SQL ] SELECT * FROM `yzn_index` WHERE  `catid` = 1  AND `status` = 1 ORDER BY `listorder` DESC LIMIT 1 [ RunTime:0.000394s ]
[ sql ] [ SQL ] SELECT * FROM `yzn_attachment` WHERE  `id` = 528 [ RunTime:0.000290s ]
[ sql ] [ SQL ] SELECT * FROM `yzn_attachment` WHERE  `id` = 716 [ RunTime:0.000300s ]
[ sql ] [ SQL ] SHOW COLUMNS FROM `yzn_cooperation` [ RunTime:0.002786s ]
[ sql ] [ SQL ] SELECT `id`,`title`,`linkurl`,`thumb` FROM `yzn_cooperation` WHERE  `status` = 1 ORDER BY `id` [ RunTime:0.000300s ]
[ sql ] [ SQL ] SELECT * FROM `yzn_attachment` WHERE  `id` IN (529,530,531,532,533) [ RunTime:0.000375s ]
[ sql ] [ SQL ] SHOW COLUMNS FROM `yzn_information` [ RunTime:0.002781s ]
[ sql ] [ SQL ] SELECT `id`,`catid`,`title`,`thumb`,`inputtime`,`resume` FROM `yzn_information` WHERE  `status` = 1 ORDER BY `listorder`,`id` DESC LIMIT 3 [ RunTime:0.000864s ]
[ sql ] [ SQL ] SELECT * FROM `yzn_attachment` WHERE  `id` IN (1177,1173,1170) [ RunTime:0.000338s ]
[ sql ] [ SQL ] SELECT `id`,`catid`,`title`,`thumb`,`inputtime`,`entitle`,`remark`,`banner`,`recommend`,`goods` FROM `yzn_solution` WHERE  `status` = 1 ORDER BY `listorder`,`id` [ RunTime:0.000342s ]
[ sql ] [ SQL ] SELECT * FROM `yzn_attachment` WHERE  `id` IN (572,573,574) [ RunTime:0.000341s ]
[ sql ] [ SQL ] SELECT * FROM `yzn_attachment` WHERE  `id` IN (594,595,596) [ RunTime:0.000316s ]
[ sql ] [ SQL ] SELECT `id`,`title`,`index_img`,`remark` FROM `yzn_instrument` WHERE  `status` = 1  AND (  FIND_IN_SET(2,`flag`) ) ORDER BY `listorder`,`id` LIMIT 1 [ RunTime:0.000369s ]
[ sql ] [ SQL ] SELECT * FROM `yzn_attachment` WHERE  `id` = 980 [ RunTime:0.000298s ]
[ error ] [8]未定义数组索引: sub[/www/wwwroot/kyd.web.zhongwangyingtong.com/runtime/temp/363bcccb93bfcc3045d4fe1bcf4d9874.php:39]
[ error ] [8]未定义数组索引: sub[/www/wwwroot/kyd.web.zhongwangyingtong.com/runtime/temp/363bcccb93bfcc3045d4fe1bcf4d9874.php:43]
[ error ] [8]未定义数组索引: sub[/www/wwwroot/kyd.web.zhongwangyingtong.com/runtime/temp/363bcccb93bfcc3045d4fe1bcf4d9874.php:39]
[ error ] [8]未定义数组索引: sub[/www/wwwroot/kyd.web.zhongwangyingtong.com/runtime/temp/363bcccb93bfcc3045d4fe1bcf4d9874.php:43]
[ error ] [8]未定义数组索引: sub[/www/wwwroot/kyd.web.zhongwangyingtong.com/runtime/temp/363bcccb93bfcc3045d4fe1bcf4d9874.php:49]
[ error ] [8]未定义数组索引: sub[/www/wwwroot/kyd.web.zhongwangyingtong.com/runtime/temp/363bcccb93bfcc3045d4fe1bcf4d9874.php:49]
[ error ] [8]未定义数组索引: sub[/www/wwwroot/kyd.web.zhongwangyingtong.com/runtime/temp/363bcccb93bfcc3045d4fe1bcf4d9874.php:49]
[ error ] [8]未定义数组索引: sub[/www/wwwroot/kyd.web.zhongwangyingtong.com/runtime/temp/363bcccb93bfcc3045d4fe1bcf4d9874.php:49]
[ error ] [8]未定义数组索引: sub[/www/wwwroot/kyd.web.zhongwangyingtong.com/runtime/temp/363bcccb93bfcc3045d4fe1bcf4d9874.php:49]
[ error ] [8]未定义数组索引: sub[/www/wwwroot/kyd.web.zhongwangyingtong.com/runtime/temp/363bcccb93bfcc3045d4fe1bcf4d9874.php:49]
[ error ] [8]未定义数组索引: sub[/www/wwwroot/kyd.web.zhongwangyingtong.com/runtime/temp/363bcccb93bfcc3045d4fe1bcf4d9874.php:49]
[ error ] [8]未定义数组索引: sub[/www/wwwroot/kyd.web.zhongwangyingtong.com/runtime/temp/363bcccb93bfcc3045d4fe1bcf4d9874.php:49]
[ error ] [8]未定义数组索引: sub[/www/wwwroot/kyd.web.zhongwangyingtong.com/runtime/temp/363bcccb93bfcc3045d4fe1bcf4d9874.php:49]
---------------------------------------------------------------

[2023-02-04T23:59:52+08:00] 106.75.175.176 GET www.coyotebio.com/
[运行时间：0.083161s] [吞吐率：12.02req/s] [内存消耗：5,184.98kb] [文件加载：180]
[ info ] [ LANG ] /www/wwwroot/kyd.web.zhongwangyingtong.com/thinkphp/lang/zh-cn.php
[ info ] [ BIND ] 'index/index'
[ info ] [ ROUTE ] array (
)
[ info ] [ HEADER ] array (
  'accept-encoding' => 'gzip, deflate',
  'accept' => '*/*',
  'accept-language' => 'zh-CN,zh;q=0.9',
  'range' => 'bytes=0-2048',
  'user-agent' => 'Mozilla/5.0 (Windows NT 10.0; Win64; x64) AppleWebKit/537.36 (KHTML, like Gecko) Chrome/78.0.3904.108 Safari/537.36',
  'host' => 'www.coyotebio.com',
  'content-type' => '',
  'content-length' => '',
)
[ info ] [ PARAM ] array (
)
[ info ] [ DB ] INIT mysql
[ info ] [ DB ] INIT mysql
[ info ] [ DB ] INIT mysql
[ info ] [ DB ] INIT mysql
[ info ] [ DB ] INIT mysql
[ info ] [ DB ] INIT mysql
[ info ] [ DB ] INIT mysql
[ info ] [ DB ] INIT mysql
[ info ] [ DB ] INIT mysql
[ info ] [ VIEW ] /www/wwwroot/kyd.web.zhongwangyingtong.com/application/index/view/index/index.html [ array (
  0 => 'mycompany',
  1 => 'menu',
  2 => 'bottom_menu',
  3 => 'seo',
  4 => 'cate',
  5 => 'index',
  6 => 'cooperation',
  7 => 'news',
  8 => 'solution',
  9 => 'instrument',
) ]
[ sql ] [ DB ] CONNECT:[ UseTime:0.000440s ] mysql:host=127.0.0.1;dbname=kyd_web_zhongwan;charset=utf8
[ sql ] [ SQL ] SHOW COLUMNS FROM `yzn_category` [ RunTime:0.003776s ]
[ sql ] [ SQL ] SELECT `id`,`catname`,`url`,`child` FROM `yzn_category` WHERE  `status` = 1  AND `parentid` = 0 ORDER BY `listorder` [ RunTime:0.000449s ]
[ sql ] [ DB ] CONNECT:[ UseTime:0.000319s ] mysql:host=127.0.0.1;dbname=kyd_web_zhongwan;charset=utf8
[ sql ] [ SQL ] SELECT `id`,`catname`,`url` FROM `yzn_category` WHERE  `status` = 1  AND `parentid` = 51 ORDER BY `listorder`,`id` [ RunTime:0.000324s ]
[ sql ] [ DB ] CONNECT:[ UseTime:0.000283s ] mysql:host=127.0.0.1;dbname=kyd_web_zhongwan;charset=utf8
[ sql ] [ SQL ] SHOW COLUMNS FROM `yzn_instrument` [ RunTime:0.002944s ]
[ sql ] [ SQL ] SELECT `id`,`title` FROM `yzn_instrument` WHERE  `status` = 1 ORDER BY `listorder`,`id` [ RunTime:0.000320s ]
[ sql ] [ DB ] CONNECT:[ UseTime:0.000294s ] mysql:host=127.0.0.1;dbname=kyd_web_zhongwan;charset=utf8
[ sql ] [ SQL ] SELECT `id`,`catname`,`url` FROM `yzn_category` WHERE  `status` = 1  AND `parentid` = 47 ORDER BY `listorder`,`id` [ RunTime:0.000283s ]
[ sql ] [ DB ] CONNECT:[ UseTime:0.000291s ] mysql:host=127.0.0.1;dbname=kyd_web_zhongwan;charset=utf8
[ sql ] [ SQL ] SHOW COLUMNS FROM `yzn_reagentclinical` [ RunTime:0.002838s ]
[ sql ] [ SQL ] SELECT `id`,`title` FROM `yzn_reagentclinical` WHERE  `status` = 1  AND `catid` = 48 ORDER BY `listorder`,`id` [ RunTime:0.000358s ]
[ sql ] [ DB ] CONNECT:[ UseTime:0.000267s ] mysql:host=127.0.0.1;dbname=kyd_web_zhongwan;charset=utf8
[ sql ] [ SQL ] SHOW COLUMNS FROM `yzn_solution` [ RunTime:0.002805s ]
[ sql ] [ SQL ] SELECT `id`,title as catname FROM `yzn_solution` WHERE  `status` = 1 ORDER BY `listorder`,`id` [ RunTime:0.000331s ]
[ sql ] [ DB ] CONNECT:[ UseTime:0.000265s ] mysql:host=127.0.0.1;dbname=kyd_web_zhongwan;charset=utf8
[ sql ] [ SQL ] SELECT `id`,`catname`,`url` FROM `yzn_category` WHERE  `status` = 1  AND `parentid` = 30 ORDER BY `listorder`,`id` [ RunTime:0.000324s ]
[ sql ] [ DB ] CONNECT:[ UseTime:0.000286s ] mysql:host=127.0.0.1;dbname=kyd_web_zhongwan;charset=utf8
[ sql ] [ SQL ] SHOW COLUMNS FROM `yzn_mycompany` [ RunTime:0.002737s ]
[ sql ] [ SQL ] SELECT `id`,`title`,`address`,`email`,`phone` FROM `yzn_mycompany` WHERE  `status` = 1 ORDER BY `id` [ RunTime:0.000340s ]
[ sql ] [ DB ] CONNECT:[ UseTime:0.000271s ] mysql:host=127.0.0.1;dbname=kyd_web_zhongwan;charset=utf8
[ sql ] [ SQL ] SELECT `id`,`catname`,`url` FROM `yzn_category` WHERE  `parentid` = 0  AND `bottom_status` = 1 ORDER BY `listorder` [ RunTime:0.000313s ]
[ sql ] [ SQL ] SELECT `id`,`catname`,`image`,`picname`,`subpicname`,`setting`,`description` FROM `yzn_category` WHERE  `id` = 1 LIMIT 1 [ RunTime:0.000342s ]
[ sql ] [ SQL ] SHOW COLUMNS FROM `yzn_attachment` [ RunTime:0.002859s ]
[ sql ] [ SQL ] SELECT * FROM `yzn_attachment` WHERE  `id` = 927 [ RunTime:0.000346s ]
[ sql ] [ SQL ] SHOW COLUMNS FROM `yzn_index` [ RunTime:0.002815s ]
[ sql ] [ SQL ] SELECT * FROM `yzn_index` WHERE  `catid` = 1  AND `status` = 1 ORDER BY `listorder` DESC LIMIT 1 [ RunTime:0.000407s ]
[ sql ] [ SQL ] SELECT * FROM `yzn_attachment` WHERE  `id` = 528 [ RunTime:0.000302s ]
[ sql ] [ SQL ] SELECT * FROM `yzn_attachment` WHERE  `id` = 716 [ RunTime:0.000306s ]
[ sql ] [ SQL ] SHOW COLUMNS FROM `yzn_cooperation` [ RunTime:0.002812s ]
[ sql ] [ SQL ] SELECT `id`,`title`,`linkurl`,`thumb` FROM `yzn_cooperation` WHERE  `status` = 1 ORDER BY `id` [ RunTime:0.000301s ]
[ sql ] [ SQL ] SELECT * FROM `yzn_attachment` WHERE  `id` IN (529,530,531,532,533) [ RunTime:0.000375s ]
[ sql ] [ SQL ] SHOW COLUMNS FROM `yzn_information` [ RunTime:0.002803s ]
[ sql ] [ SQL ] SELECT `id`,`catid`,`title`,`thumb`,`inputtime`,`resume` FROM `yzn_information` WHERE  `status` = 1 ORDER BY `listorder`,`id` DESC LIMIT 3 [ RunTime:0.000853s ]
[ sql ] [ SQL ] SELECT * FROM `yzn_attachment` WHERE  `id` IN (1177,1173,1170) [ RunTime:0.000398s ]
[ sql ] [ SQL ] SELECT `id`,`catid`,`title`,`thumb`,`inputtime`,`entitle`,`remark`,`banner`,`recommend`,`goods` FROM `yzn_solution` WHERE  `status` = 1 ORDER BY `listorder`,`id` [ RunTime:0.000381s ]
[ sql ] [ SQL ] SELECT * FROM `yzn_attachment` WHERE  `id` IN (572,573,574) [ RunTime:0.000316s ]
[ sql ] [ SQL ] SELECT * FROM `yzn_attachment` WHERE  `id` IN (594,595,596) [ RunTime:0.000350s ]
[ sql ] [ SQL ] SELECT `id`,`title`,`index_img`,`remark` FROM `yzn_instrument` WHERE  `status` = 1  AND (  FIND_IN_SET(2,`flag`) ) ORDER BY `listorder`,`id` LIMIT 1 [ RunTime:0.000401s ]
[ sql ] [ SQL ] SELECT * FROM `yzn_attachment` WHERE  `id` = 980 [ RunTime:0.000285s ]
[ error ] [8]未定义数组索引: sub[/www/wwwroot/kyd.web.zhongwangyingtong.com/runtime/temp/363bcccb93bfcc3045d4fe1bcf4d9874.php:39]
[ error ] [8]未定义数组索引: sub[/www/wwwroot/kyd.web.zhongwangyingtong.com/runtime/temp/363bcccb93bfcc3045d4fe1bcf4d9874.php:43]
[ error ] [8]未定义数组索引: sub[/www/wwwroot/kyd.web.zhongwangyingtong.com/runtime/temp/363bcccb93bfcc3045d4fe1bcf4d9874.php:39]
[ error ] [8]未定义数组索引: sub[/www/wwwroot/kyd.web.zhongwangyingtong.com/runtime/temp/363bcccb93bfcc3045d4fe1bcf4d9874.php:43]
[ error ] [8]未定义数组索引: sub[/www/wwwroot/kyd.web.zhongwangyingtong.com/runtime/temp/363bcccb93bfcc3045d4fe1bcf4d9874.php:49]
[ error ] [8]未定义数组索引: sub[/www/wwwroot/kyd.web.zhongwangyingtong.com/runtime/temp/363bcccb93bfcc3045d4fe1bcf4d9874.php:49]
[ error ] [8]未定义数组索引: sub[/www/wwwroot/kyd.web.zhongwangyingtong.com/runtime/temp/363bcccb93bfcc3045d4fe1bcf4d9874.php:49]
[ error ] [8]未定义数组索引: sub[/www/wwwroot/kyd.web.zhongwangyingtong.com/runtime/temp/363bcccb93bfcc3045d4fe1bcf4d9874.php:49]
[ error ] [8]未定义数组索引: sub[/www/wwwroot/kyd.web.zhongwangyingtong.com/runtime/temp/363bcccb93bfcc3045d4fe1bcf4d9874.php:49]
[ error ] [8]未定义数组索引: sub[/www/wwwroot/kyd.web.zhongwangyingtong.com/runtime/temp/363bcccb93bfcc3045d4fe1bcf4d9874.php:49]
[ error ] [8]未定义数组索引: sub[/www/wwwroot/kyd.web.zhongwangyingtong.com/runtime/temp/363bcccb93bfcc3045d4fe1bcf4d9874.php:49]
[ error ] [8]未定义数组索引: sub[/www/wwwroot/kyd.web.zhongwangyingtong.com/runtime/temp/363bcccb93bfcc3045d4fe1bcf4d9874.php:49]
[ error ] [8]未定义数组索引: sub[/www/wwwroot/kyd.web.zhongwangyingtong.com/runtime/temp/363bcccb93bfcc3045d4fe1bcf4d9874.php:49]
---------------------------------------------------------------

[2023-02-04T23:59:53+08:00] 106.75.226.119 GET www.coyotebio.com/
[运行时间：0.083669s] [吞吐率：11.95req/s] [内存消耗：5,184.95kb] [文件加载：180]
[ info ] [ LANG ] /www/wwwroot/kyd.web.zhongwangyingtong.com/thinkphp/lang/zh-cn.php
[ info ] [ BIND ] 'index/index'
[ info ] [ ROUTE ] array (
)
[ info ] [ HEADER ] array (
  'accept-encoding' => 'gzip, deflate',
  'accept' => '*/*',
  'accept-language' => 'zh-CN,zh;q=0.9',
  'range' => 'bytes=0-2048',
  'user-agent' => 'Mozilla/5.0 (Windows NT 10.0; Win64; x64) AppleWebKit/537.36 (KHTML, like Gecko) Chrome/78.0.3904.108 Safari/537.36',
  'host' => 'www.coyotebio.com',
  'content-type' => '',
  'content-length' => '',
)
[ info ] [ PARAM ] array (
)
[ info ] [ DB ] INIT mysql
[ info ] [ DB ] INIT mysql
[ info ] [ DB ] INIT mysql
[ info ] [ DB ] INIT mysql
[ info ] [ DB ] INIT mysql
[ info ] [ DB ] INIT mysql
[ info ] [ DB ] INIT mysql
[ info ] [ DB ] INIT mysql
[ info ] [ DB ] INIT mysql
[ info ] [ VIEW ] /www/wwwroot/kyd.web.zhongwangyingtong.com/application/index/view/index/index.html [ array (
  0 => 'mycompany',
  1 => 'menu',
  2 => 'bottom_menu',
  3 => 'seo',
  4 => 'cate',
  5 => 'index',
  6 => 'cooperation',
  7 => 'news',
  8 => 'solution',
  9 => 'instrument',
) ]
[ sql ] [ DB ] CONNECT:[ UseTime:0.000471s ] mysql:host=127.0.0.1;dbname=kyd_web_zhongwan;charset=utf8
[ sql ] [ SQL ] SHOW COLUMNS FROM `yzn_category` [ RunTime:0.003759s ]
[ sql ] [ SQL ] SELECT `id`,`catname`,`url`,`child` FROM `yzn_category` WHERE  `status` = 1  AND `parentid` = 0 ORDER BY `listorder` [ RunTime:0.000422s ]
[ sql ] [ DB ] CONNECT:[ UseTime:0.000339s ] mysql:host=127.0.0.1;dbname=kyd_web_zhongwan;charset=utf8
[ sql ] [ SQL ] SELECT `id`,`catname`,`url` FROM `yzn_category` WHERE  `status` = 1  AND `parentid` = 51 ORDER BY `listorder`,`id` [ RunTime:0.000293s ]
[ sql ] [ DB ] CONNECT:[ UseTime:0.000286s ] mysql:host=127.0.0.1;dbname=kyd_web_zhongwan;charset=utf8
[ sql ] [ SQL ] SHOW COLUMNS FROM `yzn_instrument` [ RunTime:0.002907s ]
[ sql ] [ SQL ] SELECT `id`,`title` FROM `yzn_instrument` WHERE  `status` = 1 ORDER BY `listorder`,`id` [ RunTime:0.000351s ]
[ sql ] [ DB ] CONNECT:[ UseTime:0.000280s ] mysql:host=127.0.0.1;dbname=kyd_web_zhongwan;charset=utf8
[ sql ] [ SQL ] SELECT `id`,`catname`,`url` FROM `yzn_category` WHERE  `status` = 1  AND `parentid` = 47 ORDER BY `listorder`,`id` [ RunTime:0.000308s ]
[ sql ] [ DB ] CONNECT:[ UseTime:0.000262s ] mysql:host=127.0.0.1;dbname=kyd_web_zhongwan;charset=utf8
[ sql ] [ SQL ] SHOW COLUMNS FROM `yzn_reagentclinical` [ RunTime:0.002856s ]
[ sql ] [ SQL ] SELECT `id`,`title` FROM `yzn_reagentclinical` WHERE  `status` = 1  AND `catid` = 48 ORDER BY `listorder`,`id` [ RunTime:0.000361s ]
[ sql ] [ DB ] CONNECT:[ UseTime:0.000304s ] mysql:host=127.0.0.1;dbname=kyd_web_zhongwan;charset=utf8
[ sql ] [ SQL ] SHOW COLUMNS FROM `yzn_solution` [ RunTime:0.002807s ]
[ sql ] [ SQL ] SELECT `id`,title as catname FROM `yzn_solution` WHERE  `status` = 1 ORDER BY `listorder`,`id` [ RunTime:0.000334s ]
[ sql ] [ DB ] CONNECT:[ UseTime:0.000270s ] mysql:host=127.0.0.1;dbname=kyd_web_zhongwan;charset=utf8
[ sql ] [ SQL ] SELECT `id`,`catname`,`url` FROM `yzn_category` WHERE  `status` = 1  AND `parentid` = 30 ORDER BY `listorder`,`id` [ RunTime:0.000330s ]
[ sql ] [ DB ] CONNECT:[ UseTime:0.000257s ] mysql:host=127.0.0.1;dbname=kyd_web_zhongwan;charset=utf8
[ sql ] [ SQL ] SHOW COLUMNS FROM `yzn_mycompany` [ RunTime:0.002811s ]
[ sql ] [ SQL ] SELECT `id`,`title`,`address`,`email`,`phone` FROM `yzn_mycompany` WHERE  `status` = 1 ORDER BY `id` [ RunTime:0.000314s ]
[ sql ] [ DB ] CONNECT:[ UseTime:0.000293s ] mysql:host=127.0.0.1;dbname=kyd_web_zhongwan;charset=utf8
[ sql ] [ SQL ] SELECT `id`,`catname`,`url` FROM `yzn_category` WHERE  `parentid` = 0  AND `bottom_status` = 1 ORDER BY `listorder` [ RunTime:0.000322s ]
[ sql ] [ SQL ] SELECT `id`,`catname`,`image`,`picname`,`subpicname`,`setting`,`description` FROM `yzn_category` WHERE  `id` = 1 LIMIT 1 [ RunTime:0.002908s ]
[ sql ] [ SQL ] SHOW COLUMNS FROM `yzn_attachment` [ RunTime:0.002806s ]
[ sql ] [ SQL ] SELECT * FROM `yzn_attachment` WHERE  `id` = 927 [ RunTime:0.000318s ]
[ sql ] [ SQL ] SHOW COLUMNS FROM `yzn_index` [ RunTime:0.002811s ]
[ sql ] [ SQL ] SELECT * FROM `yzn_index` WHERE  `catid` = 1  AND `status` = 1 ORDER BY `listorder` DESC LIMIT 1 [ RunTime:0.000409s ]
[ sql ] [ SQL ] SELECT * FROM `yzn_attachment` WHERE  `id` = 528 [ RunTime:0.000310s ]
[ sql ] [ SQL ] SELECT * FROM `yzn_attachment` WHERE  `id` = 716 [ RunTime:0.000294s ]
[ sql ] [ SQL ] SHOW COLUMNS FROM `yzn_cooperation` [ RunTime:0.002767s ]
[ sql ] [ SQL ] SELECT `id`,`title`,`linkurl`,`thumb` FROM `yzn_cooperation` WHERE  `status` = 1 ORDER BY `id` [ RunTime:0.000312s ]
[ sql ] [ SQL ] SELECT * FROM `yzn_attachment` WHERE  `id` IN (529,530,531,532,533) [ RunTime:0.000367s ]
[ sql ] [ SQL ] SHOW COLUMNS FROM `yzn_information` [ RunTime:0.002797s ]
[ sql ] [ SQL ] SELECT `id`,`catid`,`title`,`thumb`,`inputtime`,`resume` FROM `yzn_information` WHERE  `status` = 1 ORDER BY `listorder`,`id` DESC LIMIT 3 [ RunTime:0.000833s ]
[ sql ] [ SQL ] SELECT * FROM `yzn_attachment` WHERE  `id` IN (1177,1173,1170) [ RunTime:0.000341s ]
[ sql ] [ SQL ] SELECT `id`,`catid`,`title`,`thumb`,`inputtime`,`entitle`,`remark`,`banner`,`recommend`,`goods` FROM `yzn_solution` WHERE  `status` = 1 ORDER BY `listorder`,`id` [ RunTime:0.000357s ]
[ sql ] [ SQL ] SELECT * FROM `yzn_attachment` WHERE  `id` IN (572,573,574) [ RunTime:0.000337s ]
[ sql ] [ SQL ] SELECT * FROM `yzn_attachment` WHERE  `id` IN (594,595,596) [ RunTime:0.000319s ]
[ sql ] [ SQL ] SELECT `id`,`title`,`index_img`,`remark` FROM `yzn_instrument` WHERE  `status` = 1  AND (  FIND_IN_SET(2,`flag`) ) ORDER BY `listorder`,`id` LIMIT 1 [ RunTime:0.000352s ]
[ sql ] [ SQL ] SELECT * FROM `yzn_attachment` WHERE  `id` = 980 [ RunTime:0.000331s ]
[ error ] [8]未定义数组索引: sub[/www/wwwroot/kyd.web.zhongwangyingtong.com/runtime/temp/363bcccb93bfcc3045d4fe1bcf4d9874.php:39]
[ error ] [8]未定义数组索引: sub[/www/wwwroot/kyd.web.zhongwangyingtong.com/runtime/temp/363bcccb93bfcc3045d4fe1bcf4d9874.php:43]
[ error ] [8]未定义数组索引: sub[/www/wwwroot/kyd.web.zhongwangyingtong.com/runtime/temp/363bcccb93bfcc3045d4fe1bcf4d9874.php:39]
[ error ] [8]未定义数组索引: sub[/www/wwwroot/kyd.web.zhongwangyingtong.com/runtime/temp/363bcccb93bfcc3045d4fe1bcf4d9874.php:43]
[ error ] [8]未定义数组索引: sub[/www/wwwroot/kyd.web.zhongwangyingtong.com/runtime/temp/363bcccb93bfcc3045d4fe1bcf4d9874.php:49]
[ error ] [8]未定义数组索引: sub[/www/wwwroot/kyd.web.zhongwangyingtong.com/runtime/temp/363bcccb93bfcc3045d4fe1bcf4d9874.php:49]
[ error ] [8]未定义数组索引: sub[/www/wwwroot/kyd.web.zhongwangyingtong.com/runtime/temp/363bcccb93bfcc3045d4fe1bcf4d9874.php:49]
[ error ] [8]未定义数组索引: sub[/www/wwwroot/kyd.web.zhongwangyingtong.com/runtime/temp/363bcccb93bfcc3045d4fe1bcf4d9874.php:49]
[ error ] [8]未定义数组索引: sub[/www/wwwroot/kyd.web.zhongwangyingtong.com/runtime/temp/363bcccb93bfcc3045d4fe1bcf4d9874.php:49]
[ error ] [8]未定义数组索引: sub[/www/wwwroot/kyd.web.zhongwangyingtong.com/runtime/temp/363bcccb93bfcc3045d4fe1bcf4d9874.php:49]
[ error ] [8]未定义数组索引: sub[/www/wwwroot/kyd.web.zhongwangyingtong.com/runtime/temp/363bcccb93bfcc3045d4fe1bcf4d9874.php:49]
[ error ] [8]未定义数组索引: sub[/www/wwwroot/kyd.web.zhongwangyingtong.com/runtime/temp/363bcccb93bfcc3045d4fe1bcf4d9874.php:49]
[ error ] [8]未定义数组索引: sub[/www/wwwroot/kyd.web.zhongwangyingtong.com/runtime/temp/363bcccb93bfcc3045d4fe1bcf4d9874.php:49]
---------------------------------------------------------------

[2023-02-04T23:59:55+08:00] 23.91.97.128 GET www.coyotebio.com/
[运行时间：0.081547s] [吞吐率：12.26req/s] [内存消耗：5,184.84kb] [文件加载：180]
[ info ] [ LANG ] /www/wwwroot/kyd.web.zhongwangyingtong.com/thinkphp/lang/zh-cn.php
[ info ] [ BIND ] 'index/index'
[ info ] [ ROUTE ] array (
)
[ info ] [ HEADER ] array (
  'accept-encoding' => 'gzip, deflate',
  'accept' => '*/*',
  'accept-language' => 'zh-CN,zh;q=0.9',
  'range' => 'bytes=0-2048',
  'user-agent' => 'Mozilla/5.0 (Windows NT 10.0; Win64; x64) AppleWebKit/537.36 (KHTML, like Gecko) Chrome/78.0.3904.108 Safari/537.36',
  'host' => 'www.coyotebio.com',
  'content-type' => '',
  'content-length' => '',
)
[ info ] [ PARAM ] array (
)
[ info ] [ DB ] INIT mysql
[ info ] [ DB ] INIT mysql
[ info ] [ DB ] INIT mysql
[ info ] [ DB ] INIT mysql
[ info ] [ DB ] INIT mysql
[ info ] [ DB ] INIT mysql
[ info ] [ DB ] INIT mysql
[ info ] [ DB ] INIT mysql
[ info ] [ DB ] INIT mysql
[ info ] [ VIEW ] /www/wwwroot/kyd.web.zhongwangyingtong.com/application/index/view/index/index.html [ array (
  0 => 'mycompany',
  1 => 'menu',
  2 => 'bottom_menu',
  3 => 'seo',
  4 => 'cate',
  5 => 'index',
  6 => 'cooperation',
  7 => 'news',
  8 => 'solution',
  9 => 'instrument',
) ]
[ sql ] [ DB ] CONNECT:[ UseTime:0.000433s ] mysql:host=127.0.0.1;dbname=kyd_web_zhongwan;charset=utf8
[ sql ] [ SQL ] SHOW COLUMNS FROM `yzn_category` [ RunTime:0.003749s ]
[ sql ] [ SQL ] SELECT `id`,`catname`,`url`,`child` FROM `yzn_category` WHERE  `status` = 1  AND `parentid` = 0 ORDER BY `listorder` [ RunTime:0.000413s ]
[ sql ] [ DB ] CONNECT:[ UseTime:0.000340s ] mysql:host=127.0.0.1;dbname=kyd_web_zhongwan;charset=utf8
[ sql ] [ SQL ] SELECT `id`,`catname`,`url` FROM `yzn_category` WHERE  `status` = 1  AND `parentid` = 51 ORDER BY `listorder`,`id` [ RunTime:0.000296s ]
[ sql ] [ DB ] CONNECT:[ UseTime:0.000270s ] mysql:host=127.0.0.1;dbname=kyd_web_zhongwan;charset=utf8
[ sql ] [ SQL ] SHOW COLUMNS FROM `yzn_instrument` [ RunTime:0.002959s ]
[ sql ] [ SQL ] SELECT `id`,`title` FROM `yzn_instrument` WHERE  `status` = 1 ORDER BY `listorder`,`id` [ RunTime:0.000342s ]
[ sql ] [ DB ] CONNECT:[ UseTime:0.000274s ] mysql:host=127.0.0.1;dbname=kyd_web_zhongwan;charset=utf8
[ sql ] [ SQL ] SELECT `id`,`catname`,`url` FROM `yzn_category` WHERE  `status` = 1  AND `parentid` = 47 ORDER BY `listorder`,`id` [ RunTime:0.000327s ]
[ sql ] [ DB ] CONNECT:[ UseTime:0.000268s ] mysql:host=127.0.0.1;dbname=kyd_web_zhongwan;charset=utf8
[ sql ] [ SQL ] SHOW COLUMNS FROM `yzn_reagentclinical` [ RunTime:0.002867s ]
[ sql ] [ SQL ] SELECT `id`,`title` FROM `yzn_reagentclinical` WHERE  `status` = 1  AND `catid` = 48 ORDER BY `listorder`,`id` [ RunTime:0.000351s ]
[ sql ] [ DB ] CONNECT:[ UseTime:0.000295s ] mysql:host=127.0.0.1;dbname=kyd_web_zhongwan;charset=utf8
[ sql ] [ SQL ] SHOW COLUMNS FROM `yzn_solution` [ RunTime:0.002801s ]
[ sql ] [ SQL ] SELECT `id`,title as catname FROM `yzn_solution` WHERE  `status` = 1 ORDER BY `listorder`,`id` [ RunTime:0.000321s ]
[ sql ] [ DB ] CONNECT:[ UseTime:0.000282s ] mysql:host=127.0.0.1;dbname=kyd_web_zhongwan;charset=utf8
[ sql ] [ SQL ] SELECT `id`,`catname`,`url` FROM `yzn_category` WHERE  `status` = 1  AND `parentid` = 30 ORDER BY `listorder`,`id` [ RunTime:0.000297s ]
[ sql ] [ DB ] CONNECT:[ UseTime:0.000270s ] mysql:host=127.0.0.1;dbname=kyd_web_zhongwan;charset=utf8
[ sql ] [ SQL ] SHOW COLUMNS FROM `yzn_mycompany` [ RunTime:0.002779s ]
[ sql ] [ SQL ] SELECT `id`,`title`,`address`,`email`,`phone` FROM `yzn_mycompany` WHERE  `status` = 1 ORDER BY `id` [ RunTime:0.000319s ]
[ sql ] [ DB ] CONNECT:[ UseTime:0.000291s ] mysql:host=127.0.0.1;dbname=kyd_web_zhongwan;charset=utf8
[ sql ] [ SQL ] SELECT `id`,`catname`,`url` FROM `yzn_category` WHERE  `parentid` = 0  AND `bottom_status` = 1 ORDER BY `listorder` [ RunTime:0.000284s ]
[ sql ] [ SQL ] SELECT `id`,`catname`,`image`,`picname`,`subpicname`,`setting`,`description` FROM `yzn_category` WHERE  `id` = 1 LIMIT 1 [ RunTime:0.000338s ]
[ sql ] [ SQL ] SHOW COLUMNS FROM `yzn_attachment` [ RunTime:0.002869s ]
[ sql ] [ SQL ] SELECT * FROM `yzn_attachment` WHERE  `id` = 927 [ RunTime:0.000320s ]
[ sql ] [ SQL ] SHOW COLUMNS FROM `yzn_index` [ RunTime:0.002768s ]
[ sql ] [ SQL ] SELECT * FROM `yzn_index` WHERE  `catid` = 1  AND `status` = 1 ORDER BY `listorder` DESC LIMIT 1 [ RunTime:0.000403s ]
[ sql ] [ SQL ] SELECT * FROM `yzn_attachment` WHERE  `id` = 528 [ RunTime:0.000315s ]
[ sql ] [ SQL ] SELECT * FROM `yzn_attachment` WHERE  `id` = 716 [ RunTime:0.000301s ]
[ sql ] [ SQL ] SHOW COLUMNS FROM `yzn_cooperation` [ RunTime:0.002767s ]
[ sql ] [ SQL ] SELECT `id`,`title`,`linkurl`,`thumb` FROM `yzn_cooperation` WHERE  `status` = 1 ORDER BY `id` [ RunTime:0.000314s ]
[ sql ] [ SQL ] SELECT * FROM `yzn_attachment` WHERE  `id` IN (529,530,531,532,533) [ RunTime:0.000389s ]
[ sql ] [ SQL ] SHOW COLUMNS FROM `yzn_information` [ RunTime:0.002845s ]
[ sql ] [ SQL ] SELECT `id`,`catid`,`title`,`thumb`,`inputtime`,`resume` FROM `yzn_information` WHERE  `status` = 1 ORDER BY `listorder`,`id` DESC LIMIT 3 [ RunTime:0.000829s ]
[ sql ] [ SQL ] SELECT * FROM `yzn_attachment` WHERE  `id` IN (1177,1173,1170) [ RunTime:0.000336s ]
[ sql ] [ SQL ] SELECT `id`,`catid`,`title`,`thumb`,`inputtime`,`entitle`,`remark`,`banner`,`recommend`,`goods` FROM `yzn_solution` WHERE  `status` = 1 ORDER BY `listorder`,`id` [ RunTime:0.000342s ]
[ sql ] [ SQL ] SELECT * FROM `yzn_attachment` WHERE  `id` IN (572,573,574) [ RunTime:0.000325s ]
[ sql ] [ SQL ] SELECT * FROM `yzn_attachment` WHERE  `id` IN (594,595,596) [ RunTime:0.000362s ]
[ sql ] [ SQL ] SELECT `id`,`title`,`index_img`,`remark` FROM `yzn_instrument` WHERE  `status` = 1  AND (  FIND_IN_SET(2,`flag`) ) ORDER BY `listorder`,`id` LIMIT 1 [ RunTime:0.000539s ]
[ sql ] [ SQL ] SELECT * FROM `yzn_attachment` WHERE  `id` = 980 [ RunTime:0.000284s ]
[ error ] [8]未定义数组索引: sub[/www/wwwroot/kyd.web.zhongwangyingtong.com/runtime/temp/363bcccb93bfcc3045d4fe1bcf4d9874.php:39]
[ error ] [8]未定义数组索引: sub[/www/wwwroot/kyd.web.zhongwangyingtong.com/runtime/temp/363bcccb93bfcc3045d4fe1bcf4d9874.php:43]
[ error ] [8]未定义数组索引: sub[/www/wwwroot/kyd.web.zhongwangyingtong.com/runtime/temp/363bcccb93bfcc3045d4fe1bcf4d9874.php:39]
[ error ] [8]未定义数组索引: sub[/www/wwwroot/kyd.web.zhongwangyingtong.com/runtime/temp/363bcccb93bfcc3045d4fe1bcf4d9874.php:43]
[ error ] [8]未定义数组索引: sub[/www/wwwroot/kyd.web.zhongwangyingtong.com/runtime/temp/363bcccb93bfcc3045d4fe1bcf4d9874.php:49]
[ error ] [8]未定义数组索引: sub[/www/wwwroot/kyd.web.zhongwangyingtong.com/runtime/temp/363bcccb93bfcc3045d4fe1bcf4d9874.php:49]
[ error ] [8]未定义数组索引: sub[/www/wwwroot/kyd.web.zhongwangyingtong.com/runtime/temp/363bcccb93bfcc3045d4fe1bcf4d9874.php:49]
[ error ] [8]未定义数组索引: sub[/www/wwwroot/kyd.web.zhongwangyingtong.com/runtime/temp/363bcccb93bfcc3045d4fe1bcf4d9874.php:49]
[ error ] [8]未定义数组索引: sub[/www/wwwroot/kyd.web.zhongwangyingtong.com/runtime/temp/363bcccb93bfcc3045d4fe1bcf4d9874.php:49]
[ error ] [8]未定义数组索引: sub[/www/wwwroot/kyd.web.zhongwangyingtong.com/runtime/temp/363bcccb93bfcc3045d4fe1bcf4d9874.php:49]
[ error ] [8]未定义数组索引: sub[/www/wwwroot/kyd.web.zhongwangyingtong.com/runtime/temp/363bcccb93bfcc3045d4fe1bcf4d9874.php:49]
[ error ] [8]未定义数组索引: sub[/www/wwwroot/kyd.web.zhongwangyingtong.com/runtime/temp/363bcccb93bfcc3045d4fe1bcf4d9874.php:49]
[ error ] [8]未定义数组索引: sub[/www/wwwroot/kyd.web.zhongwangyingtong.com/runtime/temp/363bcccb93bfcc3045d4fe1bcf4d9874.php:49]
