---------------------------------------------------------------

[2023-02-22T18:28:14+08:00] ::1 GET localhost:8080/reagent.html
[运行时间：0.023211s] [吞吐率：43.08req/s] [内存消耗：1,926.05kb] [文件加载：176]
[ info ] [ LANG ] /Applications/phpstudy/coyotehttpch/thinkphp/lang/zh-cn.php
[ info ] [ ROUTE ] array (
)
[ info ] [ HEADER ] array (
  'cookie' => 'city=null; Hm_lpvt_a8f67055341f98053f02a1eb4e55382a=1627962011; Token=eyJ0eXAiOiJKV1QiLCJhbGciOiJIUzI1NiJ9.eyJpc3MiOiJ3d3cuaml1bmlkdS5jb20iLCJhdWQiOiJsb2NhbGhvc3Q6OTUyOCIsImlhdCI6MTYzMTg5MDQyNCwiZXhwIjoxNjMxODk3NjI0LCJhaWQiOjUzMywidWlkIjoxLCJpZGUiOiIiLCJqdGkiOiI5ZjE2MzU3ZTdmYjcyMmE4MWFkM2QxOTA5ZDU3ODVkYSIsImV4dCI6W119.tXEK19aNR6aY3ZQySSJSHP2_tHmNY7gRmQjia1Yxx3E; ACCESS_TOKEN=4291d7da9005377ec9aec4a71ea837f; vue_admin_template_token=eyJ0eXAiOiJKV1QiLCJhbGciOiJIUzI1NiJ9.eyJpc3MiOiJodHRwczpcL1wvd3d3LmppdW5pZHUuY29tIiwiYXVkIjoiaHR0cHM6XC9cL3N0b3JlLmppdW5pZHUuY29tIiwiaWF0IjoxNjM5NzExOTQ3LCJleHAiOjE2Mzk3MTU1NDcsImFpZCI6NDcsInVpZCI6MSwiaWRlIjoiIiwianRpIjoiNmUwN2E0ZWQ3ZTM2ODkyOWI2YmFmZDFhMTAyNGRkZDAifQ.OzdgvbF_O_dFBj6-1_gs6ts3MqEBXqo-jFsd_GywDXg; Admin-Token=admin-token; userid=1; token=ceshitoken; Idea-14db8b9e=fc44bba6-1711-4667-b839-b4754c1518d0; Idea-b43838f8=883bcbff-0fca-49f0-84bf-84b2b15edc29; Admin-Phone=undefined; sidebarStatus=0; JSESSIONID=434BA564AE216164827E3818AA9BC26F; PHPSESSID=go8a5simsiraol8o3nf81enpjs',
  'accept-language' => 'zh-CN,zh;q=0.9',
  'accept-encoding' => 'gzip, deflate, br',
  'referer' => 'http://localhost:8080/instrument_platform.html',
  'sec-fetch-dest' => 'document',
  'sec-fetch-user' => '?1',
  'sec-fetch-mode' => 'navigate',
  'sec-fetch-site' => 'same-origin',
  'accept' => 'text/html,application/xhtml+xml,application/xml;q=0.9,image/avif,image/webp,image/apng,*/*;q=0.8,application/signed-exchange;v=b3;q=0.9',
  'user-agent' => 'Mozilla/5.0 (Macintosh; Intel Mac OS X 10_13_6) AppleWebKit/537.36 (KHTML, like Gecko) Chrome/109.0.0.0 Safari/537.36',
  'upgrade-insecure-requests' => '1',
  'sec-ch-ua-platform' => '"macOS"',
  'sec-ch-ua-mobile' => '?0',
  'sec-ch-ua' => '"Not_A Brand";v="99", "Google Chrome";v="109", "Chromium";v="109"',
  'connection' => 'close',
  'host' => 'localhost:8080',
)
[ info ] [ PARAM ] array (
  '/reagent_html' => '',
)
[ info ] [ DB ] INIT mysql
[ info ] [ DB ] INIT mysql
[ info ] [ DB ] INIT mysql
[ info ] [ DB ] INIT mysql
[ info ] [ DB ] INIT mysql
[ info ] [ DB ] INIT mysql
[ info ] [ DB ] INIT mysql
[ info ] [ DB ] INIT mysql
[ info ] [ DB ] INIT mysql
[ info ] [ DB ] INIT mysql
[ info ] [ VIEW ] /Applications/phpstudy/coyotehttpch/application/index/view/index/reagent.html [ array (
  0 => 'mycompany',
  1 => 'menu',
  2 => 'bottom_menu',
  3 => 'seo',
  4 => 'cate',
  5 => 'reagent',
  6 => 'reagentdata',
) ]
[ sql ] [ DB ] CONNECT:[ UseTime:0.000551s ] mysql:host=127.0.0.1;dbname=kyd_web_zhongwan;charset=utf8
[ sql ] [ SQL ] SHOW COLUMNS FROM `yzn_category` [ RunTime:0.000943s ]
[ sql ] [ SQL ] SELECT `id`,`catname`,`url`,`child` FROM `yzn_category` WHERE  `status` = 1  AND `parentid` = 0 ORDER BY `listorder` [ RunTime:0.000431s ]
[ sql ] [ DB ] CONNECT:[ UseTime:0.000422s ] mysql:host=127.0.0.1;dbname=kyd_web_zhongwan;charset=utf8
[ sql ] [ SQL ] SELECT `id`,`catname`,`url` FROM `yzn_category` WHERE  `status` = 1  AND `parentid` = 51 ORDER BY `listorder`,`id` [ RunTime:0.000353s ]
[ sql ] [ DB ] CONNECT:[ UseTime:0.000392s ] mysql:host=127.0.0.1;dbname=kyd_web_zhongwan;charset=utf8
[ sql ] [ SQL ] SHOW COLUMNS FROM `yzn_instrument` [ RunTime:0.000776s ]
[ sql ] [ SQL ] SELECT `id`,`title` FROM `yzn_instrument` WHERE  `status` = 1 ORDER BY `listorder`,`id` [ RunTime:0.000318s ]
[ sql ] [ DB ] CONNECT:[ UseTime:0.000428s ] mysql:host=127.0.0.1;dbname=kyd_web_zhongwan;charset=utf8
[ sql ] [ SQL ] SELECT `id`,`catname`,`url` FROM `yzn_category` WHERE  `status` = 1  AND `parentid` = 47 ORDER BY `listorder`,`id` [ RunTime:0.000404s ]
[ sql ] [ DB ] CONNECT:[ UseTime:0.000367s ] mysql:host=127.0.0.1;dbname=kyd_web_zhongwan;charset=utf8
[ sql ] [ SQL ] SHOW COLUMNS FROM `yzn_reagentclinical` [ RunTime:0.000637s ]
[ sql ] [ SQL ] SELECT `id`,`title` FROM `yzn_reagentclinical` WHERE  `status` = 1  AND `catid` = 48 ORDER BY `listorder`,`id` [ RunTime:0.000339s ]
[ sql ] [ DB ] CONNECT:[ UseTime:0.000340s ] mysql:host=127.0.0.1;dbname=kyd_web_zhongwan;charset=utf8
[ sql ] [ SQL ] SELECT `id`,`title` FROM `yzn_reagentclinical` WHERE  `status` = 1  AND `catid` = 65 ORDER BY `listorder`,`id` [ RunTime:0.000285s ]
[ sql ] [ DB ] CONNECT:[ UseTime:0.000283s ] mysql:host=127.0.0.1;dbname=kyd_web_zhongwan;charset=utf8
[ sql ] [ SQL ] SHOW COLUMNS FROM `yzn_solution` [ RunTime:0.000683s ]
[ sql ] [ SQL ] SELECT `id`,title as catname FROM `yzn_solution` WHERE  `status` = 1 ORDER BY `listorder`,`id` [ RunTime:0.000277s ]
[ sql ] [ DB ] CONNECT:[ UseTime:0.000305s ] mysql:host=127.0.0.1;dbname=kyd_web_zhongwan;charset=utf8
[ sql ] [ SQL ] SELECT `id`,`catname`,`url` FROM `yzn_category` WHERE  `status` = 1  AND `parentid` = 30 ORDER BY `listorder`,`id` [ RunTime:0.000339s ]
[ sql ] [ DB ] CONNECT:[ UseTime:0.000299s ] mysql:host=127.0.0.1;dbname=kyd_web_zhongwan;charset=utf8
[ sql ] [ SQL ] SHOW COLUMNS FROM `yzn_mycompany` [ RunTime:0.000613s ]
[ sql ] [ SQL ] SELECT `id`,`title`,`address`,`email`,`phone` FROM `yzn_mycompany` WHERE  `status` = 1 ORDER BY `id` [ RunTime:0.000267s ]
[ sql ] [ DB ] CONNECT:[ UseTime:0.000289s ] mysql:host=127.0.0.1;dbname=kyd_web_zhongwan;charset=utf8
[ sql ] [ SQL ] SELECT `id`,`catname`,`url` FROM `yzn_category` WHERE  `parentid` = 0  AND `bottom_status` = 1 ORDER BY `listorder` [ RunTime:0.000289s ]
[ sql ] [ SQL ] SELECT `id`,`parentid`,`catname`,`image`,`picname`,`subpicname`,`setting`,`description` FROM `yzn_category` WHERE  `id` = 47 LIMIT 1 [ RunTime:0.000248s ]
[ sql ] [ SQL ] SHOW COLUMNS FROM `yzn_attachment` [ RunTime:0.000554s ]
[ sql ] [ SQL ] SELECT * FROM `yzn_attachment` WHERE  `id` = 699 [ RunTime:0.000255s ]
[ sql ] [ SQL ] SHOW COLUMNS FROM `yzn_reagent` [ RunTime:0.000561s ]
[ sql ] [ SQL ] SELECT * FROM `yzn_reagent` LIMIT 1 [ RunTime:0.000262s ]
[ sql ] [ SQL ] SELECT * FROM `yzn_attachment` WHERE  `id` = 579 [ RunTime:0.000271s ]
[ sql ] [ SQL ] SELECT * FROM `yzn_attachment` WHERE  `id` = 580 [ RunTime:0.000240s ]
[ sql ] [ SQL ] SELECT * FROM `yzn_reagentclinical` WHERE  `status` = 1  AND `catid` = 48 ORDER BY `listorder`,`id` [ RunTime:0.000360s ]
[ sql ] [ SQL ] SELECT * FROM `yzn_attachment` WHERE  `id` IN (1179,585) [ RunTime:0.000290s ]
[ sql ] [ SQL ] SELECT * FROM `yzn_attachment` WHERE  `id` IN (584,587,588,586,637) [ RunTime:0.000297s ]
[ error ] [8]未定义数组索引: sub[/Applications/phpstudy/coyotehttpch/runtime/temp/1575e5fbae158f5dce5cfc768300af36.php:31]
[ error ] [8]未定义数组索引: sub[/Applications/phpstudy/coyotehttpch/runtime/temp/1575e5fbae158f5dce5cfc768300af36.php:35]
[ error ] [8]未定义数组索引: sub[/Applications/phpstudy/coyotehttpch/runtime/temp/1575e5fbae158f5dce5cfc768300af36.php:31]
[ error ] [8]未定义数组索引: sub[/Applications/phpstudy/coyotehttpch/runtime/temp/1575e5fbae158f5dce5cfc768300af36.php:35]
[ error ] [8]未定义数组索引: sub[/Applications/phpstudy/coyotehttpch/runtime/temp/1575e5fbae158f5dce5cfc768300af36.php:41]
[ error ] [8]未定义数组索引: sub[/Applications/phpstudy/coyotehttpch/runtime/temp/1575e5fbae158f5dce5cfc768300af36.php:41]
[ error ] [8]未定义数组索引: sub[/Applications/phpstudy/coyotehttpch/runtime/temp/1575e5fbae158f5dce5cfc768300af36.php:41]
[ error ] [8]未定义数组索引: sub[/Applications/phpstudy/coyotehttpch/runtime/temp/1575e5fbae158f5dce5cfc768300af36.php:41]
[ error ] [8]未定义数组索引: sub[/Applications/phpstudy/coyotehttpch/runtime/temp/1575e5fbae158f5dce5cfc768300af36.php:41]
[ error ] [8]未定义数组索引: sub[/Applications/phpstudy/coyotehttpch/runtime/temp/1575e5fbae158f5dce5cfc768300af36.php:41]
[ error ] [8]未定义数组索引: sub[/Applications/phpstudy/coyotehttpch/runtime/temp/1575e5fbae158f5dce5cfc768300af36.php:41]
[ error ] [8]未定义数组索引: sub[/Applications/phpstudy/coyotehttpch/runtime/temp/1575e5fbae158f5dce5cfc768300af36.php:41]
[ error ] [8]未定义数组索引: sub[/Applications/phpstudy/coyotehttpch/runtime/temp/1575e5fbae158f5dce5cfc768300af36.php:41]
---------------------------------------------------------------

[2023-02-22T18:31:06+08:00] ::1 GET localhost:8080/phpMyAdmin4.8.5/db_structure.php?server=1&db=kyd_web_zhongwan
[运行时间：0.022375s] [吞吐率：44.69req/s] [内存消耗：1,670.47kb] [文件加载：158]
[ info ] [ LANG ] /Applications/phpstudy/coyotehttpch/thinkphp/lang/zh-cn.php
[ info ] [ ROUTE ] array (
)
[ info ] [ HEADER ] array (
  'connection' => 'close',
  'accept-encoding' => 'gzip, deflate',
  'accept-language' => 'zh-cn',
  'user-agent' => 'Mozilla/5.0 (Macintosh; Intel Mac OS X 10_13_6) AppleWebKit/605.1.15 (KHTML, like Gecko) Version/13.1.2 Safari/605.1.15',
  'cookie' => 'phpMyAdmin=ertf8icet1a9d75d7qmeukqvrr; pmaAuth-1=%7B%22iv%22%3A%22yyt030MR%2BwVCCZQhdQJ3MA%3D%3D%22%2C%22mac%22%3A%22d9d980a7a4e2d182fedb331ea723d791d42f32b8%22%2C%22payload%22%3A%22qjWiUlxR2rti%5C%2FDbIF1yYn%5C%2FZIaQZpjmoMq4xdikz3fAU%3D%22%7D; pmaUser-1=%7B%22iv%22%3A%22utr56jukjgZt2XeoYflmvA%3D%3D%22%2C%22mac%22%3A%229a65843b2c74b80584f2953969bb5d44e6cd2a7d%22%2C%22payload%22%3A%22eMLWu1yWcBbdQyvik5DqvlZoI77CNShIxRTViohT%5C%2FSU%3D%22%7D; auto_saved_sql_sort=; pma_lang=zh_CN',
  'upgrade-insecure-requests' => '1',
  'accept' => 'text/html,application/xhtml+xml,application/xml;q=0.9,*/*;q=0.8',
  'host' => 'localhost:8080',
)
[ info ] [ PARAM ] array (
  '/phpMyAdmin4_8_5/db_structure_php' => '',
  'server' => '1',
  'db' => 'kyd_web_zhongwan',
)
[ info ] [ DB ] INIT mysql
[ info ] [ DB ] INIT mysql
[ info ] [ DB ] INIT mysql
[ info ] [ DB ] INIT mysql
[ info ] [ DB ] INIT mysql
[ info ] [ DB ] INIT mysql
[ info ] [ DB ] INIT mysql
[ info ] [ DB ] INIT mysql
[ info ] [ DB ] INIT mysql
[ info ] [ DB ] INIT mysql
[ sql ] [ DB ] CONNECT:[ UseTime:0.000549s ] mysql:host=127.0.0.1;dbname=kyd_web_zhongwan;charset=utf8
[ sql ] [ SQL ] SHOW COLUMNS FROM `yzn_category` [ RunTime:0.000656s ]
[ sql ] [ SQL ] SELECT `id`,`catname`,`url`,`child` FROM `yzn_category` WHERE  `status` = 1  AND `parentid` = 0 ORDER BY `listorder` [ RunTime:0.000399s ]
[ sql ] [ DB ] CONNECT:[ UseTime:0.000469s ] mysql:host=127.0.0.1;dbname=kyd_web_zhongwan;charset=utf8
[ sql ] [ SQL ] SELECT `id`,`catname`,`url` FROM `yzn_category` WHERE  `status` = 1  AND `parentid` = 51 ORDER BY `listorder`,`id` [ RunTime:0.000439s ]
[ sql ] [ DB ] CONNECT:[ UseTime:0.000432s ] mysql:host=127.0.0.1;dbname=kyd_web_zhongwan;charset=utf8
[ sql ] [ SQL ] SHOW COLUMNS FROM `yzn_instrument` [ RunTime:0.000755s ]
[ sql ] [ SQL ] SELECT `id`,`title` FROM `yzn_instrument` WHERE  `status` = 1 ORDER BY `listorder`,`id` [ RunTime:0.000376s ]
[ sql ] [ DB ] CONNECT:[ UseTime:0.000357s ] mysql:host=127.0.0.1;dbname=kyd_web_zhongwan;charset=utf8
[ sql ] [ SQL ] SELECT `id`,`catname`,`url` FROM `yzn_category` WHERE  `status` = 1  AND `parentid` = 47 ORDER BY `listorder`,`id` [ RunTime:0.000389s ]
[ sql ] [ DB ] CONNECT:[ UseTime:0.000416s ] mysql:host=127.0.0.1;dbname=kyd_web_zhongwan;charset=utf8
[ sql ] [ SQL ] SHOW COLUMNS FROM `yzn_reagentclinical` [ RunTime:0.000726s ]
[ sql ] [ SQL ] SELECT `id`,`title` FROM `yzn_reagentclinical` WHERE  `status` = 1  AND `catid` = 48 ORDER BY `listorder`,`id` [ RunTime:0.000379s ]
[ sql ] [ DB ] CONNECT:[ UseTime:0.000338s ] mysql:host=127.0.0.1;dbname=kyd_web_zhongwan;charset=utf8
[ sql ] [ SQL ] SELECT `id`,`title` FROM `yzn_reagentclinical` WHERE  `status` = 1  AND `catid` = 65 ORDER BY `listorder`,`id` [ RunTime:0.000351s ]
[ sql ] [ DB ] CONNECT:[ UseTime:0.000312s ] mysql:host=127.0.0.1;dbname=kyd_web_zhongwan;charset=utf8
[ sql ] [ SQL ] SHOW COLUMNS FROM `yzn_solution` [ RunTime:0.000617s ]
[ sql ] [ SQL ] SELECT `id`,title as catname FROM `yzn_solution` WHERE  `status` = 1 ORDER BY `listorder`,`id` [ RunTime:0.000299s ]
[ sql ] [ DB ] CONNECT:[ UseTime:0.000342s ] mysql:host=127.0.0.1;dbname=kyd_web_zhongwan;charset=utf8
[ sql ] [ SQL ] SELECT `id`,`catname`,`url` FROM `yzn_category` WHERE  `status` = 1  AND `parentid` = 30 ORDER BY `listorder`,`id` [ RunTime:0.000345s ]
[ sql ] [ DB ] CONNECT:[ UseTime:0.000302s ] mysql:host=127.0.0.1;dbname=kyd_web_zhongwan;charset=utf8
[ sql ] [ SQL ] SHOW COLUMNS FROM `yzn_mycompany` [ RunTime:0.000585s ]
[ sql ] [ SQL ] SELECT `id`,`title`,`address`,`email`,`phone` FROM `yzn_mycompany` WHERE  `status` = 1 ORDER BY `id` [ RunTime:0.000265s ]
[ sql ] [ DB ] CONNECT:[ UseTime:0.000269s ] mysql:host=127.0.0.1;dbname=kyd_web_zhongwan;charset=utf8
[ sql ] [ SQL ] SELECT `id`,`catname`,`url` FROM `yzn_category` WHERE  `parentid` = 0  AND `bottom_status` = 1 ORDER BY `listorder` [ RunTime:0.000276s ]
[ error ] [8]未定义数组索引: phpmyadmin4.8.5[/Applications/phpstudy/coyotehttpch/application/index/controller/Common.php:74]
[ error ] [8]未定义数组索引: phpmyadmin4.8.5[/Applications/phpstudy/coyotehttpch/application/index/controller/Common.php:74]
[ error ] [8]未定义数组索引: phpmyadmin4.8.5[/Applications/phpstudy/coyotehttpch/application/index/controller/Common.php:74]
[ error ] [8]未定义数组索引: phpmyadmin4.8.5[/Applications/phpstudy/coyotehttpch/application/index/controller/Common.php:74]
[ error ] [8]未定义数组索引: phpmyadmin4.8.5[/Applications/phpstudy/coyotehttpch/application/index/controller/Common.php:74]
[ error ] [8]未定义数组索引: phpmyadmin4.8.5[/Applications/phpstudy/coyotehttpch/application/index/controller/Common.php:74]
---------------------------------------------------------------

[2023-02-22T18:31:06+08:00] ::1 GET localhost:8080/phpMyAdmin4.8.5/db_structure.php?server=1&db=kyd_web_zhongwan
[运行时间：0.017195s] [吞吐率：58.16req/s] [内存消耗：1,670.38kb] [文件加载：158]
[ info ] [ LANG ] /Applications/phpstudy/coyotehttpch/thinkphp/lang/zh-cn.php
[ info ] [ ROUTE ] array (
)
[ info ] [ HEADER ] array (
  'connection' => 'close',
  'accept-encoding' => 'gzip, deflate',
  'accept-language' => 'zh-cn',
  'user-agent' => 'Mozilla/5.0 (Macintosh; Intel Mac OS X 10_13_6) AppleWebKit/605.1.15 (KHTML, like Gecko) Version/13.1.2 Safari/605.1.15',
  'cookie' => 'phpMyAdmin=ertf8icet1a9d75d7qmeukqvrr; pmaAuth-1=%7B%22iv%22%3A%22yyt030MR%2BwVCCZQhdQJ3MA%3D%3D%22%2C%22mac%22%3A%22d9d980a7a4e2d182fedb331ea723d791d42f32b8%22%2C%22payload%22%3A%22qjWiUlxR2rti%5C%2FDbIF1yYn%5C%2FZIaQZpjmoMq4xdikz3fAU%3D%22%7D; pmaUser-1=%7B%22iv%22%3A%22utr56jukjgZt2XeoYflmvA%3D%3D%22%2C%22mac%22%3A%229a65843b2c74b80584f2953969bb5d44e6cd2a7d%22%2C%22payload%22%3A%22eMLWu1yWcBbdQyvik5DqvlZoI77CNShIxRTViohT%5C%2FSU%3D%22%7D; auto_saved_sql_sort=; pma_lang=zh_CN',
  'upgrade-insecure-requests' => '1',
  'accept' => 'text/html,application/xhtml+xml,application/xml;q=0.9,*/*;q=0.8',
  'host' => 'localhost:8080',
)
[ info ] [ PARAM ] array (
  '/phpMyAdmin4_8_5/db_structure_php' => '',
  'server' => '1',
  'db' => 'kyd_web_zhongwan',
)
[ info ] [ DB ] INIT mysql
[ info ] [ DB ] INIT mysql
[ info ] [ DB ] INIT mysql
[ info ] [ DB ] INIT mysql
[ info ] [ DB ] INIT mysql
[ info ] [ DB ] INIT mysql
[ info ] [ DB ] INIT mysql
[ info ] [ DB ] INIT mysql
[ info ] [ DB ] INIT mysql
[ info ] [ DB ] INIT mysql
[ sql ] [ DB ] CONNECT:[ UseTime:0.000457s ] mysql:host=127.0.0.1;dbname=kyd_web_zhongwan;charset=utf8
[ sql ] [ SQL ] SHOW COLUMNS FROM `yzn_category` [ RunTime:0.000629s ]
[ sql ] [ SQL ] SELECT `id`,`catname`,`url`,`child` FROM `yzn_category` WHERE  `status` = 1  AND `parentid` = 0 ORDER BY `listorder` [ RunTime:0.000376s ]
[ sql ] [ DB ] CONNECT:[ UseTime:0.000341s ] mysql:host=127.0.0.1;dbname=kyd_web_zhongwan;charset=utf8
[ sql ] [ SQL ] SELECT `id`,`catname`,`url` FROM `yzn_category` WHERE  `status` = 1  AND `parentid` = 51 ORDER BY `listorder`,`id` [ RunTime:0.000346s ]
[ sql ] [ DB ] CONNECT:[ UseTime:0.000351s ] mysql:host=127.0.0.1;dbname=kyd_web_zhongwan;charset=utf8
[ sql ] [ SQL ] SHOW COLUMNS FROM `yzn_instrument` [ RunTime:0.000622s ]
[ sql ] [ SQL ] SELECT `id`,`title` FROM `yzn_instrument` WHERE  `status` = 1 ORDER BY `listorder`,`id` [ RunTime:0.000343s ]
[ sql ] [ DB ] CONNECT:[ UseTime:0.000394s ] mysql:host=127.0.0.1;dbname=kyd_web_zhongwan;charset=utf8
[ sql ] [ SQL ] SELECT `id`,`catname`,`url` FROM `yzn_category` WHERE  `status` = 1  AND `parentid` = 47 ORDER BY `listorder`,`id` [ RunTime:0.000351s ]
[ sql ] [ DB ] CONNECT:[ UseTime:0.000391s ] mysql:host=127.0.0.1;dbname=kyd_web_zhongwan;charset=utf8
[ sql ] [ SQL ] SHOW COLUMNS FROM `yzn_reagentclinical` [ RunTime:0.001037s ]
[ sql ] [ SQL ] SELECT `id`,`title` FROM `yzn_reagentclinical` WHERE  `status` = 1  AND `catid` = 48 ORDER BY `listorder`,`id` [ RunTime:0.000413s ]
[ sql ] [ DB ] CONNECT:[ UseTime:0.000419s ] mysql:host=127.0.0.1;dbname=kyd_web_zhongwan;charset=utf8
[ sql ] [ SQL ] SELECT `id`,`title` FROM `yzn_reagentclinical` WHERE  `status` = 1  AND `catid` = 65 ORDER BY `listorder`,`id` [ RunTime:0.000343s ]
[ sql ] [ DB ] CONNECT:[ UseTime:0.000315s ] mysql:host=127.0.0.1;dbname=kyd_web_zhongwan;charset=utf8
[ sql ] [ SQL ] SHOW COLUMNS FROM `yzn_solution` [ RunTime:0.000539s ]
[ sql ] [ SQL ] SELECT `id`,title as catname FROM `yzn_solution` WHERE  `status` = 1 ORDER BY `listorder`,`id` [ RunTime:0.000311s ]
[ sql ] [ DB ] CONNECT:[ UseTime:0.000334s ] mysql:host=127.0.0.1;dbname=kyd_web_zhongwan;charset=utf8
[ sql ] [ SQL ] SELECT `id`,`catname`,`url` FROM `yzn_category` WHERE  `status` = 1  AND `parentid` = 30 ORDER BY `listorder`,`id` [ RunTime:0.000366s ]
[ sql ] [ DB ] CONNECT:[ UseTime:0.000367s ] mysql:host=127.0.0.1;dbname=kyd_web_zhongwan;charset=utf8
[ sql ] [ SQL ] SHOW COLUMNS FROM `yzn_mycompany` [ RunTime:0.000671s ]
[ sql ] [ SQL ] SELECT `id`,`title`,`address`,`email`,`phone` FROM `yzn_mycompany` WHERE  `status` = 1 ORDER BY `id` [ RunTime:0.000338s ]
[ sql ] [ DB ] CONNECT:[ UseTime:0.000302s ] mysql:host=127.0.0.1;dbname=kyd_web_zhongwan;charset=utf8
[ sql ] [ SQL ] SELECT `id`,`catname`,`url` FROM `yzn_category` WHERE  `parentid` = 0  AND `bottom_status` = 1 ORDER BY `listorder` [ RunTime:0.000297s ]
[ error ] [8]未定义数组索引: phpmyadmin4.8.5[/Applications/phpstudy/coyotehttpch/application/index/controller/Common.php:74]
[ error ] [8]未定义数组索引: phpmyadmin4.8.5[/Applications/phpstudy/coyotehttpch/application/index/controller/Common.php:74]
[ error ] [8]未定义数组索引: phpmyadmin4.8.5[/Applications/phpstudy/coyotehttpch/application/index/controller/Common.php:74]
[ error ] [8]未定义数组索引: phpmyadmin4.8.5[/Applications/phpstudy/coyotehttpch/application/index/controller/Common.php:74]
[ error ] [8]未定义数组索引: phpmyadmin4.8.5[/Applications/phpstudy/coyotehttpch/application/index/controller/Common.php:74]
[ error ] [8]未定义数组索引: phpmyadmin4.8.5[/Applications/phpstudy/coyotehttpch/application/index/controller/Common.php:74]
